#
# There is insufficient memory for the Java Runtime Environment to continue.
# Native memory allocation (mmap) failed to map 65536 bytes for Failed to commit metaspace.
# Possible reasons:
#   The system is out of physical RAM or swap space
#   The process is running with CompressedOops enabled, and the Java Heap may be blocking the growth of the native heap
# Possible solutions:
#   Reduce memory load on the system
#   Increase physical memory or swap space
#   Check if swap backing store is full
#   Decrease Java heap size (-Xmx/-Xms)
#   Decrease number of Java threads
#   Decrease Java thread stack sizes (-Xss)
#   Set larger code cache with -XX:ReservedCodeCacheSize=
#   JVM is running with Unscaled Compressed Oops mode in which the Java heap is
#     placed in the first 4GB address space. The Java Heap base address is the
#     maximum limit for the native heap growth. Please use -XX:HeapBaseMinAddress
#     to set the Java Heap base and to place the Java Heap above 4GB virtual address.
# This output file may be truncated or incomplete.
#
#  Out of Memory Error (virtualSpaceNode.cpp:110), pid=11632, tid=15380
#
# JRE version: OpenJDK Runtime Environment Temurin-17.0.10+7 (17.0.10+7) (build 17.0.10+7)
# Java VM: OpenJDK 64-Bit Server VM Temurin-17.0.10+7 (17.0.10+7, mixed mode, tiered, compressed oops, compressed class ptrs, parallel gc, windows-amd64)
# No core dump will be written. Minidumps are not enabled by default on client versions of Windows
#

---------------  S U M M A R Y ------------

Command Line: --add-modules=ALL-SYSTEM --add-opens=java.base/java.util=ALL-UNNAMED --add-opens=java.base/java.lang=ALL-UNNAMED --add-opens=java.base/sun.nio.fs=ALL-UNNAMED -Declipse.application=org.eclipse.jdt.ls.core.id1 -Dosgi.bundles.defaultStartLevel=4 -Declipse.product=org.eclipse.jdt.ls.core.product -Djava.import.generatesMetadataFilesAtProjectRoot=false -DDetectVMInstallationsJob.disabled=true -Dfile.encoding=utf8 -XX:+UseParallelGC -XX:GCTimeRatio=4 -XX:AdaptiveSizePolicyWeight=90 -Dsun.zip.disableMemoryMapping=true -Xmx1G -Xms100m -Xlog:disable -javaagent:c:\Users\ELIANA\.vscode\extensions\redhat.java-1.28.1-win32-x64\lombok\lombok-1.18.31.jar c:\Users\ELIANA\.vscode\extensions\redhat.java-1.28.1-win32-x64\server\plugins\org.eclipse.equinox.launcher_1.6.700.v20231214-2017.jar -configuration c:\Users\ELIANA\AppData\Roaming\Code\User\globalStorage\redhat.java\1.28.1\config_ss_win -data c:\Users\ELIANA\AppData\Roaming\Code\User\workspaceStorage\22f80c69744dfe1009ff59844c673f69\redhat.java\ss_ws --stdio

Host: Intel(R) Core(TM) i5-10300H CPU @ 2.50GHz, 8 cores, 15G,  Windows 11 , 64 bit Build 22621 (10.0.22621.3085)
Time: Wed Feb 28 18:00:22 2024 Hora est. Pacífico, Sudamérica elapsed time: 0.749478 seconds (0d 0h 0m 0s)

---------------  T H R E A D  ---------------

Current thread (0x000001e9697536a0):  JavaThread "main" [_thread_in_vm, id=15380, stack(0x0000000499000000,0x0000000499100000)]

Stack: [0x0000000499000000,0x0000000499100000]
Native frames: (J=compiled Java code, j=interpreted, Vv=VM code, C=native code)
V  [jvm.dll+0x67d2c9]
V  [jvm.dll+0x834afa]
V  [jvm.dll+0x8365be]
V  [jvm.dll+0x836c23]
V  [jvm.dll+0x2477ff]
V  [jvm.dll+0x8307bb]
V  [jvm.dll+0x621d16]
V  [jvm.dll+0x621d7a]
V  [jvm.dll+0x6245aa]
V  [jvm.dll+0x6226b6]
V  [jvm.dll+0x23bd4f]
V  [jvm.dll+0x62c565]
V  [jvm.dll+0x1eb80b]
V  [jvm.dll+0x1ebd45]
V  [jvm.dll+0x1ec800]
V  [jvm.dll+0x1e1c01]
V  [jvm.dll+0x5427ce]
V  [jvm.dll+0x1f2647]
V  [jvm.dll+0x7adf9b]
V  [jvm.dll+0x7af36c]
V  [jvm.dll+0x7af6b8]
V  [jvm.dll+0x23face]
V  [jvm.dll+0x38260e]
C  0x000001e97391ae05

The last pc belongs to new (printed below).
Java frames: (J=compiled Java code, j=interpreted, Vv=VM code)
j  sun.security.x509.CertificateExtensions.<init>(Lsun/security/util/DerInputStream;)V+5 java.base@17.0.10
j  sun.security.x509.X509CertInfo.parse(Lsun/security/util/DerValue;)V+335 java.base@17.0.10
j  sun.security.x509.X509CertInfo.<init>(Lsun/security/util/DerValue;)V+67 java.base@17.0.10
j  sun.security.x509.X509CertImpl.parse(Lsun/security/util/DerValue;)V+228 java.base@17.0.10
j  sun.security.x509.X509CertImpl.<init>([B)V+50 java.base@17.0.10
j  sun.security.provider.X509Factory.engineGenerateCertificate(Ljava/io/InputStream;)Ljava/security/cert/Certificate;+54 java.base@17.0.10
j  java.security.cert.CertificateFactory.generateCertificate(Ljava/io/InputStream;)Ljava/security/cert/Certificate;+5 java.base@17.0.10
j  sun.security.pkcs.PKCS7.parseSignedData(Lsun/security/util/DerValue;)V+264 java.base@17.0.10
j  sun.security.pkcs.PKCS7.parse(Lsun/security/util/DerInputStream;Z)V+40 java.base@17.0.10
j  sun.security.pkcs.PKCS7.parse(Lsun/security/util/DerInputStream;)V+11 java.base@17.0.10
j  sun.security.pkcs.PKCS7.<init>([B)V+50 java.base@17.0.10
j  sun.security.util.SignatureFileVerifier.<init>(Ljava/util/ArrayList;Lsun/security/util/ManifestDigester;Ljava/lang/String;[B)V+40 java.base@17.0.10
j  java.util.jar.JarVerifier.processEntry(Lsun/security/util/ManifestEntryVerifier;)V+322 java.base@17.0.10
j  java.util.jar.JarVerifier.update(I[BIILsun/security/util/ManifestEntryVerifier;)V+39 java.base@17.0.10
j  java.util.jar.JarFile.initializeVerifier()V+163 java.base@17.0.10
j  java.util.jar.JarFile.ensureInitialization()V+41 java.base@17.0.10
j  java.util.jar.JavaUtilJarAccessImpl.ensureInitialization(Ljava/util/jar/JarFile;)V+1 java.base@17.0.10
j  jdk.internal.loader.URLClassPath$JarLoader$2.getManifest()Ljava/util/jar/Manifest;+10 java.base@17.0.10
j  jdk.internal.loader.BuiltinClassLoader.defineClass(Ljava/lang/String;Ljdk/internal/loader/Resource;)Ljava/lang/Class;+29 java.base@17.0.10
j  jdk.internal.loader.BuiltinClassLoader.findClassOnClassPathOrNull(Ljava/lang/String;)Ljava/lang/Class;+37 java.base@17.0.10
j  jdk.internal.loader.BuiltinClassLoader.loadClassOrNull(Ljava/lang/String;Z)Ljava/lang/Class;+111 java.base@17.0.10
j  jdk.internal.loader.BuiltinClassLoader.loadClass(Ljava/lang/String;Z)Ljava/lang/Class;+3 java.base@17.0.10
j  jdk.internal.loader.ClassLoaders$AppClassLoader.loadClass(Ljava/lang/String;Z)Ljava/lang/Class;+36 java.base@17.0.10
j  java.lang.ClassLoader.loadClass(Ljava/lang/String;)Ljava/lang/Class;+3 java.base@17.0.10
v  ~StubRoutines::call_stub
j  java.lang.Class.forName0(Ljava/lang/String;ZLjava/lang/ClassLoader;Ljava/lang/Class;)Ljava/lang/Class;+0 java.base@17.0.10
j  java.lang.Class.forName(Ljava/lang/String;ZLjava/lang/ClassLoader;)Ljava/lang/Class;+43 java.base@17.0.10
j  sun.launcher.LauncherHelper.loadMainClass(ILjava/lang/String;)Ljava/lang/Class;+95 java.base@17.0.10
j  sun.launcher.LauncherHelper.checkAndLoadMain(ZILjava/lang/String;)Ljava/lang/Class;+42 java.base@17.0.10
v  ~StubRoutines::call_stub
new  187 new  [0x000001e97391ac80, 0x000001e97391aea0]  544 bytes
[MachCode]
  0x000001e97391ac80: 4883 ec08 | c5fa 1104 | 24eb 1f48 | 83ec 10c5 | fb11 0424 | eb14 4883 | ec10 4889 | 0424 48c7 
  0x000001e97391aca0: 4424 0800 | 0000 00eb | 0150 410f | b755 010f | cac1 ea10 | 488b 4de8 | 488b 4908 | 488b 4908 
  0x000001e97391acc0: 488b 4108 | 807c 1004 | 070f 85d6 | 0000 0066 | 8b54 d148 | 488b 4928 | 488b 4cd1 | 0851 80b9 
  0x000001e97391ace0: 3301 0000 | 040f 85b9 | 0000 008b | 5108 f7c2 | 0100 0000 | 0f85 aa00 | 0000 498b | 8708 0100 
  0x000001e97391ad00: 0048 8d1c | 1049 3b9f | 1801 0000 | 0f87 9200 | 0000 4989 | 9f08 0100 | 00e9 0000 | 0000 4883 
  0x000001e97391ad20: ea10 0f84 | 0f00 0000 | 33c9 c1ea | 0348 894c | d008 48ff | ca75 f648 | c700 0100 | 0000 5933 
  0x000001e97391ad40: f689 700c | 48c1 e903 | 8948 0849 | ba7a 359f | f2fa 7f00 | 0041 803a | 000f 8440 | 0000 0050 
  0x000001e97391ad60: 488b c848 | 83ec 20f7 | c40f 0000 | 000f 841a | 0000 0048 | 83ec 0849 | ba20 3055 | f2fa 7f00 
  0x000001e97391ad80: 0041 ffd2 | 4883 c408 | e90d 0000 | 0049 ba20 | 3055 f2fa | 7f00 0041 | ffd2 4883 | c420 58e9 
  0x000001e97391ada0: cd00 0000 | 5948 8b55 | e848 8b52 | 0848 8b52 | 0845 0fb7 | 4501 410f | c841 c1e8 | 10e8 0500 
  0x000001e97391adc0: 0000 e9aa | 0000 0048 | 8d44 2408 | 4c89 6dc0 | 498b cfc5 | f877 4989 | afa8 0200 | 0049 8987 
  0x000001e97391ade0: 9802 0000 | 4883 ec20 | f7c4 0f00 | 0000 0f84 | 1a00 0000 | 4883 ec08 | 49ba c025 | 1ff2 fa7f 
  0x000001e97391ae00: 0000 41ff | d248 83c4 | 08e9 0d00 | 0000 49ba | c025 1ff2 | fa7f 0000 | 41ff d248 | 83c4 2049 
  0x000001e97391ae20: c787 9802 | 0000 0000 | 0000 49c7 | 87a8 0200 | 0000 0000 | 0049 c787 | a002 0000 | 0000 0000 
  0x000001e97391ae40: c5f8 7749 | 817f 0800 | 0000 000f | 8405 0000 | 00e9 aa60 | feff 498b | 87f0 0200 | 0049 c787 
  0x000001e97391ae60: f002 0000 | 0000 0000 | 4c8b 6dc0 | 4c8b 75c8 | c341 0fb6 | 5d03 4983 | c503 49ba | 90a1 a1f2 
  0x000001e97391ae80: fa7f 0000 | 41ff 24da | 0000 0000 | 0000 0000 | 0000 0000 | 0000 0000 | 0000 0000 | 0000 0000 
[/MachCode]

---------------  P R O C E S S  ---------------

Threads class SMR info:
_java_thread_list=0x000001e97e9a2580, length=13, elements={
0x000001e9697536a0, 0x000001e97d5c6a90, 0x000001e97d5c81d0, 0x000001e97e635c90,
0x000001e97e638830, 0x000001e97e63b4d0, 0x000001e97e63cdb0, 0x000001e97e63e200,
0x000001e97e64b220, 0x000001e97e6577c0, 0x000001e97e771540, 0x000001e97e90c330,
0x000001e97e9b1a40
}

Java Threads: ( => current thread )
=>0x000001e9697536a0 JavaThread "main" [_thread_in_vm, id=15380, stack(0x0000000499000000,0x0000000499100000)]
  0x000001e97d5c6a90 JavaThread "Reference Handler" daemon [_thread_blocked, id=19580, stack(0x0000000499300000,0x0000000499400000)]
  0x000001e97d5c81d0 JavaThread "Finalizer" daemon [_thread_blocked, id=17972, stack(0x0000000499400000,0x0000000499500000)]
  0x000001e97e635c90 JavaThread "Signal Dispatcher" daemon [_thread_blocked, id=12228, stack(0x0000000499500000,0x0000000499600000)]
  0x000001e97e638830 JavaThread "Attach Listener" daemon [_thread_blocked, id=420, stack(0x0000000499600000,0x0000000499700000)]
  0x000001e97e63b4d0 JavaThread "Service Thread" daemon [_thread_blocked, id=11308, stack(0x0000000499700000,0x0000000499800000)]
  0x000001e97e63cdb0 JavaThread "Monitor Deflation Thread" daemon [_thread_blocked, id=17924, stack(0x0000000499800000,0x0000000499900000)]
  0x000001e97e63e200 JavaThread "C2 CompilerThread0" daemon [_thread_blocked, id=11424, stack(0x0000000499900000,0x0000000499a00000)]
  0x000001e97e64b220 JavaThread "C1 CompilerThread0" daemon [_thread_blocked, id=3664, stack(0x0000000499a00000,0x0000000499b00000)]
  0x000001e97e6577c0 JavaThread "Sweeper thread" daemon [_thread_blocked, id=11452, stack(0x0000000499b00000,0x0000000499c00000)]
  0x000001e97e771540 JavaThread "Common-Cleaner" daemon [_thread_blocked, id=18652, stack(0x0000000499c00000,0x0000000499d00000)]
  0x000001e97e90c330 JavaThread "C2 CompilerThread1" daemon [_thread_blocked, id=13948, stack(0x0000000499d00000,0x0000000499e00000)]
  0x000001e97e9b1a40 JavaThread "Notification Thread" daemon [_thread_blocked, id=7392, stack(0x0000000499e00000,0x0000000499f00000)]

Other Threads:
  0x000001e9697e9d00 VMThread "VM Thread" [stack: 0x0000000499200000,0x0000000499300000] [id=9820]
  0x000001e97e9af8d0 WatcherThread [stack: 0x0000000499f00000,0x000000049a000000] [id=19428]
  0x000001e969768c50 GCTaskThread "GC Thread#0" [stack: 0x0000000499100000,0x0000000499200000] [id=18620]

Threads with active compile tasks:

VM state: not at safepoint (normal execution)

VM Mutex/Monitor currently owned by a thread:  ([mutex/lock_event])
[0x000001e96757a240] Metaspace_lock - owner thread: 0x000001e9697536a0

Heap address: 0x00000000c0000000, size: 1024 MB, Compressed Oops mode: 32-bit

CDS archive(s) not mapped
Compressed class space mapped at: 0x0000000100000000-0x0000000140000000, reserved size: 1073741824
Narrow klass base: 0x0000000000000000, Narrow klass shift: 3, Narrow klass range: 0x140000000

GC Precious Log:
 CPUs: 8 total, 8 available
 Memory: 16221M
 Large Page Support: Disabled
 NUMA Support: Disabled
 Compressed Oops: Enabled (32-bit)
 Alignments: Space 512K, Generation 512K, Heap 2M
 Heap Min Capacity: 100M
 Heap Initial Capacity: 100M
 Heap Max Capacity: 1G
 Pre-touch: Disabled
 Parallel Workers: 8

Heap:
 PSYoungGen      total 29696K, used 9791K [0x00000000eab00000, 0x00000000ecc00000, 0x0000000100000000)
  eden space 25600K, 38% used [0x00000000eab00000,0x00000000eb48fcf0,0x00000000ec400000)
  from space 4096K, 0% used [0x00000000ec800000,0x00000000ec800000,0x00000000ecc00000)
  to   space 4096K, 0% used [0x00000000ec400000,0x00000000ec400000,0x00000000ec800000)
 ParOldGen       total 68608K, used 0K [0x00000000c0000000, 0x00000000c4300000, 0x00000000eab00000)
  object space 68608K, 0% used [0x00000000c0000000,0x00000000c0000000,0x00000000c4300000)
 Metaspace       used 7289K, committed 7360K, reserved 1114112K
  class space    used 712K, committed 768K, reserved 1048576K

Card table byte_map: [0x000001e9690d0000,0x000001e9692e0000] _byte_map_base: 0x000001e968ad0000

Marking Bits: (ParMarkBitMap*) 0x00007ffaf2a0d7d0
 Begin Bits: [0x000001e97b3d0000, 0x000001e97c3d0000)
 End Bits:   [0x000001e97c3d0000, 0x000001e97d3d0000)

Polling page: 0x000001e967890000

Metaspace:

Usage:
  Non-class:      6.42 MB used.
      Class:    712.95 KB used.
       Both:      7.12 MB used.

Virtual space:
  Non-class space:       64.00 MB reserved,       6.44 MB ( 10%) committed,  1 nodes.
      Class space:        1.00 GB reserved,     768.00 KB ( <1%) committed,  1 nodes.
             Both:        1.06 GB reserved,       7.19 MB ( <1%) committed. 

Chunk freelists:
   Non-Class:  9.00 MB
       Class:  15.21 MB
        Both:  24.21 MB

MaxMetaspaceSize: unlimited
CompressedClassSpaceSize: 1.00 GB
Initial GC threshold: 21.00 MB
Current GC threshold: 21.00 MB
CDS: off
MetaspaceReclaimPolicy: balanced
 - commit_granule_bytes: 65536.
 - commit_granule_words: 8192.
 - virtual_space_node_default_size: 8388608.
 - enlarge_chunks_in_place: 1.
 - new_chunks_are_fully_committed: 0.
 - uncommit_free_chunks: 1.
 - use_allocation_guard: 0.
 - handle_deallocations: 1.


Internal statistics:

num_allocs_failed_limit: 0.
num_arena_births: 10.
num_arena_deaths: 0.
num_vsnodes_births: 2.
num_vsnodes_deaths: 0.
num_space_committed: 115.
num_space_uncommitted: 0.
num_chunks_returned_to_freelist: 0.
num_chunks_taken_from_freelist: 40.
num_chunk_merges: 0.
num_chunk_splits: 23.
num_chunks_enlarged: 21.
num_inconsistent_stats: 0.

CodeHeap 'non-profiled nmethods': size=120000Kb used=173Kb max_used=173Kb free=119826Kb
 bounds [0x000001e973ea0000, 0x000001e974110000, 0x000001e97b3d0000]
CodeHeap 'profiled nmethods': size=120000Kb used=693Kb max_used=693Kb free=119306Kb
 bounds [0x000001e96c3d0000, 0x000001e96c640000, 0x000001e973900000]
CodeHeap 'non-nmethods': size=5760Kb used=1106Kb max_used=1130Kb free=4653Kb
 bounds [0x000001e973900000, 0x000001e973b70000, 0x000001e973ea0000]
 total_blobs=879 nmethods=493 adapters=301
 compilation: enabled
              stopped_count=0, restarted_count=0
 full_count=0

Compilation events (20 events):
Event: 0.733 Thread 0x000001e97e64b220 nmethod 479 0x000001e96c47c610 code [0x000001e96c47c7c0, 0x000001e96c47c9a8]
Event: 0.736 Thread 0x000001e97e63e200  482       4       java.lang.String::replace (42 bytes)
Event: 0.740 Thread 0x000001e97e64b220  484       1       sun.security.util.KnownOIDs::value (5 bytes)
Event: 0.740 Thread 0x000001e97e64b220 nmethod 484 0x000001e973ec7190 code [0x000001e973ec7320, 0x000001e973ec73f8]
Event: 0.740 Thread 0x000001e97e90c330 nmethod 481 0x000001e973ec7490 code [0x000001e973ec7620, 0x000001e973ec7918]
Event: 0.740 Thread 0x000001e97e90c330  483       4       jdk.internal.misc.Unsafe::allocateUninitializedArray (55 bytes)
Event: 0.740 Thread 0x000001e97e64b220  485       3       java.lang.Integer::numberOfLeadingZeros (79 bytes)
Event: 0.741 Thread 0x000001e97e64b220 nmethod 485 0x000001e96c47ca90 code [0x000001e96c47cc40, 0x000001e96c47cf18]
Event: 0.741 Thread 0x000001e97e64b220  487       1       java.security.Provider$Service::getType (5 bytes)
Event: 0.741 Thread 0x000001e97e64b220 nmethod 487 0x000001e973ec7e90 code [0x000001e973ec8020, 0x000001e973ec80f8]
Event: 0.741 Thread 0x000001e97e64b220  490  s    3       java.util.Properties::put (10 bytes)
Event: 0.741 Thread 0x000001e97e64b220 nmethod 490 0x000001e96c47cf90 code [0x000001e96c47d140, 0x000001e96c47d3a8]
Event: 0.741 Thread 0x000001e97e64b220  488       1       java.security.Provider$Service::getAlgorithm (5 bytes)
Event: 0.741 Thread 0x000001e97e64b220 nmethod 488 0x000001e973ec8190 code [0x000001e973ec8320, 0x000001e973ec83f8]
Event: 0.741 Thread 0x000001e97e64b220  489       1       java.security.Provider$Service::getAliases (5 bytes)
Event: 0.741 Thread 0x000001e97e64b220 nmethod 489 0x000001e973ec8490 code [0x000001e973ec8620, 0x000001e973ec86f8]
Event: 0.743 Thread 0x000001e97e90c330 nmethod 483 0x000001e973ec8790 code [0x000001e973ec8920, 0x000001e973ec8af8]
Event: 0.743 Thread 0x000001e97e90c330  492       4       java.util.ArrayList$Itr::next (66 bytes)
Event: 0.744 Thread 0x000001e97e90c330 nmethod 492 0x000001e973ec8c90 code [0x000001e973ec8e20, 0x000001e973ec8f78]
Event: 0.744 Thread 0x000001e97e90c330  493       4       jdk.internal.misc.Unsafe::allocateUninitializedArray (55 bytes)

GC Heap History (0 events):
No events

Dll operation events (8 events):
Event: 0.026 Loaded shared library c:\Users\ELIANA\.vscode\extensions\redhat.java-1.28.1-win32-x64\jre\17.0.10-win32-x86_64\bin\java.dll
Event: 0.344 Loaded shared library c:\Users\ELIANA\.vscode\extensions\redhat.java-1.28.1-win32-x64\jre\17.0.10-win32-x86_64\bin\zip.dll
Event: 0.350 Loaded shared library C:\Users\ELIANA\.vscode\extensions\redhat.java-1.28.1-win32-x64\jre\17.0.10-win32-x86_64\bin\instrument.dll
Event: 0.376 Loaded shared library C:\Users\ELIANA\.vscode\extensions\redhat.java-1.28.1-win32-x64\jre\17.0.10-win32-x86_64\bin\net.dll
Event: 0.379 Loaded shared library C:\Users\ELIANA\.vscode\extensions\redhat.java-1.28.1-win32-x64\jre\17.0.10-win32-x86_64\bin\nio.dll
Event: 0.390 Loaded shared library C:\Users\ELIANA\.vscode\extensions\redhat.java-1.28.1-win32-x64\jre\17.0.10-win32-x86_64\bin\zip.dll
Event: 0.416 Loaded shared library C:\Users\ELIANA\.vscode\extensions\redhat.java-1.28.1-win32-x64\jre\17.0.10-win32-x86_64\bin\jimage.dll
Event: 0.533 Loaded shared library c:\Users\ELIANA\.vscode\extensions\redhat.java-1.28.1-win32-x64\jre\17.0.10-win32-x86_64\bin\verify.dll

Deoptimization events (20 events):
Event: 0.713 Thread 0x000001e9697536a0 Uncommon trap: trap_request=0xffffff45 fr.pc=0x000001e973eaec40 relative=0x0000000000000660
Event: 0.713 Thread 0x000001e9697536a0 Uncommon trap: reason=unstable_if action=reinterpret pc=0x000001e973eaec40 method=java.util.HashMap.putVal(ILjava/lang/Object;Ljava/lang/Object;ZZ)Ljava/lang/Object; @ 181 c2
Event: 0.713 Thread 0x000001e9697536a0 DEOPT PACKING pc=0x000001e973eaec40 sp=0x00000004990fddb0
Event: 0.713 Thread 0x000001e9697536a0 DEOPT UNPACKING pc=0x000001e9739566a3 sp=0x00000004990fdd20 mode 2
Event: 0.743 Thread 0x000001e9697536a0 Uncommon trap: trap_request=0xffffffde fr.pc=0x000001e973ec8a44 relative=0x0000000000000124
Event: 0.743 Thread 0x000001e9697536a0 Uncommon trap: reason=class_check action=maybe_recompile pc=0x000001e973ec8a44 method=jdk.internal.misc.Unsafe.allocateUninitializedArray(Ljava/lang/Class;I)Ljava/lang/Object; @ 51 c2
Event: 0.743 Thread 0x000001e9697536a0 DEOPT PACKING pc=0x000001e973ec8a44 sp=0x00000004990fb290
Event: 0.743 Thread 0x000001e9697536a0 DEOPT UNPACKING pc=0x000001e9739566a3 sp=0x00000004990fb218 mode 2
Event: 0.743 Thread 0x000001e9697536a0 Uncommon trap: trap_request=0xffffffde fr.pc=0x000001e973ec8a44 relative=0x0000000000000124
Event: 0.743 Thread 0x000001e9697536a0 Uncommon trap: reason=class_check action=maybe_recompile pc=0x000001e973ec8a44 method=jdk.internal.misc.Unsafe.allocateUninitializedArray(Ljava/lang/Class;I)Ljava/lang/Object; @ 51 c2
Event: 0.743 Thread 0x000001e9697536a0 DEOPT PACKING pc=0x000001e973ec8a44 sp=0x00000004990fb290
Event: 0.743 Thread 0x000001e9697536a0 DEOPT UNPACKING pc=0x000001e9739566a3 sp=0x00000004990fb218 mode 2
Event: 0.743 Thread 0x000001e9697536a0 Uncommon trap: trap_request=0xffffffde fr.pc=0x000001e973ec8a44 relative=0x0000000000000124
Event: 0.743 Thread 0x000001e9697536a0 Uncommon trap: reason=class_check action=maybe_recompile pc=0x000001e973ec8a44 method=jdk.internal.misc.Unsafe.allocateUninitializedArray(Ljava/lang/Class;I)Ljava/lang/Object; @ 51 c2
Event: 0.743 Thread 0x000001e9697536a0 DEOPT PACKING pc=0x000001e973ec8a44 sp=0x00000004990fb290
Event: 0.743 Thread 0x000001e9697536a0 DEOPT UNPACKING pc=0x000001e9739566a3 sp=0x00000004990fb218 mode 2
Event: 0.743 Thread 0x000001e9697536a0 Uncommon trap: trap_request=0xffffffde fr.pc=0x000001e973ec8a44 relative=0x0000000000000124
Event: 0.743 Thread 0x000001e9697536a0 Uncommon trap: reason=class_check action=maybe_recompile pc=0x000001e973ec8a44 method=jdk.internal.misc.Unsafe.allocateUninitializedArray(Ljava/lang/Class;I)Ljava/lang/Object; @ 51 c2
Event: 0.743 Thread 0x000001e9697536a0 DEOPT PACKING pc=0x000001e973ec8a44 sp=0x00000004990fb290
Event: 0.743 Thread 0x000001e9697536a0 DEOPT UNPACKING pc=0x000001e9739566a3 sp=0x00000004990fb218 mode 2

Classes unloaded (0 events):
No events

Classes redefined (0 events):
No events

Internal exceptions (2 events):
Event: 0.302 Thread 0x000001e9697536a0 Exception <a 'java/lang/NoSuchMethodError'{0x00000000eacb4eb0}: 'void java.lang.invoke.DirectMethodHandle$Holder.invokeStatic(java.lang.Object, java.lang.Object, java.lang.Object)'> (0x00000000eacb4eb0) 
thrown [s\src\hotspot\share\interpreter\linkResolver.cpp, line 759]
Event: 0.573 Thread 0x000001e9697536a0 Exception <a 'java/lang/reflect/InvocationTargetException'{0x00000000eafe69b0}> (0x00000000eafe69b0) 
thrown [s\src\hotspot\share\runtime\reflection.cpp, line 1121]

VM Operations (4 events):
Event: 0.310 Executing VM operation: HandshakeAllThreads
Event: 0.310 Executing VM operation: HandshakeAllThreads done
Event: 0.448 Executing VM operation: HandshakeAllThreads
Event: 0.448 Executing VM operation: HandshakeAllThreads done

Events (20 events):
Event: 0.743 loading class java/security/spec/AlgorithmParameterSpec
Event: 0.743 loading class java/security/spec/AlgorithmParameterSpec done
Event: 0.743 loading class java/security/spec/PSSParameterSpec done
Event: 0.743 loading class sun/security/rsa/RSAPublicKeyImpl
Event: 0.744 loading class java/security/interfaces/RSAPublicKey
Event: 0.744 loading class java/security/interfaces/RSAKey
Event: 0.744 loading class java/security/interfaces/RSAKey done
Event: 0.744 loading class java/security/interfaces/RSAPublicKey done
Event: 0.744 loading class sun/security/rsa/RSAPublicKeyImpl done
Event: 0.744 loading class sun/security/util/IOUtils
Event: 0.744 loading class sun/security/util/IOUtils done
Event: 0.745 loading class sun/security/rsa/RSAUtil
Event: 0.745 loading class sun/security/rsa/RSAUtil done
Event: 0.745 loading class sun/security/x509/CertificateExtensions
Event: 0.745 loading class sun/security/x509/CertificateExtensions done
Event: 0.745 loading class java/util/TreeMap
Event: 0.746 loading class java/util/NavigableMap
Event: 0.746 loading class java/util/SortedMap
Event: 0.746 loading class java/util/SortedMap done
Event: 0.746 loading class java/util/NavigableMap done


Dynamic libraries:
0x00007ff75b5a0000 - 0x00007ff75b5ae000 	c:\Users\ELIANA\.vscode\extensions\redhat.java-1.28.1-win32-x64\jre\17.0.10-win32-x86_64\bin\java.exe
0x00007ffb64110000 - 0x00007ffb64327000 	C:\WINDOWS\SYSTEM32\ntdll.dll
0x00007ffb62050000 - 0x00007ffb62114000 	C:\WINDOWS\System32\KERNEL32.DLL
0x00007ffb61630000 - 0x00007ffb619d6000 	C:\WINDOWS\System32\KERNELBASE.dll
0x00007ffb5e500000 - 0x00007ffb5e597000 	C:\WINDOWS\SYSTEM32\apphelp.dll
0x00007ffb61a10000 - 0x00007ffb61b21000 	C:\WINDOWS\System32\ucrtbase.dll
0x00007ffb5a700000 - 0x00007ffb5a717000 	c:\Users\ELIANA\.vscode\extensions\redhat.java-1.28.1-win32-x64\jre\17.0.10-win32-x86_64\bin\jli.dll
0x00007ffb4fe90000 - 0x00007ffb4feab000 	c:\Users\ELIANA\.vscode\extensions\redhat.java-1.28.1-win32-x64\jre\17.0.10-win32-x86_64\bin\VCRUNTIME140.dll
0x00007ffb62b20000 - 0x00007ffb62cce000 	C:\WINDOWS\System32\USER32.dll
0x00007ffb619e0000 - 0x00007ffb61a06000 	C:\WINDOWS\System32\win32u.dll
0x00007ffb51fb0000 - 0x00007ffb52243000 	C:\WINDOWS\WinSxS\amd64_microsoft.windows.common-controls_6595b64144ccf1df_6.0.22621.2506_none_270c5ae97388e100\COMCTL32.dll
0x00007ffb628b0000 - 0x00007ffb628d9000 	C:\WINDOWS\System32\GDI32.dll
0x00007ffb63400000 - 0x00007ffb634a7000 	C:\WINDOWS\System32\msvcrt.dll
0x00007ffb61450000 - 0x00007ffb61568000 	C:\WINDOWS\System32\gdi32full.dll
0x00007ffb61ca0000 - 0x00007ffb61d3a000 	C:\WINDOWS\System32\msvcp_win.dll
0x00007ffb62cd0000 - 0x00007ffb62d01000 	C:\WINDOWS\System32\IMM32.DLL
0x00007ffb5caf0000 - 0x00007ffb5cafc000 	c:\Users\ELIANA\.vscode\extensions\redhat.java-1.28.1-win32-x64\jre\17.0.10-win32-x86_64\bin\vcruntime140_1.dll
0x00007ffb4cd00000 - 0x00007ffb4cd8d000 	c:\Users\ELIANA\.vscode\extensions\redhat.java-1.28.1-win32-x64\jre\17.0.10-win32-x86_64\bin\msvcp140.dll
0x00007ffaf1e70000 - 0x00007ffaf2ad2000 	c:\Users\ELIANA\.vscode\extensions\redhat.java-1.28.1-win32-x64\jre\17.0.10-win32-x86_64\bin\server\jvm.dll
0x00007ffb631c0000 - 0x00007ffb63273000 	C:\WINDOWS\System32\ADVAPI32.dll
0x00007ffb627a0000 - 0x00007ffb62848000 	C:\WINDOWS\System32\sechost.dll
0x00007ffb61dc0000 - 0x00007ffb61de8000 	C:\WINDOWS\System32\bcrypt.dll
0x00007ffb63fb0000 - 0x00007ffb640c7000 	C:\WINDOWS\System32\RPCRT4.dll
0x00007ffb602a0000 - 0x00007ffb602ed000 	C:\WINDOWS\SYSTEM32\POWRPROF.dll
0x00007ffb59030000 - 0x00007ffb59064000 	C:\WINDOWS\SYSTEM32\WINMM.dll
0x00007ffb5c480000 - 0x00007ffb5c489000 	C:\WINDOWS\SYSTEM32\WSOCK32.dll
0x00007ffb62d20000 - 0x00007ffb62d91000 	C:\WINDOWS\System32\WS2_32.dll
0x00007ffb534f0000 - 0x00007ffb534fa000 	C:\WINDOWS\SYSTEM32\VERSION.dll
0x00007ffb60280000 - 0x00007ffb60293000 	C:\WINDOWS\SYSTEM32\UMPDC.dll
0x00007ffb60540000 - 0x00007ffb60558000 	C:\WINDOWS\SYSTEM32\kernel.appcore.dll
0x00007ffb591f0000 - 0x00007ffb591fa000 	c:\Users\ELIANA\.vscode\extensions\redhat.java-1.28.1-win32-x64\jre\17.0.10-win32-x86_64\bin\jimage.dll
0x00007ffb5eac0000 - 0x00007ffb5ecf3000 	C:\WINDOWS\SYSTEM32\DBGHELP.DLL
0x00007ffb62da0000 - 0x00007ffb63129000 	C:\WINDOWS\System32\combase.dll
0x00007ffb62a40000 - 0x00007ffb62b17000 	C:\WINDOWS\System32\OLEAUT32.dll
0x00007ffb3be90000 - 0x00007ffb3bec2000 	C:\WINDOWS\SYSTEM32\dbgcore.DLL
0x00007ffb61d40000 - 0x00007ffb61dba000 	C:\WINDOWS\System32\bcryptPrimitives.dll
0x00007ffb52990000 - 0x00007ffb5299e000 	c:\Users\ELIANA\.vscode\extensions\redhat.java-1.28.1-win32-x64\jre\17.0.10-win32-x86_64\bin\instrument.dll
0x00007ffb4fe60000 - 0x00007ffb4fe85000 	c:\Users\ELIANA\.vscode\extensions\redhat.java-1.28.1-win32-x64\jre\17.0.10-win32-x86_64\bin\java.dll
0x00007ffb4fe40000 - 0x00007ffb4fe58000 	c:\Users\ELIANA\.vscode\extensions\redhat.java-1.28.1-win32-x64\jre\17.0.10-win32-x86_64\bin\zip.dll
0x00007ffb63630000 - 0x00007ffb63e8b000 	C:\WINDOWS\System32\SHELL32.dll
0x00007ffb5f370000 - 0x00007ffb5fc66000 	C:\WINDOWS\SYSTEM32\windows.storage.dll
0x00007ffb5f230000 - 0x00007ffb5f36e000 	C:\WINDOWS\SYSTEM32\wintypes.dll
0x00007ffb634b0000 - 0x00007ffb635a3000 	C:\WINDOWS\System32\SHCORE.dll
0x00007ffb63290000 - 0x00007ffb632ee000 	C:\WINDOWS\System32\shlwapi.dll
0x00007ffb61380000 - 0x00007ffb613a6000 	C:\WINDOWS\SYSTEM32\profapi.dll
0x00007ffb4fbe0000 - 0x00007ffb4fbf9000 	C:\Users\ELIANA\.vscode\extensions\redhat.java-1.28.1-win32-x64\jre\17.0.10-win32-x86_64\bin\net.dll
0x00007ffb5a4d0000 - 0x00007ffb5a607000 	C:\WINDOWS\SYSTEM32\WINHTTP.dll
0x00007ffb609c0000 - 0x00007ffb60a29000 	C:\WINDOWS\system32\mswsock.dll
0x00007ffb4fbc0000 - 0x00007ffb4fbd6000 	C:\Users\ELIANA\.vscode\extensions\redhat.java-1.28.1-win32-x64\jre\17.0.10-win32-x86_64\bin\nio.dll
0x00007ffb4fe30000 - 0x00007ffb4fe40000 	c:\Users\ELIANA\.vscode\extensions\redhat.java-1.28.1-win32-x64\jre\17.0.10-win32-x86_64\bin\verify.dll

dbghelp: loaded successfully - version: 4.0.5 - missing functions: none
symbol engine: initialized successfully - sym options: 0x614 - pdb path: .;c:\Users\ELIANA\.vscode\extensions\redhat.java-1.28.1-win32-x64\jre\17.0.10-win32-x86_64\bin;C:\WINDOWS\SYSTEM32;C:\WINDOWS\WinSxS\amd64_microsoft.windows.common-controls_6595b64144ccf1df_6.0.22621.2506_none_270c5ae97388e100;c:\Users\ELIANA\.vscode\extensions\redhat.java-1.28.1-win32-x64\jre\17.0.10-win32-x86_64\bin\server

VM Arguments:
jvm_args: --add-modules=ALL-SYSTEM --add-opens=java.base/java.util=ALL-UNNAMED --add-opens=java.base/java.lang=ALL-UNNAMED --add-opens=java.base/sun.nio.fs=ALL-UNNAMED -Declipse.application=org.eclipse.jdt.ls.core.id1 -Dosgi.bundles.defaultStartLevel=4 -Declipse.product=org.eclipse.jdt.ls.core.product -Djava.import.generatesMetadataFilesAtProjectRoot=false -DDetectVMInstallationsJob.disabled=true -Dfile.encoding=utf8 -XX:+UseParallelGC -XX:GCTimeRatio=4 -XX:AdaptiveSizePolicyWeight=90 -Dsun.zip.disableMemoryMapping=true -Xmx1G -Xms100m -Xlog:disable -javaagent:c:\Users\ELIANA\.vscode\extensions\redhat.java-1.28.1-win32-x64\lombok\lombok-1.18.31.jar 
java_command: c:\Users\ELIANA\.vscode\extensions\redhat.java-1.28.1-win32-x64\server\plugins\org.eclipse.equinox.launcher_1.6.700.v20231214-2017.jar -configuration c:\Users\ELIANA\AppData\Roaming\Code\User\globalStorage\redhat.java\1.28.1\config_ss_win -data c:\Users\ELIANA\AppData\Roaming\Code\User\workspaceStorage\22f80c69744dfe1009ff59844c673f69\redhat.java\ss_ws --stdio
java_class_path (initial): c:\Users\ELIANA\.vscode\extensions\redhat.java-1.28.1-win32-x64\server\plugins\org.eclipse.equinox.launcher_1.6.700.v20231214-2017.jar
Launcher Type: SUN_STANDARD

[Global flags]
    uintx AdaptiveSizePolicyWeight                 = 90                                        {product} {command line}
     intx CICompilerCount                          = 4                                         {product} {ergonomic}
    uintx GCTimeRatio                              = 4                                         {product} {command line}
   size_t InitialHeapSize                          = 104857600                                 {product} {command line}
   size_t MaxHeapSize                              = 1073741824                                {product} {command line}
   size_t MaxNewSize                               = 357564416                                 {product} {ergonomic}
   size_t MinHeapDeltaBytes                        = 524288                                    {product} {ergonomic}
   size_t MinHeapSize                              = 104857600                                 {product} {command line}
   size_t NewSize                                  = 34603008                                  {product} {ergonomic}
    uintx NonNMethodCodeHeapSize                   = 5839372                                {pd product} {ergonomic}
    uintx NonProfiledCodeHeapSize                  = 122909434                              {pd product} {ergonomic}
   size_t OldSize                                  = 70254592                                  {product} {ergonomic}
    uintx ProfiledCodeHeapSize                     = 122909434                              {pd product} {ergonomic}
    uintx ReservedCodeCacheSize                    = 251658240                              {pd product} {ergonomic}
     bool SegmentedCodeCache                       = true                                      {product} {ergonomic}
   size_t SoftMaxHeapSize                          = 1073741824                             {manageable} {ergonomic}
     bool UseCompressedClassPointers               = true                           {product lp64_product} {ergonomic}
     bool UseCompressedOops                        = true                           {product lp64_product} {ergonomic}
     bool UseLargePagesIndividualAllocation        = false                                  {pd product} {ergonomic}
     bool UseParallelGC                            = true                                      {product} {command line}

Logging:
Log output configuration:
 #0: stdout all=off uptime,level,tags
 #1: stderr all=off uptime,level,tags

Environment Variables:
PATH=C:\Program Files\Common Files\Oracle\Java\javapath;C:\Windows\system32;C:\Windows;C:\Windows\System32\Wbem;C:\Windows\System32\WindowsPowerShell\v1.0\;C:\Windows\System32\OpenSSH\;C:\Program Files (x86)\NVIDIA Corporation\PhysX\Common;C:\Program Files\NVIDIA Corporation\NVIDIA NvDLISR;C:\Program Files\dotnet\;C:\WINDOWS\system32;C:\WINDOWS;C:\WINDOWS\System32\Wbem;C:\WINDOWS\System32\WindowsPowerShell\v1.0\;C:\WINDOWS\System32\OpenSSH\;C:\Program Files\Git\cmd;C:\Program Files\Git\mingw64\bin;C:\Program Files\Git\usr\bin;C:\Program Files\PowerShell\7\;C:\Users\ELIANA\AppData\Local\Programs\Python\Python312\Scripts\;C:\Users\ELIANA\AppData\Local\Programs\Python\Python312\;C:\Users\ELIANA\AppData\Local\Programs\Python\Launcher\;C:\Users\ELIANA\AppData\Local\Microsoft\WindowsApps;;C:\Users\ELIANA\AppData\Local\Programs\Microsoft VS Code\bin
USERNAME=ELIANA
OS=Windows_NT
PROCESSOR_IDENTIFIER=Intel64 Family 6 Model 165 Stepping 2, GenuineIntel
TMP=C:\Users\ELIANA\AppData\Local\Temp
TEMP=C:\Users\ELIANA\AppData\Local\Temp



Periodic native trim disabled


---------------  S Y S T E M  ---------------

OS:
 Windows 11 , 64 bit Build 22621 (10.0.22621.3085)
OS uptime: 1 days 19:37 hours
Hyper-V role detected

CPU: total 8 (initial active 8) (4 cores per cpu, 2 threads per core) family 6 model 165 stepping 2 microcode 0xe0, cx8, cmov, fxsr, ht, mmx, 3dnowpref, sse, sse2, sse3, ssse3, sse4.1, sse4.2, popcnt, lzcnt, tsc, tscinvbit, avx, avx2, aes, erms, clmul, bmi1, bmi2, adx, fma, vzeroupper, clflush, clflushopt, hv
Processor Information for all 8 processors :
  Max Mhz: 2496, Current Mhz: 1996, Mhz Limit: 2496

Memory: 4k page, system-wide physical 16221M (9156M free)
TotalPageFile size 65373M (AvailPageFile size 4M)
current process WorkingSet (physical memory assigned to process): 48M, peak: 48M
current process commit charge ("private bytes"): 189M, peak: 189M

vm_info: OpenJDK 64-Bit Server VM (17.0.10+7) for windows-amd64 JRE (17.0.10+7), built on Jan 16 2024 23:25:11 by "admin" with MS VC++ 16.10 / 16.11 (VS2019)

END.
