#
# There is insufficient memory for the Java Runtime Environment to continue.
# Native memory allocation (malloc) failed to allocate 348144 bytes for Chunk::new
# Possible reasons:
#   The system is out of physical RAM or swap space
#   The process is running with CompressedOops enabled, and the Java Heap may be blocking the growth of the native heap
# Possible solutions:
#   Reduce memory load on the system
#   Increase physical memory or swap space
#   Check if swap backing store is full
#   Decrease Java heap size (-Xmx/-Xms)
#   Decrease number of Java threads
#   Decrease Java thread stack sizes (-Xss)
#   Set larger code cache with -XX:ReservedCodeCacheSize=
#   JVM is running with Unscaled Compressed Oops mode in which the Java heap is
#     placed in the first 4GB address space. The Java Heap base address is the
#     maximum limit for the native heap growth. Please use -XX:HeapBaseMinAddress
#     to set the Java Heap base and to place the Java Heap above 4GB virtual address.
# This output file may be truncated or incomplete.
#
#  Out of Memory Error (arena.cpp:191), pid=4700, tid=10580
#
# JRE version: OpenJDK Runtime Environment Temurin-17.0.10+7 (17.0.10+7) (build 17.0.10+7)
# Java VM: OpenJDK 64-Bit Server VM Temurin-17.0.10+7 (17.0.10+7, mixed mode, tiered, compressed oops, compressed class ptrs, parallel gc, windows-amd64)
# No core dump will be written. Minidumps are not enabled by default on client versions of Windows
#

---------------  S U M M A R Y ------------

Command Line: --add-modules=ALL-SYSTEM --add-opens=java.base/java.util=ALL-UNNAMED --add-opens=java.base/java.lang=ALL-UNNAMED --add-opens=java.base/sun.nio.fs=ALL-UNNAMED -Declipse.application=org.eclipse.jdt.ls.core.id1 -Dosgi.bundles.defaultStartLevel=4 -Declipse.product=org.eclipse.jdt.ls.core.product -Djava.import.generatesMetadataFilesAtProjectRoot=false -DDetectVMInstallationsJob.disabled=true -Dfile.encoding=utf8 -XX:+UseParallelGC -XX:GCTimeRatio=4 -XX:AdaptiveSizePolicyWeight=90 -Dsun.zip.disableMemoryMapping=true -Xmx1G -Xms100m -Xlog:disable -javaagent:c:\Users\ELIANA\.vscode\extensions\redhat.java-1.28.1-win32-x64\lombok\lombok-1.18.31.jar c:\Users\ELIANA\.vscode\extensions\redhat.java-1.28.1-win32-x64\server\plugins\org.eclipse.equinox.launcher_1.6.700.v20231214-2017.jar -configuration c:\Users\ELIANA\AppData\Roaming\Code\User\globalStorage\redhat.java\1.28.1\config_ss_win -data c:\Users\ELIANA\AppData\Roaming\Code\User\workspaceStorage\22f80c69744dfe1009ff59844c673f69\redhat.java\ss_ws --stdio

Host: Intel(R) Core(TM) i5-10300H CPU @ 2.50GHz, 8 cores, 15G,  Windows 11 , 64 bit Build 22621 (10.0.22621.3085)
Time: Wed Feb 28 18:00:12 2024 Hora est. Pacífico, Sudamérica elapsed time: 1.278042 seconds (0d 0h 0m 1s)

---------------  T H R E A D  ---------------

Current thread (0x000002ca3508c800):  JavaThread "C2 CompilerThread1" daemon [_thread_in_native, id=10580, stack(0x000000ed88a00000,0x000000ed88b00000)]


Current CompileTask:
C2:   1278  617       4       lombok.patcher.PatchScript::classMatches (41 bytes)

Stack: [0x000000ed88a00000,0x000000ed88b00000]
Native frames: (J=compiled Java code, j=interpreted, Vv=VM code, C=native code)
V  [jvm.dll+0x67d2c9]
V  [jvm.dll+0x834afa]
V  [jvm.dll+0x8365be]
V  [jvm.dll+0x836c23]
V  [jvm.dll+0x2477ff]
V  [jvm.dll+0xac514]
V  [jvm.dll+0xacb5c]
V  [jvm.dll+0x3667d7]
V  [jvm.dll+0x330bfa]
V  [jvm.dll+0x33009a]
V  [jvm.dll+0x219ef1]
V  [jvm.dll+0x219311]
V  [jvm.dll+0x1a502d]
V  [jvm.dll+0x2290de]
V  [jvm.dll+0x2272ac]
V  [jvm.dll+0x7e9bb7]
V  [jvm.dll+0x7e3fba]
V  [jvm.dll+0x67c1b5]
C  [ucrtbase.dll+0x29363]
C  [KERNEL32.DLL+0x1257d]
C  [ntdll.dll+0x5aa58]


---------------  P R O C E S S  ---------------

Threads class SMR info:
_java_thread_list=0x000002ca35094a90, length=14, elements={
0x000002ca1bdc6050, 0x000002ca34d15020, 0x000002ca2fc2ad30, 0x000002ca2fc3d330,
0x000002ca2fc3e0c0, 0x000002ca34d34030, 0x000002ca34d34900, 0x000002ca34d351d0,
0x000002ca34d8f000, 0x000002ca34dc57a0, 0x000002ca34e28350, 0x000002ca35ec8030,
0x000002ca3508c800, 0x000002ca36061350
}

Java Threads: ( => current thread )
  0x000002ca1bdc6050 JavaThread "main" [_thread_in_native, id=11852, stack(0x000000ed87b00000,0x000000ed87c00000)]
  0x000002ca34d15020 JavaThread "Reference Handler" daemon [_thread_blocked, id=18844, stack(0x000000ed87e00000,0x000000ed87f00000)]
  0x000002ca2fc2ad30 JavaThread "Finalizer" daemon [_thread_blocked, id=10356, stack(0x000000ed87f00000,0x000000ed88000000)]
  0x000002ca2fc3d330 JavaThread "Signal Dispatcher" daemon [_thread_blocked, id=17064, stack(0x000000ed88000000,0x000000ed88100000)]
  0x000002ca2fc3e0c0 JavaThread "Attach Listener" daemon [_thread_blocked, id=17512, stack(0x000000ed88100000,0x000000ed88200000)]
  0x000002ca34d34030 JavaThread "Service Thread" daemon [_thread_blocked, id=19892, stack(0x000000ed88200000,0x000000ed88300000)]
  0x000002ca34d34900 JavaThread "Monitor Deflation Thread" daemon [_thread_blocked, id=15772, stack(0x000000ed88300000,0x000000ed88400000)]
  0x000002ca34d351d0 JavaThread "C2 CompilerThread0" daemon [_thread_blocked, id=18096, stack(0x000000ed88400000,0x000000ed88500000)]
  0x000002ca34d8f000 JavaThread "C1 CompilerThread0" daemon [_thread_in_vm, id=1676, stack(0x000000ed88500000,0x000000ed88600000)]
  0x000002ca34dc57a0 JavaThread "Sweeper thread" daemon [_thread_blocked, id=300, stack(0x000000ed88600000,0x000000ed88700000)]
  0x000002ca34e28350 JavaThread "Common-Cleaner" daemon [_thread_blocked, id=18196, stack(0x000000ed88700000,0x000000ed88800000)]
  0x000002ca35ec8030 JavaThread "Notification Thread" daemon [_thread_blocked, id=12000, stack(0x000000ed88800000,0x000000ed88900000)]
=>0x000002ca3508c800 JavaThread "C2 CompilerThread1" daemon [_thread_in_native, id=10580, stack(0x000000ed88a00000,0x000000ed88b00000)]
  0x000002ca36061350 JavaThread "C2 CompilerThread2" daemon [_thread_in_native, id=14280, stack(0x000000ed88b00000,0x000000ed88c00000)]

Other Threads:
  0x000002ca1be5eab0 VMThread "VM Thread" [stack: 0x000000ed87d00000,0x000000ed87e00000] [id=2004]
  0x000002ca35ec4090 WatcherThread [stack: 0x000000ed88900000,0x000000ed88a00000] [id=14780]
  0x000002ca1bdd99f0 GCTaskThread "GC Thread#0" [stack: 0x000000ed87c00000,0x000000ed87d00000] [id=19292]

Threads with active compile tasks:
C1 CompilerThread0     1308  648   !   3       java.util.zip.Inflater::inflate (418 bytes)
C2 CompilerThread1     1308  617       4       lombok.patcher.PatchScript::classMatches (41 bytes)
C2 CompilerThread2     1308  647       4       java.util.zip.ZipCoder$UTF8ZipCoder::checkedHash (91 bytes)

VM state: not at safepoint (normal execution)

VM Mutex/Monitor currently owned by a thread: None

Heap address: 0x00000000c0000000, size: 1024 MB, Compressed Oops mode: 32-bit

CDS archive(s) not mapped
Compressed class space mapped at: 0x0000000100000000-0x0000000140000000, reserved size: 1073741824
Narrow klass base: 0x0000000000000000, Narrow klass shift: 3, Narrow klass range: 0x140000000

GC Precious Log:
 CPUs: 8 total, 8 available
 Memory: 16221M
 Large Page Support: Disabled
 NUMA Support: Disabled
 Compressed Oops: Enabled (32-bit)
 Alignments: Space 512K, Generation 512K, Heap 2M
 Heap Min Capacity: 100M
 Heap Initial Capacity: 100M
 Heap Max Capacity: 1G
 Pre-touch: Disabled
 Parallel Workers: 8

Heap:
 PSYoungGen      total 29696K, used 14504K [0x00000000eab00000, 0x00000000ecc00000, 0x0000000100000000)
  eden space 25600K, 56% used [0x00000000eab00000,0x00000000eb92a038,0x00000000ec400000)
  from space 4096K, 0% used [0x00000000ec800000,0x00000000ec800000,0x00000000ecc00000)
  to   space 4096K, 0% used [0x00000000ec400000,0x00000000ec400000,0x00000000ec800000)
 ParOldGen       total 68608K, used 0K [0x00000000c0000000, 0x00000000c4300000, 0x00000000eab00000)
  object space 68608K, 0% used [0x00000000c0000000,0x00000000c0000000,0x00000000c4300000)
 Metaspace       used 9143K, committed 9216K, reserved 1114112K
  class space    used 904K, committed 960K, reserved 1048576K

Card table byte_map: [0x000002ca1b740000,0x000002ca1b950000] _byte_map_base: 0x000002ca1b140000

Marking Bits: (ParMarkBitMap*) 0x00007ffaf2a0d7d0
 Begin Bits: [0x000002ca2da40000, 0x000002ca2ea40000)
 End Bits:   [0x000002ca2ea40000, 0x000002ca2fa40000)

Polling page: 0x000002ca19cd0000

Metaspace:

Usage:
  Non-class:      8.05 MB used.
      Class:    904.91 KB used.
       Both:      8.93 MB used.

Virtual space:
  Non-class space:       64.00 MB reserved,       8.06 MB ( 13%) committed,  1 nodes.
      Class space:        1.00 GB reserved,     960.00 KB ( <1%) committed,  1 nodes.
             Both:        1.06 GB reserved,       9.00 MB ( <1%) committed. 

Chunk freelists:
   Non-Class:  7.94 MB
       Class:  15.08 MB
        Both:  23.02 MB

MaxMetaspaceSize: unlimited
CompressedClassSpaceSize: 1.00 GB
Initial GC threshold: 21.00 MB
Current GC threshold: 21.00 MB
CDS: off
MetaspaceReclaimPolicy: balanced
 - commit_granule_bytes: 65536.
 - commit_granule_words: 8192.
 - virtual_space_node_default_size: 8388608.
 - enlarge_chunks_in_place: 1.
 - new_chunks_are_fully_committed: 0.
 - uncommit_free_chunks: 1.
 - use_allocation_guard: 0.
 - handle_deallocations: 1.


Internal statistics:

num_allocs_failed_limit: 0.
num_arena_births: 10.
num_arena_deaths: 0.
num_vsnodes_births: 2.
num_vsnodes_deaths: 0.
num_space_committed: 144.
num_space_uncommitted: 0.
num_chunks_returned_to_freelist: 0.
num_chunks_taken_from_freelist: 44.
num_chunk_merges: 0.
num_chunk_splits: 26.
num_chunks_enlarged: 25.
num_inconsistent_stats: 0.

CodeHeap 'non-profiled nmethods': size=120000Kb used=251Kb max_used=251Kb free=119748Kb
 bounds [0x000002ca26510000, 0x000002ca26780000, 0x000002ca2da40000]
CodeHeap 'profiled nmethods': size=120000Kb used=995Kb max_used=995Kb free=119004Kb
 bounds [0x000002ca1ea40000, 0x000002ca1ecb0000, 0x000002ca25f70000]
CodeHeap 'non-nmethods': size=5760Kb used=1133Kb max_used=1172Kb free=4626Kb
 bounds [0x000002ca25f70000, 0x000002ca261e0000, 0x000002ca26510000]
 total_blobs=1068 nmethods=646 adapters=337
 compilation: enabled
              stopped_count=0, restarted_count=0
 full_count=0

Compilation events (20 events):
Event: 1.266 Thread 0x000002ca34d8f000 nmethod 631 0x000002ca2654a010 code [0x000002ca2654a1a0, 0x000002ca2654a278]
Event: 1.266 Thread 0x000002ca34d8f000  632       1       java.util.concurrent.ConcurrentHashMap$MapEntry::getValue (5 bytes)
Event: 1.266 Thread 0x000002ca34d8f000 nmethod 632 0x000002ca2654a310 code [0x000002ca2654a4a0, 0x000002ca2654a578]
Event: 1.266 Thread 0x000002ca34d8f000  635       3       java.util.StringTokenizer::scanToken (179 bytes)
Event: 1.269 Thread 0x000002ca34d8f000 nmethod 635 0x000002ca1eb30690 code [0x000002ca1eb30a00, 0x000002ca1eb32018]
Event: 1.269 Thread 0x000002ca34d8f000  636       3       java.lang.StringBuilder::append (8 bytes)
Event: 1.269 Thread 0x000002ca34d8f000 nmethod 636 0x000002ca1eb32810 code [0x000002ca1eb329a0, 0x000002ca1eb32ae8]
Event: 1.269 Thread 0x000002ca34d8f000  637       3       java.util.StringTokenizer::skipDelimiters (116 bytes)
Event: 1.271 Thread 0x000002ca34d8f000 nmethod 637 0x000002ca1eb32b90 code [0x000002ca1eb32e40, 0x000002ca1eb33b68]
Event: 1.271 Thread 0x000002ca34d8f000  642       3       java.lang.StringLatin1::trim (76 bytes)
Event: 1.271 Thread 0x000002ca36061350 nmethod 600 0x000002ca2654a610 code [0x000002ca2654a7c0, 0x000002ca2654adf8]
Event: 1.271 Thread 0x000002ca36061350  633       4       java.lang.String::checkBoundsBeginEnd (63 bytes)
Event: 1.271 Thread 0x000002ca34d8f000 nmethod 642 0x000002ca1eb34090 code [0x000002ca1eb34260, 0x000002ca1eb34648]
Event: 1.271 Thread 0x000002ca34d8f000  638       3       java.util.StringTokenizer::hasMoreTokens (29 bytes)
Event: 1.272 Thread 0x000002ca34d8f000 nmethod 638 0x000002ca1eb34790 code [0x000002ca1eb34940, 0x000002ca1eb34ae8]
Event: 1.272 Thread 0x000002ca34d8f000  639       3       java.util.StringTokenizer::nextToken (92 bytes)
Event: 1.272 Thread 0x000002ca36061350 nmethod 633 0x000002ca2654b210 code [0x000002ca2654b380, 0x000002ca2654b438]
Event: 1.272 Thread 0x000002ca36061350  634       4       java.lang.String::substring (58 bytes)
Event: 1.272 Thread 0x000002ca34d8f000 nmethod 639 0x000002ca1eb34b90 code [0x000002ca1eb34d60, 0x000002ca1eb35098]
Event: 1.272 Thread 0x000002ca34d8f000  640       3       java.lang.String::trim (35 bytes)

GC Heap History (0 events):
No events

Dll operation events (8 events):
Event: 0.057 Loaded shared library c:\Users\ELIANA\.vscode\extensions\redhat.java-1.28.1-win32-x64\jre\17.0.10-win32-x86_64\bin\java.dll
Event: 0.480 Loaded shared library c:\Users\ELIANA\.vscode\extensions\redhat.java-1.28.1-win32-x64\jre\17.0.10-win32-x86_64\bin\zip.dll
Event: 0.487 Loaded shared library C:\Users\ELIANA\.vscode\extensions\redhat.java-1.28.1-win32-x64\jre\17.0.10-win32-x86_64\bin\instrument.dll
Event: 0.513 Loaded shared library C:\Users\ELIANA\.vscode\extensions\redhat.java-1.28.1-win32-x64\jre\17.0.10-win32-x86_64\bin\net.dll
Event: 0.517 Loaded shared library C:\Users\ELIANA\.vscode\extensions\redhat.java-1.28.1-win32-x64\jre\17.0.10-win32-x86_64\bin\nio.dll
Event: 0.531 Loaded shared library C:\Users\ELIANA\.vscode\extensions\redhat.java-1.28.1-win32-x64\jre\17.0.10-win32-x86_64\bin\zip.dll
Event: 0.560 Loaded shared library C:\Users\ELIANA\.vscode\extensions\redhat.java-1.28.1-win32-x64\jre\17.0.10-win32-x86_64\bin\jimage.dll
Event: 0.671 Loaded shared library c:\Users\ELIANA\.vscode\extensions\redhat.java-1.28.1-win32-x64\jre\17.0.10-win32-x86_64\bin\verify.dll

Deoptimization events (20 events):
Event: 1.082 Thread 0x000002ca1bdc6050 Uncommon trap: trap_request=0xffffff45 fr.pc=0x000002ca265387dc relative=0x000000000000067c
Event: 1.082 Thread 0x000002ca1bdc6050 Uncommon trap: reason=unstable_if action=reinterpret pc=0x000002ca265387dc method=java.lang.String.replace(Ljava/lang/CharSequence;Ljava/lang/CharSequence;)Ljava/lang/String; @ 48 c2
Event: 1.082 Thread 0x000002ca1bdc6050 DEOPT PACKING pc=0x000002ca265387dc sp=0x000000ed87bfcc90
Event: 1.082 Thread 0x000002ca1bdc6050 DEOPT UNPACKING pc=0x000002ca25fc66a3 sp=0x000000ed87bfcc10 mode 2
Event: 1.149 Thread 0x000002ca1bdc6050 Uncommon trap: trap_request=0xffffff45 fr.pc=0x000002ca26525984 relative=0x0000000000000304
Event: 1.149 Thread 0x000002ca1bdc6050 Uncommon trap: reason=unstable_if action=reinterpret pc=0x000002ca26525984 method=java.lang.StringUTF16.compress([CI[BII)I @ 20 c2
Event: 1.149 Thread 0x000002ca1bdc6050 DEOPT PACKING pc=0x000002ca26525984 sp=0x000000ed87bfbe00
Event: 1.149 Thread 0x000002ca1bdc6050 DEOPT UNPACKING pc=0x000002ca25fc66a3 sp=0x000000ed87bfbd80 mode 2
Event: 1.176 Thread 0x000002ca1bdc6050 Uncommon trap: trap_request=0xffffff6e fr.pc=0x000002ca26541ae4 relative=0x00000000000001e4
Event: 1.176 Thread 0x000002ca1bdc6050 Uncommon trap: reason=loop_limit_check action=maybe_recompile pc=0x000002ca26541ae4 method=java.math.BigInteger.implMulAdd([I[IIII)I @ 26 c2
Event: 1.176 Thread 0x000002ca1bdc6050 DEOPT PACKING pc=0x000002ca26541ae4 sp=0x000000ed87bfdba0
Event: 1.176 Thread 0x000002ca1bdc6050 DEOPT UNPACKING pc=0x000002ca25fc66a3 sp=0x000000ed87bfdaf0 mode 2
Event: 1.260 Thread 0x000002ca1bdc6050 Uncommon trap: trap_request=0xffffff45 fr.pc=0x000002ca26549174 relative=0x0000000000000074
Event: 1.260 Thread 0x000002ca1bdc6050 Uncommon trap: reason=unstable_if action=reinterpret pc=0x000002ca26549174 method=jdk.internal.misc.Unsafe.convEndian(ZI)I @ 4 c2
Event: 1.260 Thread 0x000002ca1bdc6050 DEOPT PACKING pc=0x000002ca26549174 sp=0x000000ed87bfdd40
Event: 1.260 Thread 0x000002ca1bdc6050 DEOPT UNPACKING pc=0x000002ca25fc66a3 sp=0x000000ed87bfdc70 mode 2
Event: 1.265 Thread 0x000002ca1bdc6050 Uncommon trap: trap_request=0xffffff45 fr.pc=0x000002ca26533b58 relative=0x0000000000000598
Event: 1.265 Thread 0x000002ca1bdc6050 Uncommon trap: reason=unstable_if action=reinterpret pc=0x000002ca26533b58 method=java.lang.AbstractStringBuilder.append(Ljava/lang/String;)Ljava/lang/AbstractStringBuilder; @ 1 c2
Event: 1.265 Thread 0x000002ca1bdc6050 DEOPT PACKING pc=0x000002ca26533b58 sp=0x000000ed87bfe0c0
Event: 1.265 Thread 0x000002ca1bdc6050 DEOPT UNPACKING pc=0x000002ca25fc66a3 sp=0x000000ed87bfe040 mode 2

Classes unloaded (0 events):
No events

Classes redefined (0 events):
No events

Internal exceptions (9 events):
Event: 0.434 Thread 0x000002ca1bdc6050 Exception <a 'java/lang/NoSuchMethodError'{0x00000000eacb4eb0}: 'void java.lang.invoke.DirectMethodHandle$Holder.invokeStatic(java.lang.Object, java.lang.Object, java.lang.Object)'> (0x00000000eacb4eb0) 
thrown [s\src\hotspot\share\interpreter\linkResolver.cpp, line 759]
Event: 0.740 Thread 0x000002ca1bdc6050 Exception <a 'java/lang/reflect/InvocationTargetException'{0x00000000eafe75a0}> (0x00000000eafe75a0) 
thrown [s\src\hotspot\share\runtime\reflection.cpp, line 1121]
Event: 1.226 Thread 0x000002ca1bdc6050 Exception <a 'java/lang/ClassNotFoundException'{0x00000000eb85cf40}: sun/net/www/protocol/c/Handler> (0x00000000eb85cf40) 
thrown [s\src\hotspot\share\classfile\systemDictionary.cpp, line 256]
Event: 1.250 Thread 0x000002ca1bdc6050 Exception <a 'java/io/FileNotFoundException'{0x00000000eb874b18}> (0x00000000eb874b18) 
thrown [s\src\hotspot\share\prims\jni.cpp, line 516]
Event: 1.251 Thread 0x000002ca1bdc6050 Exception <a 'java/io/FileNotFoundException'{0x00000000eb875860}> (0x00000000eb875860) 
thrown [s\src\hotspot\share\prims\jni.cpp, line 516]
Event: 1.251 Thread 0x000002ca1bdc6050 Exception <a 'java/io/FileNotFoundException'{0x00000000eb876588}> (0x00000000eb876588) 
thrown [s\src\hotspot\share\prims\jni.cpp, line 516]
Event: 1.252 Thread 0x000002ca1bdc6050 Exception <a 'java/io/FileNotFoundException'{0x00000000eb877280}> (0x00000000eb877280) 
thrown [s\src\hotspot\share\prims\jni.cpp, line 516]
Event: 1.265 Thread 0x000002ca1bdc6050 Implicit null exception at 0x000002ca265335f2 to 0x000002ca26533b40
Event: 1.270 Thread 0x000002ca1bdc6050 Exception <a 'java/io/FileNotFoundException'{0x00000000eb8b1e10}> (0x00000000eb8b1e10) 
thrown [s\src\hotspot\share\prims\jni.cpp, line 516]

VM Operations (10 events):
Event: 0.446 Executing VM operation: HandshakeAllThreads
Event: 0.446 Executing VM operation: HandshakeAllThreads done
Event: 0.588 Executing VM operation: HandshakeAllThreads
Event: 0.588 Executing VM operation: HandshakeAllThreads done
Event: 1.192 Executing VM operation: HandshakeAllThreads
Event: 1.192 Executing VM operation: HandshakeAllThreads done
Event: 1.192 Executing VM operation: Cleanup
Event: 1.192 Executing VM operation: Cleanup done
Event: 1.217 Executing VM operation: HandshakeAllThreads
Event: 1.217 Executing VM operation: HandshakeAllThreads done

Events (20 events):
Event: 1.255 loading class java/net/FileNameMap done
Event: 1.255 loading class java/net/URLConnection$1 done
Event: 1.255 loading class sun/net/www/MimeTable
Event: 1.257 loading class sun/net/www/MimeTable done
Event: 1.258 loading class sun/net/www/MimeTable$1
Event: 1.259 loading class sun/net/www/MimeTable$1 done
Event: 1.259 loading class sun/net/www/MimeTable$DefaultInstanceHolder
Event: 1.259 loading class sun/net/www/MimeTable$DefaultInstanceHolder done
Event: 1.259 loading class sun/net/www/MimeTable$DefaultInstanceHolder$1
Event: 1.259 loading class sun/net/www/MimeTable$DefaultInstanceHolder$1 done
Event: 1.262 loading class java/util/Properties$EntrySet
Event: 1.262 loading class java/util/Properties$EntrySet done
Event: 1.262 loading class java/util/Collections$SynchronizedSet
Event: 1.263 loading class java/util/Collections$SynchronizedCollection
Event: 1.263 loading class java/util/Collections$SynchronizedCollection done
Event: 1.263 loading class java/util/Collections$SynchronizedSet done
Event: 1.263 loading class java/util/Hashtable$Enumerator
Event: 1.263 loading class java/util/Hashtable$Enumerator done
Event: 1.264 loading class sun/net/www/MimeEntry
Event: 1.265 loading class sun/net/www/MimeEntry done


Dynamic libraries:
0x00007ff75b5a0000 - 0x00007ff75b5ae000 	c:\Users\ELIANA\.vscode\extensions\redhat.java-1.28.1-win32-x64\jre\17.0.10-win32-x86_64\bin\java.exe
0x00007ffb64110000 - 0x00007ffb64327000 	C:\WINDOWS\SYSTEM32\ntdll.dll
0x00007ffb62050000 - 0x00007ffb62114000 	C:\WINDOWS\System32\KERNEL32.DLL
0x00007ffb61630000 - 0x00007ffb619d6000 	C:\WINDOWS\System32\KERNELBASE.dll
0x00007ffb5e500000 - 0x00007ffb5e597000 	C:\WINDOWS\SYSTEM32\apphelp.dll
0x00007ffb61a10000 - 0x00007ffb61b21000 	C:\WINDOWS\System32\ucrtbase.dll
0x00007ffb5a700000 - 0x00007ffb5a717000 	c:\Users\ELIANA\.vscode\extensions\redhat.java-1.28.1-win32-x64\jre\17.0.10-win32-x86_64\bin\jli.dll
0x00007ffb62b20000 - 0x00007ffb62cce000 	C:\WINDOWS\System32\USER32.dll
0x00007ffb619e0000 - 0x00007ffb61a06000 	C:\WINDOWS\System32\win32u.dll
0x00007ffb628b0000 - 0x00007ffb628d9000 	C:\WINDOWS\System32\GDI32.dll
0x00007ffb61450000 - 0x00007ffb61568000 	C:\WINDOWS\System32\gdi32full.dll
0x00007ffb61ca0000 - 0x00007ffb61d3a000 	C:\WINDOWS\System32\msvcp_win.dll
0x00007ffb4fe90000 - 0x00007ffb4feab000 	c:\Users\ELIANA\.vscode\extensions\redhat.java-1.28.1-win32-x64\jre\17.0.10-win32-x86_64\bin\VCRUNTIME140.dll
0x00007ffb51fb0000 - 0x00007ffb52243000 	C:\WINDOWS\WinSxS\amd64_microsoft.windows.common-controls_6595b64144ccf1df_6.0.22621.2506_none_270c5ae97388e100\COMCTL32.dll
0x00007ffb63400000 - 0x00007ffb634a7000 	C:\WINDOWS\System32\msvcrt.dll
0x00007ffb62cd0000 - 0x00007ffb62d01000 	C:\WINDOWS\System32\IMM32.DLL
0x00007ffb5caf0000 - 0x00007ffb5cafc000 	c:\Users\ELIANA\.vscode\extensions\redhat.java-1.28.1-win32-x64\jre\17.0.10-win32-x86_64\bin\vcruntime140_1.dll
0x00007ffb4cd00000 - 0x00007ffb4cd8d000 	c:\Users\ELIANA\.vscode\extensions\redhat.java-1.28.1-win32-x64\jre\17.0.10-win32-x86_64\bin\msvcp140.dll
0x00007ffaf1e70000 - 0x00007ffaf2ad2000 	c:\Users\ELIANA\.vscode\extensions\redhat.java-1.28.1-win32-x64\jre\17.0.10-win32-x86_64\bin\server\jvm.dll
0x00007ffb631c0000 - 0x00007ffb63273000 	C:\WINDOWS\System32\ADVAPI32.dll
0x00007ffb627a0000 - 0x00007ffb62848000 	C:\WINDOWS\System32\sechost.dll
0x00007ffb61dc0000 - 0x00007ffb61de8000 	C:\WINDOWS\System32\bcrypt.dll
0x00007ffb63fb0000 - 0x00007ffb640c7000 	C:\WINDOWS\System32\RPCRT4.dll
0x00007ffb602a0000 - 0x00007ffb602ed000 	C:\WINDOWS\SYSTEM32\POWRPROF.dll
0x00007ffb5c480000 - 0x00007ffb5c489000 	C:\WINDOWS\SYSTEM32\WSOCK32.dll
0x00007ffb62d20000 - 0x00007ffb62d91000 	C:\WINDOWS\System32\WS2_32.dll
0x00007ffb59030000 - 0x00007ffb59064000 	C:\WINDOWS\SYSTEM32\WINMM.dll
0x00007ffb534f0000 - 0x00007ffb534fa000 	C:\WINDOWS\SYSTEM32\VERSION.dll
0x00007ffb60280000 - 0x00007ffb60293000 	C:\WINDOWS\SYSTEM32\UMPDC.dll
0x00007ffb60540000 - 0x00007ffb60558000 	C:\WINDOWS\SYSTEM32\kernel.appcore.dll
0x00007ffb591f0000 - 0x00007ffb591fa000 	c:\Users\ELIANA\.vscode\extensions\redhat.java-1.28.1-win32-x64\jre\17.0.10-win32-x86_64\bin\jimage.dll
0x00007ffb5eac0000 - 0x00007ffb5ecf3000 	C:\WINDOWS\SYSTEM32\DBGHELP.DLL
0x00007ffb62da0000 - 0x00007ffb63129000 	C:\WINDOWS\System32\combase.dll
0x00007ffb62a40000 - 0x00007ffb62b17000 	C:\WINDOWS\System32\OLEAUT32.dll
0x00007ffb3be90000 - 0x00007ffb3bec2000 	C:\WINDOWS\SYSTEM32\dbgcore.DLL
0x00007ffb61d40000 - 0x00007ffb61dba000 	C:\WINDOWS\System32\bcryptPrimitives.dll
0x00007ffb52990000 - 0x00007ffb5299e000 	c:\Users\ELIANA\.vscode\extensions\redhat.java-1.28.1-win32-x64\jre\17.0.10-win32-x86_64\bin\instrument.dll
0x00007ffb4fe60000 - 0x00007ffb4fe85000 	c:\Users\ELIANA\.vscode\extensions\redhat.java-1.28.1-win32-x64\jre\17.0.10-win32-x86_64\bin\java.dll
0x00007ffb4fe40000 - 0x00007ffb4fe58000 	c:\Users\ELIANA\.vscode\extensions\redhat.java-1.28.1-win32-x64\jre\17.0.10-win32-x86_64\bin\zip.dll
0x00007ffb63630000 - 0x00007ffb63e8b000 	C:\WINDOWS\System32\SHELL32.dll
0x00007ffb5f370000 - 0x00007ffb5fc66000 	C:\WINDOWS\SYSTEM32\windows.storage.dll
0x00007ffb5f230000 - 0x00007ffb5f36e000 	C:\WINDOWS\SYSTEM32\wintypes.dll
0x00007ffb634b0000 - 0x00007ffb635a3000 	C:\WINDOWS\System32\SHCORE.dll
0x00007ffb63290000 - 0x00007ffb632ee000 	C:\WINDOWS\System32\shlwapi.dll
0x00007ffb61380000 - 0x00007ffb613a6000 	C:\WINDOWS\SYSTEM32\profapi.dll
0x00007ffb4fbe0000 - 0x00007ffb4fbf9000 	C:\Users\ELIANA\.vscode\extensions\redhat.java-1.28.1-win32-x64\jre\17.0.10-win32-x86_64\bin\net.dll
0x00007ffb5a4d0000 - 0x00007ffb5a607000 	C:\WINDOWS\SYSTEM32\WINHTTP.dll
0x00007ffb609c0000 - 0x00007ffb60a29000 	C:\WINDOWS\system32\mswsock.dll
0x00007ffb4fbc0000 - 0x00007ffb4fbd6000 	C:\Users\ELIANA\.vscode\extensions\redhat.java-1.28.1-win32-x64\jre\17.0.10-win32-x86_64\bin\nio.dll
0x00007ffb4fe30000 - 0x00007ffb4fe40000 	c:\Users\ELIANA\.vscode\extensions\redhat.java-1.28.1-win32-x64\jre\17.0.10-win32-x86_64\bin\verify.dll

dbghelp: loaded successfully - version: 4.0.5 - missing functions: none
symbol engine: initialized successfully - sym options: 0x614 - pdb path: .;c:\Users\ELIANA\.vscode\extensions\redhat.java-1.28.1-win32-x64\jre\17.0.10-win32-x86_64\bin;C:\WINDOWS\SYSTEM32;C:\WINDOWS\WinSxS\amd64_microsoft.windows.common-controls_6595b64144ccf1df_6.0.22621.2506_none_270c5ae97388e100;c:\Users\ELIANA\.vscode\extensions\redhat.java-1.28.1-win32-x64\jre\17.0.10-win32-x86_64\bin\server

VM Arguments:
jvm_args: --add-modules=ALL-SYSTEM --add-opens=java.base/java.util=ALL-UNNAMED --add-opens=java.base/java.lang=ALL-UNNAMED --add-opens=java.base/sun.nio.fs=ALL-UNNAMED -Declipse.application=org.eclipse.jdt.ls.core.id1 -Dosgi.bundles.defaultStartLevel=4 -Declipse.product=org.eclipse.jdt.ls.core.product -Djava.import.generatesMetadataFilesAtProjectRoot=false -DDetectVMInstallationsJob.disabled=true -Dfile.encoding=utf8 -XX:+UseParallelGC -XX:GCTimeRatio=4 -XX:AdaptiveSizePolicyWeight=90 -Dsun.zip.disableMemoryMapping=true -Xmx1G -Xms100m -Xlog:disable -javaagent:c:\Users\ELIANA\.vscode\extensions\redhat.java-1.28.1-win32-x64\lombok\lombok-1.18.31.jar 
java_command: c:\Users\ELIANA\.vscode\extensions\redhat.java-1.28.1-win32-x64\server\plugins\org.eclipse.equinox.launcher_1.6.700.v20231214-2017.jar -configuration c:\Users\ELIANA\AppData\Roaming\Code\User\globalStorage\redhat.java\1.28.1\config_ss_win -data c:\Users\ELIANA\AppData\Roaming\Code\User\workspaceStorage\22f80c69744dfe1009ff59844c673f69\redhat.java\ss_ws --stdio
java_class_path (initial): c:\Users\ELIANA\.vscode\extensions\redhat.java-1.28.1-win32-x64\server\plugins\org.eclipse.equinox.launcher_1.6.700.v20231214-2017.jar
Launcher Type: SUN_STANDARD

[Global flags]
    uintx AdaptiveSizePolicyWeight                 = 90                                        {product} {command line}
     intx CICompilerCount                          = 4                                         {product} {ergonomic}
    uintx GCTimeRatio                              = 4                                         {product} {command line}
   size_t InitialHeapSize                          = 104857600                                 {product} {command line}
   size_t MaxHeapSize                              = 1073741824                                {product} {command line}
   size_t MaxNewSize                               = 357564416                                 {product} {ergonomic}
   size_t MinHeapDeltaBytes                        = 524288                                    {product} {ergonomic}
   size_t MinHeapSize                              = 104857600                                 {product} {command line}
   size_t NewSize                                  = 34603008                                  {product} {ergonomic}
    uintx NonNMethodCodeHeapSize                   = 5839372                                {pd product} {ergonomic}
    uintx NonProfiledCodeHeapSize                  = 122909434                              {pd product} {ergonomic}
   size_t OldSize                                  = 70254592                                  {product} {ergonomic}
    uintx ProfiledCodeHeapSize                     = 122909434                              {pd product} {ergonomic}
    uintx ReservedCodeCacheSize                    = 251658240                              {pd product} {ergonomic}
     bool SegmentedCodeCache                       = true                                      {product} {ergonomic}
   size_t SoftMaxHeapSize                          = 1073741824                             {manageable} {ergonomic}
     bool UseCompressedClassPointers               = true                           {product lp64_product} {ergonomic}
     bool UseCompressedOops                        = true                           {product lp64_product} {ergonomic}
     bool UseLargePagesIndividualAllocation        = false                                  {pd product} {ergonomic}
     bool UseParallelGC                            = true                                      {product} {command line}

Logging:
Log output configuration:
 #0: stdout all=off uptime,level,tags
 #1: stderr all=off uptime,level,tags

Environment Variables:
PATH=C:\Program Files\Common Files\Oracle\Java\javapath;C:\Windows\system32;C:\Windows;C:\Windows\System32\Wbem;C:\Windows\System32\WindowsPowerShell\v1.0\;C:\Windows\System32\OpenSSH\;C:\Program Files (x86)\NVIDIA Corporation\PhysX\Common;C:\Program Files\NVIDIA Corporation\NVIDIA NvDLISR;C:\Program Files\dotnet\;C:\WINDOWS\system32;C:\WINDOWS;C:\WINDOWS\System32\Wbem;C:\WINDOWS\System32\WindowsPowerShell\v1.0\;C:\WINDOWS\System32\OpenSSH\;C:\Program Files\Git\cmd;C:\Program Files\Git\mingw64\bin;C:\Program Files\Git\usr\bin;C:\Program Files\PowerShell\7\;C:\Users\ELIANA\AppData\Local\Programs\Python\Python312\Scripts\;C:\Users\ELIANA\AppData\Local\Programs\Python\Python312\;C:\Users\ELIANA\AppData\Local\Programs\Python\Launcher\;C:\Users\ELIANA\AppData\Local\Microsoft\WindowsApps;;C:\Users\ELIANA\AppData\Local\Programs\Microsoft VS Code\bin
USERNAME=ELIANA
OS=Windows_NT
PROCESSOR_IDENTIFIER=Intel64 Family 6 Model 165 Stepping 2, GenuineIntel
TMP=C:\Users\ELIANA\AppData\Local\Temp
TEMP=C:\Users\ELIANA\AppData\Local\Temp



Periodic native trim disabled


---------------  S Y S T E M  ---------------

OS:
 Windows 11 , 64 bit Build 22621 (10.0.22621.3085)
OS uptime: 1 days 19:36 hours
Hyper-V role detected

CPU: total 8 (initial active 8) (4 cores per cpu, 2 threads per core) family 6 model 165 stepping 2 microcode 0xe0, cx8, cmov, fxsr, ht, mmx, 3dnowpref, sse, sse2, sse3, ssse3, sse4.1, sse4.2, popcnt, lzcnt, tsc, tscinvbit, avx, avx2, aes, erms, clmul, bmi1, bmi2, adx, fma, vzeroupper, clflush, clflushopt, hv
Processor Information for all 8 processors :
  Max Mhz: 2496, Current Mhz: 1996, Mhz Limit: 2496

Memory: 4k page, system-wide physical 16221M (9250M free)
TotalPageFile size 65373M (AvailPageFile size 50M)
current process WorkingSet (physical memory assigned to process): 61M, peak: 61M
current process commit charge ("private bytes"): 197M, peak: 198M

vm_info: OpenJDK 64-Bit Server VM (17.0.10+7) for windows-amd64 JRE (17.0.10+7), built on Jan 16 2024 23:25:11 by "admin" with MS VC++ 16.10 / 16.11 (VS2019)

END.
