#
# There is insufficient memory for the Java Runtime Environment to continue.
# Native memory allocation (malloc) failed to allocate 183536 bytes for Chunk::new
# Possible reasons:
#   The system is out of physical RAM or swap space
#   The process is running with CompressedOops enabled, and the Java Heap may be blocking the growth of the native heap
# Possible solutions:
#   Reduce memory load on the system
#   Increase physical memory or swap space
#   Check if swap backing store is full
#   Decrease Java heap size (-Xmx/-Xms)
#   Decrease number of Java threads
#   Decrease Java thread stack sizes (-Xss)
#   Set larger code cache with -XX:ReservedCodeCacheSize=
#   JVM is running with Unscaled Compressed Oops mode in which the Java heap is
#     placed in the first 4GB address space. The Java Heap base address is the
#     maximum limit for the native heap growth. Please use -XX:HeapBaseMinAddress
#     to set the Java Heap base and to place the Java Heap above 4GB virtual address.
# This output file may be truncated or incomplete.
#
#  Out of Memory Error (arena.cpp:191), pid=10424, tid=7268
#
# JRE version: OpenJDK Runtime Environment Temurin-17.0.10+7 (17.0.10+7) (build 17.0.10+7)
# Java VM: OpenJDK 64-Bit Server VM Temurin-17.0.10+7 (17.0.10+7, mixed mode, tiered, compressed oops, compressed class ptrs, parallel gc, windows-amd64)
# No core dump will be written. Minidumps are not enabled by default on client versions of Windows
#

---------------  S U M M A R Y ------------

Command Line: --add-modules=ALL-SYSTEM --add-opens=java.base/java.util=ALL-UNNAMED --add-opens=java.base/java.lang=ALL-UNNAMED --add-opens=java.base/sun.nio.fs=ALL-UNNAMED -Declipse.application=org.eclipse.jdt.ls.core.id1 -Dosgi.bundles.defaultStartLevel=4 -Declipse.product=org.eclipse.jdt.ls.core.product -Djava.import.generatesMetadataFilesAtProjectRoot=false -DDetectVMInstallationsJob.disabled=true -Dfile.encoding=utf8 -XX:+UseParallelGC -XX:GCTimeRatio=4 -XX:AdaptiveSizePolicyWeight=90 -Dsun.zip.disableMemoryMapping=true -Xmx1G -Xms100m -Xlog:disable -javaagent:c:\Users\ELIANA\.vscode\extensions\redhat.java-1.28.1-win32-x64\lombok\lombok-1.18.31.jar -XX:+HeapDumpOnOutOfMemoryError -XX:HeapDumpPath=c:\Users\ELIANA\AppData\Roaming\Code\User\workspaceStorage\22f80c69744dfe1009ff59844c673f69\redhat.java -Daether.dependencyCollector.impl=bf c:\Users\ELIANA\.vscode\extensions\redhat.java-1.28.1-win32-x64\server\plugins\org.eclipse.equinox.launcher_1.6.700.v20231214-2017.jar -configuration c:\Users\ELIANA\AppData\Roaming\Code\User\globalStorage\redhat.java\1.28.1\config_win -data c:\Users\ELIANA\AppData\Roaming\Code\User\workspaceStorage\22f80c69744dfe1009ff59844c673f69\redhat.java\jdt_ws --stdio

Host: Intel(R) Core(TM) i5-10300H CPU @ 2.50GHz, 8 cores, 15G,  Windows 11 , 64 bit Build 22621 (10.0.22621.3085)
Time: Wed Feb 28 18:00:14 2024 Hora est. Pacífico, Sudamérica elapsed time: 2.170598 seconds (0d 0h 0m 2s)

---------------  T H R E A D  ---------------

Current thread (0x000001ebfda27920):  JavaThread "C2 CompilerThread0" daemon [_thread_in_native, id=7268, stack(0x0000008972000000,0x0000008972100000)]


Current CompileTask:
C2:   2170 1357       4       lombok.patcher.scripts.AddFieldScript::patch (55 bytes)

Stack: [0x0000008972000000,0x0000008972100000]
Native frames: (J=compiled Java code, j=interpreted, Vv=VM code, C=native code)
V  [jvm.dll+0x67d2c9]
V  [jvm.dll+0x834afa]
V  [jvm.dll+0x8365be]
V  [jvm.dll+0x836c23]
V  [jvm.dll+0x2477ff]
V  [jvm.dll+0xac514]
V  [jvm.dll+0xacb5c]
V  [jvm.dll+0x2aed1f]
V  [jvm.dll+0x584b67]
V  [jvm.dll+0x2228a2]
V  [jvm.dll+0x21ba9e]
V  [jvm.dll+0x219201]
V  [jvm.dll+0x1a502d]
V  [jvm.dll+0x2290de]
V  [jvm.dll+0x2272ac]
V  [jvm.dll+0x7e9bb7]
V  [jvm.dll+0x7e3fba]
V  [jvm.dll+0x67c1b5]
C  [ucrtbase.dll+0x29363]
C  [KERNEL32.DLL+0x1257d]
C  [ntdll.dll+0x5aa58]


---------------  P R O C E S S  ---------------

Threads class SMR info:
_java_thread_list=0x000001eb80194ec0, length=15, elements={
0x000001ebe4a94660, 0x000001ebf8908830, 0x000001ebf8909e50, 0x000001ebfda17f10,
0x000001ebfda1ada0, 0x000001ebfda1c3c0, 0x000001ebfda21eb0, 0x000001ebfda27920,
0x000001ebfda28a80, 0x000001ebfda31c50, 0x000001ebfdb546b0, 0x000001ebfdd3c6f0,
0x000001ebfefeda00, 0x000001ebfefedf20, 0x000001eb80195170
}

Java Threads: ( => current thread )
  0x000001ebe4a94660 JavaThread "main" [_thread_in_Java, id=7724, stack(0x0000008971700000,0x0000008971800000)]
  0x000001ebf8908830 JavaThread "Reference Handler" daemon [_thread_blocked, id=13924, stack(0x0000008971a00000,0x0000008971b00000)]
  0x000001ebf8909e50 JavaThread "Finalizer" daemon [_thread_blocked, id=3836, stack(0x0000008971b00000,0x0000008971c00000)]
  0x000001ebfda17f10 JavaThread "Signal Dispatcher" daemon [_thread_blocked, id=15784, stack(0x0000008971c00000,0x0000008971d00000)]
  0x000001ebfda1ada0 JavaThread "Attach Listener" daemon [_thread_blocked, id=14196, stack(0x0000008971d00000,0x0000008971e00000)]
  0x000001ebfda1c3c0 JavaThread "Service Thread" daemon [_thread_blocked, id=2864, stack(0x0000008971e00000,0x0000008971f00000)]
  0x000001ebfda21eb0 JavaThread "Monitor Deflation Thread" daemon [_thread_blocked, id=12224, stack(0x0000008971f00000,0x0000008972000000)]
=>0x000001ebfda27920 JavaThread "C2 CompilerThread0" daemon [_thread_in_native, id=7268, stack(0x0000008972000000,0x0000008972100000)]
  0x000001ebfda28a80 JavaThread "C1 CompilerThread0" daemon [_thread_blocked, id=16256, stack(0x0000008972100000,0x0000008972200000)]
  0x000001ebfda31c50 JavaThread "Sweeper thread" daemon [_thread_blocked, id=17016, stack(0x0000008972200000,0x0000008972300000)]
  0x000001ebfdb546b0 JavaThread "Common-Cleaner" daemon [_thread_blocked, id=18272, stack(0x0000008972300000,0x0000008972400000)]
  0x000001ebfdd3c6f0 JavaThread "Notification Thread" daemon [_thread_blocked, id=8784, stack(0x0000008972400000,0x0000008972500000)]
  0x000001ebfefeda00 JavaThread "C2 CompilerThread1" daemon [_thread_in_native, id=20324, stack(0x0000008972c00000,0x0000008972d00000)]
  0x000001ebfefedf20 JavaThread "C2 CompilerThread2" daemon [_thread_in_native, id=16388, stack(0x0000008972d00000,0x0000008972e00000)]
  0x000001eb80195170 JavaThread "Active Thread: Equinox Container: 86638eaf-eb25-4bcb-bc5b-6b60559417ab" [_thread_blocked, id=7468, stack(0x0000008972e00000,0x0000008972f00000)]

Other Threads:
  0x000001ebfd9e1580 VMThread "VM Thread" [stack: 0x0000008971900000,0x0000008971a00000] [id=11844]
  0x000001ebfdd3cbd0 WatcherThread [stack: 0x0000008972500000,0x0000008972600000] [id=11756]
  0x000001ebe4aaa100 GCTaskThread "GC Thread#0" [stack: 0x0000008971800000,0x0000008971900000] [id=18460]
  0x000001ebfefa62b0 GCTaskThread "GC Thread#1" [stack: 0x0000008972600000,0x0000008972700000] [id=1976]
  0x000001eb800365f0 GCTaskThread "GC Thread#2" [stack: 0x0000008972700000,0x0000008972800000] [id=7556]
  0x000001ebfefa6570 GCTaskThread "GC Thread#3" [stack: 0x0000008972800000,0x0000008972900000] [id=17868]
  0x000001ebfefa6830 GCTaskThread "GC Thread#4" [stack: 0x0000008972900000,0x0000008972a00000] [id=5232]
  0x000001ebfefa6af0 GCTaskThread "GC Thread#5" [stack: 0x0000008972a00000,0x0000008972b00000] [id=19620]
  0x000001ebfefa6db0 GCTaskThread "GC Thread#6" [stack: 0x0000008972b00000,0x0000008972c00000] [id=16688]

Threads with active compile tasks:
C2 CompilerThread0     2200 1357       4       lombok.patcher.scripts.AddFieldScript::patch (55 bytes)
C2 CompilerThread1     2200 1371       4       java.lang.StringLatin1::toUpperCase (186 bytes)
C2 CompilerThread2     2200 1369   !   4       lombok.patcher.ScriptManager$OurClassFileTransformer::transform (364 bytes)

VM state: not at safepoint (normal execution)

VM Mutex/Monitor currently owned by a thread: None

Heap address: 0x00000000c0000000, size: 1024 MB, Compressed Oops mode: 32-bit

CDS archive(s) not mapped
Compressed class space mapped at: 0x0000000100000000-0x0000000140000000, reserved size: 1073741824
Narrow klass base: 0x0000000000000000, Narrow klass shift: 3, Narrow klass range: 0x140000000

GC Precious Log:
 CPUs: 8 total, 8 available
 Memory: 16221M
 Large Page Support: Disabled
 NUMA Support: Disabled
 Compressed Oops: Enabled (32-bit)
 Alignments: Space 512K, Generation 512K, Heap 2M
 Heap Min Capacity: 100M
 Heap Initial Capacity: 100M
 Heap Max Capacity: 1G
 Pre-touch: Disabled
 Parallel Workers: 8

Heap:
 PSYoungGen      total 29696K, used 18450K [0x00000000eab00000, 0x00000000ecc00000, 0x0000000100000000)
  eden space 25600K, 59% used [0x00000000eab00000,0x00000000eb9ef7e8,0x00000000ec400000)
  from space 4096K, 77% used [0x00000000ec400000,0x00000000ec715130,0x00000000ec800000)
  to   space 4096K, 0% used [0x00000000ec800000,0x00000000ec800000,0x00000000ecc00000)
 ParOldGen       total 68608K, used 16K [0x00000000c0000000, 0x00000000c4300000, 0x00000000eab00000)
  object space 68608K, 0% used [0x00000000c0000000,0x00000000c0004000,0x00000000c4300000)
 Metaspace       used 13146K, committed 13312K, reserved 1114112K
  class space    used 1288K, committed 1344K, reserved 1048576K

Card table byte_map: [0x000001ebe4420000,0x000001ebe4630000] _byte_map_base: 0x000001ebe3e20000

Marking Bits: (ParMarkBitMap*) 0x00007ffaf2a0d7d0
 Begin Bits: [0x000001ebf6710000, 0x000001ebf7710000)
 End Bits:   [0x000001ebf7710000, 0x000001ebf8710000)

Polling page: 0x000001ebe2bf0000

Metaspace:

Usage:
  Non-class:     11.58 MB used.
      Class:      1.26 MB used.
       Both:     12.84 MB used.

Virtual space:
  Non-class space:       64.00 MB reserved,      11.69 MB ( 18%) committed,  1 nodes.
      Class space:        1.00 GB reserved,       1.31 MB ( <1%) committed,  1 nodes.
             Both:        1.06 GB reserved,      13.00 MB (  1%) committed. 

Chunk freelists:
   Non-Class:  3.84 MB
       Class:  14.56 MB
        Both:  18.41 MB

MaxMetaspaceSize: unlimited
CompressedClassSpaceSize: 1.00 GB
Initial GC threshold: 21.00 MB
Current GC threshold: 21.00 MB
CDS: off
MetaspaceReclaimPolicy: balanced
 - commit_granule_bytes: 65536.
 - commit_granule_words: 8192.
 - virtual_space_node_default_size: 8388608.
 - enlarge_chunks_in_place: 1.
 - new_chunks_are_fully_committed: 0.
 - uncommit_free_chunks: 1.
 - use_allocation_guard: 0.
 - handle_deallocations: 1.


Internal statistics:

num_allocs_failed_limit: 0.
num_arena_births: 40.
num_arena_deaths: 0.
num_vsnodes_births: 2.
num_vsnodes_deaths: 0.
num_space_committed: 208.
num_space_uncommitted: 0.
num_chunks_returned_to_freelist: 0.
num_chunks_taken_from_freelist: 172.
num_chunk_merges: 0.
num_chunk_splits: 118.
num_chunks_enlarged: 100.
num_inconsistent_stats: 0.

CodeHeap 'non-profiled nmethods': size=120000Kb used=591Kb max_used=591Kb free=119408Kb
 bounds [0x000001ebef1e0000, 0x000001ebef450000, 0x000001ebf6710000]
CodeHeap 'profiled nmethods': size=120000Kb used=2425Kb max_used=2425Kb free=117574Kb
 bounds [0x000001ebe7710000, 0x000001ebe7980000, 0x000001ebeec40000]
CodeHeap 'non-nmethods': size=5760Kb used=1150Kb max_used=1181Kb free=4609Kb
 bounds [0x000001ebeec40000, 0x000001ebeeeb0000, 0x000001ebef1e0000]
 total_blobs=1821 nmethods=1376 adapters=360
 compilation: enabled
              stopped_count=0, restarted_count=0
 full_count=0

Compilation events (20 events):
Event: 2.157 Thread 0x000001ebfda28a80 1353       3       java.security.SecureClassLoader$CodeSourceKey::equals (60 bytes)
Event: 2.158 Thread 0x000001ebfda27920 1357       4       lombok.patcher.scripts.AddFieldScript::patch (55 bytes)
Event: 2.158 Thread 0x000001ebfda28a80 nmethod 1353 0x000001ebe7961e90 code [0x000001ebe7962080, 0x000001ebe79626d8]
Event: 2.158 Thread 0x000001ebfda28a80 1356       3       java.lang.ClassLoader::setSigners (6 bytes)
Event: 2.158 Thread 0x000001ebfda28a80 nmethod 1356 0x000001ebe7962890 code [0x000001ebe7962a40, 0x000001ebe7962b88]
Event: 2.159 Thread 0x000001ebfda28a80 1358   !   3       java.net.URLClassLoader::findClass (47 bytes)
Event: 2.159 Thread 0x000001ebfda28a80 nmethod 1358 0x000001ebe7962c90 code [0x000001ebe7962e80, 0x000001ebe7963488]
Event: 2.159 Thread 0x000001ebfda28a80 1359       3       java.net.URLClassLoader$1::<init> (15 bytes)
Event: 2.160 Thread 0x000001ebfda28a80 nmethod 1359 0x000001ebe7963690 code [0x000001ebe7963820, 0x000001ebe79639b8]
Event: 2.161 Thread 0x000001ebfda28a80 1360       1       java.util.Collections$EmptyMap::get (2 bytes)
Event: 2.161 Thread 0x000001ebfda28a80 nmethod 1360 0x000001ebef272a10 code [0x000001ebef272ba0, 0x000001ebef272c78]
Event: 2.161 Thread 0x000001ebfda28a80 1361       1       org.eclipse.osgi.container.ModuleCapability::getDirectives (5 bytes)
Event: 2.162 Thread 0x000001ebfda28a80 nmethod 1361 0x000001ebef272d10 code [0x000001ebef272ea0, 0x000001ebef272f78]
Event: 2.162 Thread 0x000001ebfda28a80 1362       3       java.util.ArrayList$SubList$1::hasNext (20 bytes)
Event: 2.162 Thread 0x000001ebfda28a80 nmethod 1362 0x000001ebe7963a90 code [0x000001ebe7963c20, 0x000001ebe7963d98]
Event: 2.162 Thread 0x000001ebfda28a80 1363       3       java.util.ArrayList$SubList$1::next (85 bytes)
Event: 2.162 Thread 0x000001ebfda28a80 nmethod 1363 0x000001ebe7963e90 code [0x000001ebe7964080, 0x000001ebe79644a8]
Event: 2.162 Thread 0x000001ebfda28a80 1364       3       java.util.ArrayList$SubList$1::checkForComodification (26 bytes)
Event: 2.163 Thread 0x000001ebfda28a80 nmethod 1364 0x000001ebe7964710 code [0x000001ebe79648c0, 0x000001ebe7964a88]
Event: 2.163 Thread 0x000001ebfda28a80 1365   !   3       java.net.URLClassLoader::defineClass (225 bytes)

GC Heap History (2 events):
Event: 1.555 GC heap before
{Heap before GC invocations=1 (full 0):
 PSYoungGen      total 29696K, used 25600K [0x00000000eab00000, 0x00000000ecc00000, 0x0000000100000000)
  eden space 25600K, 100% used [0x00000000eab00000,0x00000000ec400000,0x00000000ec400000)
  from space 4096K, 0% used [0x00000000ec800000,0x00000000ec800000,0x00000000ecc00000)
  to   space 4096K, 0% used [0x00000000ec400000,0x00000000ec400000,0x00000000ec800000)
 ParOldGen       total 68608K, used 0K [0x00000000c0000000, 0x00000000c4300000, 0x00000000eab00000)
  object space 68608K, 0% used [0x00000000c0000000,0x00000000c0000000,0x00000000c4300000)
 Metaspace       used 11003K, committed 11200K, reserved 1114112K
  class space    used 1098K, committed 1216K, reserved 1048576K
}
Event: 1.564 GC heap after
{Heap after GC invocations=1 (full 0):
 PSYoungGen      total 29696K, used 3156K [0x00000000eab00000, 0x00000000ecc00000, 0x0000000100000000)
  eden space 25600K, 0% used [0x00000000eab00000,0x00000000eab00000,0x00000000ec400000)
  from space 4096K, 77% used [0x00000000ec400000,0x00000000ec715130,0x00000000ec800000)
  to   space 4096K, 0% used [0x00000000ec800000,0x00000000ec800000,0x00000000ecc00000)
 ParOldGen       total 68608K, used 16K [0x00000000c0000000, 0x00000000c4300000, 0x00000000eab00000)
  object space 68608K, 0% used [0x00000000c0000000,0x00000000c0004000,0x00000000c4300000)
 Metaspace       used 11003K, committed 11200K, reserved 1114112K
  class space    used 1098K, committed 1216K, reserved 1048576K
}

Dll operation events (8 events):
Event: 0.020 Loaded shared library c:\Users\ELIANA\.vscode\extensions\redhat.java-1.28.1-win32-x64\jre\17.0.10-win32-x86_64\bin\java.dll
Event: 0.262 Loaded shared library c:\Users\ELIANA\.vscode\extensions\redhat.java-1.28.1-win32-x64\jre\17.0.10-win32-x86_64\bin\zip.dll
Event: 0.270 Loaded shared library C:\Users\ELIANA\.vscode\extensions\redhat.java-1.28.1-win32-x64\jre\17.0.10-win32-x86_64\bin\instrument.dll
Event: 0.302 Loaded shared library C:\Users\ELIANA\.vscode\extensions\redhat.java-1.28.1-win32-x64\jre\17.0.10-win32-x86_64\bin\net.dll
Event: 0.306 Loaded shared library C:\Users\ELIANA\.vscode\extensions\redhat.java-1.28.1-win32-x64\jre\17.0.10-win32-x86_64\bin\nio.dll
Event: 0.317 Loaded shared library C:\Users\ELIANA\.vscode\extensions\redhat.java-1.28.1-win32-x64\jre\17.0.10-win32-x86_64\bin\zip.dll
Event: 0.344 Loaded shared library C:\Users\ELIANA\.vscode\extensions\redhat.java-1.28.1-win32-x64\jre\17.0.10-win32-x86_64\bin\jimage.dll
Event: 0.483 Loaded shared library c:\Users\ELIANA\.vscode\extensions\redhat.java-1.28.1-win32-x64\jre\17.0.10-win32-x86_64\bin\verify.dll

Deoptimization events (20 events):
Event: 1.779 Thread 0x000001ebe4a94660 DEOPT PACKING pc=0x000001ebe7784845 sp=0x00000089717f76f0
Event: 1.779 Thread 0x000001ebe4a94660 DEOPT UNPACKING pc=0x000001ebeec96e43 sp=0x00000089717f6ba0 mode 0
Event: 1.800 Thread 0x000001ebe4a94660 DEOPT PACKING pc=0x000001ebe7784845 sp=0x00000089717f3ad0
Event: 1.800 Thread 0x000001ebe4a94660 DEOPT UNPACKING pc=0x000001ebeec96e43 sp=0x00000089717f2f80 mode 0
Event: 1.808 Thread 0x000001ebe4a94660 DEOPT PACKING pc=0x000001ebe7784845 sp=0x00000089717f3ad0
Event: 1.808 Thread 0x000001ebe4a94660 DEOPT UNPACKING pc=0x000001ebeec96e43 sp=0x00000089717f2f80 mode 0
Event: 1.827 Thread 0x000001ebe4a94660 DEOPT PACKING pc=0x000001ebe7784845 sp=0x00000089717f3ad0
Event: 1.827 Thread 0x000001ebe4a94660 DEOPT UNPACKING pc=0x000001ebeec96e43 sp=0x00000089717f2f80 mode 0
Event: 1.845 Thread 0x000001ebe4a94660 DEOPT PACKING pc=0x000001ebe7784845 sp=0x00000089717f7600
Event: 1.845 Thread 0x000001ebe4a94660 DEOPT UNPACKING pc=0x000001ebeec96e43 sp=0x00000089717f6ab0 mode 0
Event: 1.915 Thread 0x000001ebe4a94660 Uncommon trap: trap_request=0xffffffc6 fr.pc=0x000001ebef20b660 relative=0x00000000000002c0
Event: 1.915 Thread 0x000001ebe4a94660 Uncommon trap: reason=bimorphic_or_optimized_type_check action=maybe_recompile pc=0x000001ebef20b660 method=java.util.Collections$UnmodifiableCollection$1.next()Ljava/lang/Object; @ 4 c2
Event: 1.915 Thread 0x000001ebe4a94660 DEOPT PACKING pc=0x000001ebef20b660 sp=0x00000089717f7cf0
Event: 1.915 Thread 0x000001ebe4a94660 DEOPT UNPACKING pc=0x000001ebeec966a3 sp=0x00000089717f7ca0 mode 2
Event: 1.915 Thread 0x000001ebe4a94660 Uncommon trap: trap_request=0xffffffc6 fr.pc=0x000001ebef20b660 relative=0x00000000000002c0
Event: 1.915 Thread 0x000001ebe4a94660 Uncommon trap: reason=bimorphic_or_optimized_type_check action=maybe_recompile pc=0x000001ebef20b660 method=java.util.Collections$UnmodifiableCollection$1.next()Ljava/lang/Object; @ 4 c2
Event: 1.915 Thread 0x000001ebe4a94660 DEOPT PACKING pc=0x000001ebef20b660 sp=0x00000089717f7cf0
Event: 1.915 Thread 0x000001ebe4a94660 DEOPT UNPACKING pc=0x000001ebeec966a3 sp=0x00000089717f7ca0 mode 2
Event: 2.153 Thread 0x000001ebe4a94660 DEOPT PACKING pc=0x000001ebe795c5e2 sp=0x00000089717fded0
Event: 2.153 Thread 0x000001ebe4a94660 DEOPT UNPACKING pc=0x000001ebeec96e43 sp=0x00000089717fd368 mode 3

Classes unloaded (0 events):
No events

Classes redefined (0 events):
No events

Internal exceptions (20 events):
Event: 1.059 Thread 0x000001ebe4a94660 Exception <a 'java/io/FileNotFoundException'{0x00000000eb878e10}> (0x00000000eb878e10) 
thrown [s\src\hotspot\share\prims\jni.cpp, line 516]
Event: 1.059 Thread 0x000001ebe4a94660 Exception <a 'java/io/FileNotFoundException'{0x00000000eb879b38}> (0x00000000eb879b38) 
thrown [s\src\hotspot\share\prims\jni.cpp, line 516]
Event: 1.060 Thread 0x000001ebe4a94660 Exception <a 'java/io/FileNotFoundException'{0x00000000eb87a830}> (0x00000000eb87a830) 
thrown [s\src\hotspot\share\prims\jni.cpp, line 516]
Event: 1.067 Thread 0x000001ebe4a94660 Implicit null exception at 0x000001ebef204af2 to 0x000001ebef205040
Event: 1.072 Thread 0x000001ebe4a94660 Exception <a 'java/io/FileNotFoundException'{0x00000000eb8b5138}> (0x00000000eb8b5138) 
thrown [s\src\hotspot\share\prims\jni.cpp, line 516]
Event: 1.397 Thread 0x000001ebe4a94660 Exception <a 'java/lang/ClassNotFoundException'{0x00000000ec0bd970}: sun/net/www/protocol/c/Handler> (0x00000000ec0bd970) 
thrown [s\src\hotspot\share\classfile\systemDictionary.cpp, line 256]
Event: 1.397 Thread 0x000001ebe4a94660 Exception <a 'java/lang/ClassNotFoundException'{0x00000000ec0becb0}: sun/net/www/protocol/c/Handler> (0x00000000ec0becb0) 
thrown [s\src\hotspot\share\classfile\systemDictionary.cpp, line 256]
Event: 1.398 Thread 0x000001ebe4a94660 Exception <a 'java/lang/ClassNotFoundException'{0x00000000ec0bfe28}: sun/net/www/protocol/c/Handler> (0x00000000ec0bfe28) 
thrown [s\src\hotspot\share\classfile\systemDictionary.cpp, line 256]
Event: 1.410 Thread 0x000001ebe4a94660 Exception <a 'java/io/FileNotFoundException'{0x00000000ec0e6db0}> (0x00000000ec0e6db0) 
thrown [s\src\hotspot\share\prims\jni.cpp, line 516]
Event: 1.467 Thread 0x000001ebe4a94660 Implicit null exception at 0x000001ebef23d800 to 0x000001ebef23e328
Event: 1.467 Thread 0x000001ebe4a94660 Implicit null exception at 0x000001ebef236b6c to 0x000001ebef236d68
Event: 1.467 Thread 0x000001ebe4a94660 Implicit null exception at 0x000001ebef22938e to 0x000001ebef2295dc
Event: 1.467 Thread 0x000001ebe4a94660 Implicit null exception at 0x000001ebef225d0f to 0x000001ebef225d89
Event: 1.534 Thread 0x000001ebe4a94660 Exception <a 'java/lang/NoSuchMethodError'{0x00000000ec3bb958}: 'int java.lang.invoke.DirectMethodHandle$Holder.invokeStaticInit(java.lang.Object, java.lang.Object, java.lang.Object, java.lang.Object)'> (0x00000000ec3bb958) 
thrown [s\src\hotspot\share\interpreter\linkResolver.cpp, line 759]
Event: 1.538 Thread 0x000001ebe4a94660 Exception <a 'java/lang/NoSuchMethodError'{0x00000000ec3c5fc8}: 'java.lang.Object java.lang.invoke.DirectMethodHandle$Holder.invokeInterface(java.lang.Object, java.lang.Object)'> (0x00000000ec3c5fc8) 
thrown [s\src\hotspot\share\interpreter\linkResolver.cpp, line 759]
Event: 1.539 Thread 0x000001ebe4a94660 Exception <a 'java/lang/IncompatibleClassChangeError'{0x00000000ec3c97c0}: Found class java.lang.Object, but interface was expected> (0x00000000ec3c97c0) 
thrown [s\src\hotspot\share\interpreter\linkResolver.cpp, line 826]
Event: 1.540 Thread 0x000001ebe4a94660 Exception <a 'java/lang/NoSuchMethodError'{0x00000000ec3cdcb0}: 'void java.lang.invoke.DirectMethodHandle$Holder.invokeStatic(java.lang.Object, java.lang.Object)'> (0x00000000ec3cdcb0) 
thrown [s\src\hotspot\share\interpreter\linkResolver.cpp, line 759]
Event: 1.541 Thread 0x000001ebe4a94660 Exception <a 'java/lang/NoSuchMethodError'{0x00000000ec3d14b0}: 'void java.lang.invoke.DirectMethodHandle$Holder.invokeStaticInit(java.lang.Object, java.lang.Object)'> (0x00000000ec3d14b0) 
thrown [s\src\hotspot\share\interpreter\linkResolver.cpp, line 759]
Event: 1.545 Thread 0x000001ebe4a94660 Exception <a 'java/lang/NoSuchMethodError'{0x00000000ec3d8900}: 'int java.lang.invoke.DirectMethodHandle$Holder.invokeStaticInit(java.lang.Object, java.lang.Object)'> (0x00000000ec3d8900) 
thrown [s\src\hotspot\share\interpreter\linkResolver.cpp, line 759]
Event: 1.652 Thread 0x000001ebe4a94660 Exception <a 'java/lang/NoSuchMethodError'{0x00000000eac62e20}: 'void java.lang.invoke.DirectMethodHandle$Holder.invokeSpecial(java.lang.Object, java.lang.Object, java.lang.Object)'> (0x00000000eac62e20) 
thrown [s\src\hotspot\share\interpreter\linkResolver.cpp, line 759]

VM Operations (18 events):
Event: 0.218 Executing VM operation: HandshakeAllThreads
Event: 0.218 Executing VM operation: HandshakeAllThreads done
Event: 0.374 Executing VM operation: HandshakeAllThreads
Event: 0.374 Executing VM operation: HandshakeAllThreads done
Event: 1.017 Executing VM operation: HandshakeAllThreads
Event: 1.017 Executing VM operation: HandshakeAllThreads done
Event: 1.040 Executing VM operation: HandshakeAllThreads
Event: 1.040 Executing VM operation: HandshakeAllThreads done
Event: 1.371 Executing VM operation: HandshakeAllThreads
Event: 1.371 Executing VM operation: HandshakeAllThreads done
Event: 1.371 Executing VM operation: Cleanup
Event: 1.372 Executing VM operation: Cleanup done
Event: 1.555 Executing VM operation: ParallelGCFailedAllocation
Event: 1.564 Executing VM operation: ParallelGCFailedAllocation done
Event: 2.163 Executing VM operation: HandshakeAllThreads
Event: 2.163 Executing VM operation: HandshakeAllThreads done
Event: 2.164 Executing VM operation: HandshakeAllThreads
Event: 2.164 Executing VM operation: HandshakeAllThreads done

Events (20 events):
Event: 2.154 loading class java/lang/invoke/VarHandleLongs$FieldInstanceReadWrite
Event: 2.154 loading class java/lang/invoke/VarHandleLongs$FieldInstanceReadOnly
Event: 2.154 loading class java/lang/invoke/VarHandleLongs$FieldInstanceReadOnly done
Event: 2.154 loading class java/lang/invoke/VarHandleLongs$FieldInstanceReadWrite done
Event: 2.155 loading class java/lang/invoke/VarHandleInts$FieldStaticReadWrite
Event: 2.155 loading class java/lang/invoke/VarHandleInts$FieldStaticReadOnly
Event: 2.155 loading class java/lang/invoke/VarHandleInts$FieldStaticReadOnly done
Event: 2.155 loading class java/lang/invoke/VarHandleInts$FieldStaticReadWrite done
Event: 2.155 loading class java/util/concurrent/ForkJoinPool$DefaultForkJoinWorkerThreadFactory
Event: 2.155 loading class java/util/concurrent/ForkJoinPool$ForkJoinWorkerThreadFactory
Event: 2.156 loading class java/util/concurrent/ForkJoinPool$ForkJoinWorkerThreadFactory done
Event: 2.156 loading class java/util/concurrent/ForkJoinPool$DefaultForkJoinWorkerThreadFactory done
Event: 2.156 loading class java/util/concurrent/ForkJoinPool$1
Event: 2.156 loading class java/util/concurrent/ForkJoinPool$1 done
Event: 2.156 loading class java/util/concurrent/ForkJoinPool$DefaultCommonPoolForkJoinWorkerThreadFactory
Event: 2.156 loading class java/util/concurrent/ForkJoinPool$DefaultCommonPoolForkJoinWorkerThreadFactory done
Event: 2.156 loading class java/util/concurrent/ForkJoinPool$WorkQueue
Event: 2.156 loading class java/util/concurrent/ForkJoinPool$WorkQueue done
Event: 2.157 loading class java/util/concurrent/ForkJoinWorkerThread
Event: 2.157 loading class java/util/concurrent/ForkJoinWorkerThread done


Dynamic libraries:
0x00007ff75b5a0000 - 0x00007ff75b5ae000 	c:\Users\ELIANA\.vscode\extensions\redhat.java-1.28.1-win32-x64\jre\17.0.10-win32-x86_64\bin\java.exe
0x00007ffb64110000 - 0x00007ffb64327000 	C:\WINDOWS\SYSTEM32\ntdll.dll
0x00007ffb62050000 - 0x00007ffb62114000 	C:\WINDOWS\System32\KERNEL32.DLL
0x00007ffb61630000 - 0x00007ffb619d6000 	C:\WINDOWS\System32\KERNELBASE.dll
0x00007ffb5e500000 - 0x00007ffb5e597000 	C:\WINDOWS\SYSTEM32\apphelp.dll
0x00007ffb61a10000 - 0x00007ffb61b21000 	C:\WINDOWS\System32\ucrtbase.dll
0x00007ffb4fe90000 - 0x00007ffb4feab000 	c:\Users\ELIANA\.vscode\extensions\redhat.java-1.28.1-win32-x64\jre\17.0.10-win32-x86_64\bin\VCRUNTIME140.dll
0x00007ffb5a700000 - 0x00007ffb5a717000 	c:\Users\ELIANA\.vscode\extensions\redhat.java-1.28.1-win32-x64\jre\17.0.10-win32-x86_64\bin\jli.dll
0x00007ffb62b20000 - 0x00007ffb62cce000 	C:\WINDOWS\System32\USER32.dll
0x00007ffb51fb0000 - 0x00007ffb52243000 	C:\WINDOWS\WinSxS\amd64_microsoft.windows.common-controls_6595b64144ccf1df_6.0.22621.2506_none_270c5ae97388e100\COMCTL32.dll
0x00007ffb619e0000 - 0x00007ffb61a06000 	C:\WINDOWS\System32\win32u.dll
0x00007ffb63400000 - 0x00007ffb634a7000 	C:\WINDOWS\System32\msvcrt.dll
0x00007ffb628b0000 - 0x00007ffb628d9000 	C:\WINDOWS\System32\GDI32.dll
0x00007ffb61450000 - 0x00007ffb61568000 	C:\WINDOWS\System32\gdi32full.dll
0x00007ffb61ca0000 - 0x00007ffb61d3a000 	C:\WINDOWS\System32\msvcp_win.dll
0x00007ffb62cd0000 - 0x00007ffb62d01000 	C:\WINDOWS\System32\IMM32.DLL
0x00007ffb5caf0000 - 0x00007ffb5cafc000 	c:\Users\ELIANA\.vscode\extensions\redhat.java-1.28.1-win32-x64\jre\17.0.10-win32-x86_64\bin\vcruntime140_1.dll
0x00007ffb4cd00000 - 0x00007ffb4cd8d000 	c:\Users\ELIANA\.vscode\extensions\redhat.java-1.28.1-win32-x64\jre\17.0.10-win32-x86_64\bin\msvcp140.dll
0x00007ffaf1e70000 - 0x00007ffaf2ad2000 	c:\Users\ELIANA\.vscode\extensions\redhat.java-1.28.1-win32-x64\jre\17.0.10-win32-x86_64\bin\server\jvm.dll
0x00007ffb631c0000 - 0x00007ffb63273000 	C:\WINDOWS\System32\ADVAPI32.dll
0x00007ffb627a0000 - 0x00007ffb62848000 	C:\WINDOWS\System32\sechost.dll
0x00007ffb61dc0000 - 0x00007ffb61de8000 	C:\WINDOWS\System32\bcrypt.dll
0x00007ffb63fb0000 - 0x00007ffb640c7000 	C:\WINDOWS\System32\RPCRT4.dll
0x00007ffb602a0000 - 0x00007ffb602ed000 	C:\WINDOWS\SYSTEM32\POWRPROF.dll
0x00007ffb5c480000 - 0x00007ffb5c489000 	C:\WINDOWS\SYSTEM32\WSOCK32.dll
0x00007ffb59030000 - 0x00007ffb59064000 	C:\WINDOWS\SYSTEM32\WINMM.dll
0x00007ffb62d20000 - 0x00007ffb62d91000 	C:\WINDOWS\System32\WS2_32.dll
0x00007ffb534f0000 - 0x00007ffb534fa000 	C:\WINDOWS\SYSTEM32\VERSION.dll
0x00007ffb60280000 - 0x00007ffb60293000 	C:\WINDOWS\SYSTEM32\UMPDC.dll
0x00007ffb60540000 - 0x00007ffb60558000 	C:\WINDOWS\SYSTEM32\kernel.appcore.dll
0x00007ffb591f0000 - 0x00007ffb591fa000 	c:\Users\ELIANA\.vscode\extensions\redhat.java-1.28.1-win32-x64\jre\17.0.10-win32-x86_64\bin\jimage.dll
0x00007ffb5eac0000 - 0x00007ffb5ecf3000 	C:\WINDOWS\SYSTEM32\DBGHELP.DLL
0x00007ffb62da0000 - 0x00007ffb63129000 	C:\WINDOWS\System32\combase.dll
0x00007ffb62a40000 - 0x00007ffb62b17000 	C:\WINDOWS\System32\OLEAUT32.dll
0x00007ffb3be90000 - 0x00007ffb3bec2000 	C:\WINDOWS\SYSTEM32\dbgcore.DLL
0x00007ffb61d40000 - 0x00007ffb61dba000 	C:\WINDOWS\System32\bcryptPrimitives.dll
0x00007ffb52990000 - 0x00007ffb5299e000 	c:\Users\ELIANA\.vscode\extensions\redhat.java-1.28.1-win32-x64\jre\17.0.10-win32-x86_64\bin\instrument.dll
0x00007ffb4fe60000 - 0x00007ffb4fe85000 	c:\Users\ELIANA\.vscode\extensions\redhat.java-1.28.1-win32-x64\jre\17.0.10-win32-x86_64\bin\java.dll
0x00007ffb4fe40000 - 0x00007ffb4fe58000 	c:\Users\ELIANA\.vscode\extensions\redhat.java-1.28.1-win32-x64\jre\17.0.10-win32-x86_64\bin\zip.dll
0x00007ffb63630000 - 0x00007ffb63e8b000 	C:\WINDOWS\System32\SHELL32.dll
0x00007ffb5f370000 - 0x00007ffb5fc66000 	C:\WINDOWS\SYSTEM32\windows.storage.dll
0x00007ffb5f230000 - 0x00007ffb5f36e000 	C:\WINDOWS\SYSTEM32\wintypes.dll
0x00007ffb634b0000 - 0x00007ffb635a3000 	C:\WINDOWS\System32\SHCORE.dll
0x00007ffb63290000 - 0x00007ffb632ee000 	C:\WINDOWS\System32\shlwapi.dll
0x00007ffb61380000 - 0x00007ffb613a6000 	C:\WINDOWS\SYSTEM32\profapi.dll
0x00007ffb4fbe0000 - 0x00007ffb4fbf9000 	C:\Users\ELIANA\.vscode\extensions\redhat.java-1.28.1-win32-x64\jre\17.0.10-win32-x86_64\bin\net.dll
0x00007ffb5a4d0000 - 0x00007ffb5a607000 	C:\WINDOWS\SYSTEM32\WINHTTP.dll
0x00007ffb609c0000 - 0x00007ffb60a29000 	C:\WINDOWS\system32\mswsock.dll
0x00007ffb4fbc0000 - 0x00007ffb4fbd6000 	C:\Users\ELIANA\.vscode\extensions\redhat.java-1.28.1-win32-x64\jre\17.0.10-win32-x86_64\bin\nio.dll
0x00007ffb4fe30000 - 0x00007ffb4fe40000 	c:\Users\ELIANA\.vscode\extensions\redhat.java-1.28.1-win32-x64\jre\17.0.10-win32-x86_64\bin\verify.dll

dbghelp: loaded successfully - version: 4.0.5 - missing functions: none
symbol engine: initialized successfully - sym options: 0x614 - pdb path: .;c:\Users\ELIANA\.vscode\extensions\redhat.java-1.28.1-win32-x64\jre\17.0.10-win32-x86_64\bin;C:\WINDOWS\SYSTEM32;C:\WINDOWS\WinSxS\amd64_microsoft.windows.common-controls_6595b64144ccf1df_6.0.22621.2506_none_270c5ae97388e100;c:\Users\ELIANA\.vscode\extensions\redhat.java-1.28.1-win32-x64\jre\17.0.10-win32-x86_64\bin\server

VM Arguments:
jvm_args: --add-modules=ALL-SYSTEM --add-opens=java.base/java.util=ALL-UNNAMED --add-opens=java.base/java.lang=ALL-UNNAMED --add-opens=java.base/sun.nio.fs=ALL-UNNAMED -Declipse.application=org.eclipse.jdt.ls.core.id1 -Dosgi.bundles.defaultStartLevel=4 -Declipse.product=org.eclipse.jdt.ls.core.product -Djava.import.generatesMetadataFilesAtProjectRoot=false -DDetectVMInstallationsJob.disabled=true -Dfile.encoding=utf8 -XX:+UseParallelGC -XX:GCTimeRatio=4 -XX:AdaptiveSizePolicyWeight=90 -Dsun.zip.disableMemoryMapping=true -Xmx1G -Xms100m -Xlog:disable -javaagent:c:\Users\ELIANA\.vscode\extensions\redhat.java-1.28.1-win32-x64\lombok\lombok-1.18.31.jar -XX:+HeapDumpOnOutOfMemoryError -XX:HeapDumpPath=c:\Users\ELIANA\AppData\Roaming\Code\User\workspaceStorage\22f80c69744dfe1009ff59844c673f69\redhat.java -Daether.dependencyCollector.impl=bf 
java_command: c:\Users\ELIANA\.vscode\extensions\redhat.java-1.28.1-win32-x64\server\plugins\org.eclipse.equinox.launcher_1.6.700.v20231214-2017.jar -configuration c:\Users\ELIANA\AppData\Roaming\Code\User\globalStorage\redhat.java\1.28.1\config_win -data c:\Users\ELIANA\AppData\Roaming\Code\User\workspaceStorage\22f80c69744dfe1009ff59844c673f69\redhat.java\jdt_ws --stdio
java_class_path (initial): c:\Users\ELIANA\.vscode\extensions\redhat.java-1.28.1-win32-x64\server\plugins\org.eclipse.equinox.launcher_1.6.700.v20231214-2017.jar
Launcher Type: SUN_STANDARD

[Global flags]
    uintx AdaptiveSizePolicyWeight                 = 90                                        {product} {command line}
     intx CICompilerCount                          = 4                                         {product} {ergonomic}
    uintx GCTimeRatio                              = 4                                         {product} {command line}
     bool HeapDumpOnOutOfMemoryError               = true                                   {manageable} {command line}
    ccstr HeapDumpPath                             = c:\Users\ELIANA\AppData\Roaming\Code\User\workspaceStorage\22f80c69744dfe1009ff59844c673f69\redhat.java         {manageable} {command line}
   size_t InitialHeapSize                          = 104857600                                 {product} {command line}
   size_t MaxHeapSize                              = 1073741824                                {product} {command line}
   size_t MaxNewSize                               = 357564416                                 {product} {ergonomic}
   size_t MinHeapDeltaBytes                        = 524288                                    {product} {ergonomic}
   size_t MinHeapSize                              = 104857600                                 {product} {command line}
   size_t NewSize                                  = 34603008                                  {product} {ergonomic}
    uintx NonNMethodCodeHeapSize                   = 5839372                                {pd product} {ergonomic}
    uintx NonProfiledCodeHeapSize                  = 122909434                              {pd product} {ergonomic}
   size_t OldSize                                  = 70254592                                  {product} {ergonomic}
    uintx ProfiledCodeHeapSize                     = 122909434                              {pd product} {ergonomic}
    uintx ReservedCodeCacheSize                    = 251658240                              {pd product} {ergonomic}
     bool SegmentedCodeCache                       = true                                      {product} {ergonomic}
   size_t SoftMaxHeapSize                          = 1073741824                             {manageable} {ergonomic}
     bool UseCompressedClassPointers               = true                           {product lp64_product} {ergonomic}
     bool UseCompressedOops                        = true                           {product lp64_product} {ergonomic}
     bool UseLargePagesIndividualAllocation        = false                                  {pd product} {ergonomic}
     bool UseParallelGC                            = true                                      {product} {command line}

Logging:
Log output configuration:
 #0: stdout all=off uptime,level,tags
 #1: stderr all=off uptime,level,tags

Environment Variables:
PATH=C:\Program Files\Common Files\Oracle\Java\javapath;C:\Windows\system32;C:\Windows;C:\Windows\System32\Wbem;C:\Windows\System32\WindowsPowerShell\v1.0\;C:\Windows\System32\OpenSSH\;C:\Program Files (x86)\NVIDIA Corporation\PhysX\Common;C:\Program Files\NVIDIA Corporation\NVIDIA NvDLISR;C:\Program Files\dotnet\;C:\WINDOWS\system32;C:\WINDOWS;C:\WINDOWS\System32\Wbem;C:\WINDOWS\System32\WindowsPowerShell\v1.0\;C:\WINDOWS\System32\OpenSSH\;C:\Program Files\Git\cmd;C:\Program Files\Git\mingw64\bin;C:\Program Files\Git\usr\bin;C:\Program Files\PowerShell\7\;C:\Users\ELIANA\AppData\Local\Programs\Python\Python312\Scripts\;C:\Users\ELIANA\AppData\Local\Programs\Python\Python312\;C:\Users\ELIANA\AppData\Local\Programs\Python\Launcher\;C:\Users\ELIANA\AppData\Local\Microsoft\WindowsApps;;C:\Users\ELIANA\AppData\Local\Programs\Microsoft VS Code\bin
USERNAME=ELIANA
OS=Windows_NT
PROCESSOR_IDENTIFIER=Intel64 Family 6 Model 165 Stepping 2, GenuineIntel
TMP=C:\Users\ELIANA\AppData\Local\Temp
TEMP=C:\Users\ELIANA\AppData\Local\Temp



Periodic native trim disabled


---------------  S Y S T E M  ---------------

OS:
 Windows 11 , 64 bit Build 22621 (10.0.22621.3085)
OS uptime: 1 days 19:36 hours
Hyper-V role detected

CPU: total 8 (initial active 8) (4 cores per cpu, 2 threads per core) family 6 model 165 stepping 2 microcode 0xe0, cx8, cmov, fxsr, ht, mmx, 3dnowpref, sse, sse2, sse3, ssse3, sse4.1, sse4.2, popcnt, lzcnt, tsc, tscinvbit, avx, avx2, aes, erms, clmul, bmi1, bmi2, adx, fma, vzeroupper, clflush, clflushopt, hv
Processor Information for all 8 processors :
  Max Mhz: 2496, Current Mhz: 1996, Mhz Limit: 2496

Memory: 4k page, system-wide physical 16221M (9172M free)
TotalPageFile size 65373M (AvailPageFile size 153M)
current process WorkingSet (physical memory assigned to process): 84M, peak: 84M
current process commit charge ("private bytes"): 204M, peak: 204M

vm_info: OpenJDK 64-Bit Server VM (17.0.10+7) for windows-amd64 JRE (17.0.10+7), built on Jan 16 2024 23:25:11 by "admin" with MS VC++ 16.10 / 16.11 (VS2019)

END.
