#
# There is insufficient memory for the Java Runtime Environment to continue.
# Native memory allocation (mmap) failed to map 65536 bytes for Failed to commit metaspace.
# Possible reasons:
#   The system is out of physical RAM or swap space
#   The process is running with CompressedOops enabled, and the Java Heap may be blocking the growth of the native heap
# Possible solutions:
#   Reduce memory load on the system
#   Increase physical memory or swap space
#   Check if swap backing store is full
#   Decrease Java heap size (-Xmx/-Xms)
#   Decrease number of Java threads
#   Decrease Java thread stack sizes (-Xss)
#   Set larger code cache with -XX:ReservedCodeCacheSize=
#   JVM is running with Unscaled Compressed Oops mode in which the Java heap is
#     placed in the first 4GB address space. The Java Heap base address is the
#     maximum limit for the native heap growth. Please use -XX:HeapBaseMinAddress
#     to set the Java Heap base and to place the Java Heap above 4GB virtual address.
# This output file may be truncated or incomplete.
#
#  Out of Memory Error (virtualSpaceNode.cpp:110), pid=11752, tid=9676
#
# JRE version: OpenJDK Runtime Environment Temurin-17.0.10+7 (17.0.10+7) (build 17.0.10+7)
# Java VM: OpenJDK 64-Bit Server VM Temurin-17.0.10+7 (17.0.10+7, mixed mode, tiered, compressed oops, compressed class ptrs, parallel gc, windows-amd64)
# No core dump will be written. Minidumps are not enabled by default on client versions of Windows
#

---------------  S U M M A R Y ------------

Command Line: --add-modules=ALL-SYSTEM --add-opens=java.base/java.util=ALL-UNNAMED --add-opens=java.base/java.lang=ALL-UNNAMED --add-opens=java.base/sun.nio.fs=ALL-UNNAMED -Declipse.application=org.eclipse.jdt.ls.core.id1 -Dosgi.bundles.defaultStartLevel=4 -Declipse.product=org.eclipse.jdt.ls.core.product -Djava.import.generatesMetadataFilesAtProjectRoot=false -DDetectVMInstallationsJob.disabled=true -Dfile.encoding=utf8 -XX:+UseParallelGC -XX:GCTimeRatio=4 -XX:AdaptiveSizePolicyWeight=90 -Dsun.zip.disableMemoryMapping=true -Xmx1G -Xms100m -Xlog:disable -javaagent:c:\Users\ELIANA\.vscode\extensions\redhat.java-1.28.1-win32-x64\lombok\lombok-1.18.31.jar c:\Users\ELIANA\.vscode\extensions\redhat.java-1.28.1-win32-x64\server\plugins\org.eclipse.equinox.launcher_1.6.700.v20231214-2017.jar -configuration c:\Users\ELIANA\AppData\Roaming\Code\User\globalStorage\redhat.java\1.28.1\config_ss_win -data c:\Users\ELIANA\AppData\Roaming\Code\User\workspaceStorage\22f80c69744dfe1009ff59844c673f69\redhat.java\ss_ws --stdio

Host: Intel(R) Core(TM) i5-10300H CPU @ 2.50GHz, 8 cores, 15G,  Windows 11 , 64 bit Build 22621 (10.0.22621.3085)
Time: Wed Feb 28 18:00:14 2024 Hora est. Pacífico, Sudamérica elapsed time: 0.108773 seconds (0d 0h 0m 0s)

---------------  T H R E A D  ---------------

Current thread (0x00000263acd31b30):  JavaThread "main" [_thread_in_vm, id=9676, stack(0x000000b543100000,0x000000b543200000)]

Stack: [0x000000b543100000,0x000000b543200000]
Native frames: (J=compiled Java code, j=interpreted, Vv=VM code, C=native code)
V  [jvm.dll+0x67d2c9]
V  [jvm.dll+0x834afa]
V  [jvm.dll+0x8365be]
V  [jvm.dll+0x836c23]
V  [jvm.dll+0x2477ff]
V  [jvm.dll+0x8307bb]
V  [jvm.dll+0x621d16]
V  [jvm.dll+0x621d7a]
V  [jvm.dll+0x6245aa]
V  [jvm.dll+0x6226b6]
V  [jvm.dll+0x23d160]
V  [jvm.dll+0x1ec25b]
V  [jvm.dll+0x1e1c01]
V  [jvm.dll+0x5427ce]
V  [jvm.dll+0x1f2647]
V  [jvm.dll+0x7adf9b]
V  [jvm.dll+0x7af36c]
V  [jvm.dll+0x7af6b8]
V  [jvm.dll+0x23face]
V  [jvm.dll+0x23fd1f]
V  [jvm.dll+0x560aa8]
V  [jvm.dll+0x5639a7]
V  [jvm.dll+0x386672]
V  [jvm.dll+0x385cdf]
C  0x00000263b6ef9cb9

The last pc belongs to invokestatic (printed below).
Java frames: (J=compiled Java code, j=interpreted, Vv=VM code)
j  java.lang.System.initPhase2(ZZ)I+0 java.base
v  ~StubRoutines::call_stub
invokestatic  184 invokestatic  [0x00000263b6ef9c00, 0x00000263b6ef9ec0]  704 bytes
[MachCode]
  0x00000263b6ef9c00: 4883 ec08 | c5fa 1104 | 24eb 1f48 | 83ec 10c5 | fb11 0424 | eb14 4883 | ec10 4889 | 0424 48c7 
  0x00000263b6ef9c20: 4424 0800 | 0000 00eb | 0150 4c89 | 6dc0 410f | b755 0148 | 8b4d d0c1 | e202 8b5c | d120 c1eb 
  0x00000263b6ef9c40: 1081 e3ff | 0000 0081 | fbb8 0000 | 000f 84b6 | 0000 00bb | b800 0000 | e805 0000 | 00e9 9b00 
  0x00000263b6ef9c60: 0000 488b | d348 8d44 | 2408 4c89 | 6dc0 498b | cfc5 f877 | 4989 afa8 | 0200 0049 | 8987 9802 
  0x00000263b6ef9c80: 0000 4883 | ec20 f7c4 | 0f00 0000 | 0f84 1a00 | 0000 4883 | ec08 49ba | 705c 1ff2 | fa7f 0000 
  0x00000263b6ef9ca0: 41ff d248 | 83c4 08e9 | 0d00 0000 | 49ba 705c | 1ff2 fa7f | 0000 41ff | d248 83c4 | 2049 c787 
  0x00000263b6ef9cc0: 9802 0000 | 0000 0000 | 49c7 87a8 | 0200 0000 | 0000 0049 | c787 a002 | 0000 0000 | 0000 c5f8 
  0x00000263b6ef9ce0: 7749 817f | 0800 0000 | 000f 8405 | 0000 00e9 | 0c72 feff | 4c8b 6dc0 | 4c8b 75c8 | c341 0fb7 
  0x00000263b6ef9d00: 5501 488b | 4dd0 c1e2 | 0248 8b5c | d128 488b | 5b08 488b | 5b08 488b | 5b18 80bb | 3301 0000 
  0x00000263b6ef9d20: 040f 840d | 0000 004c | 3bbb 3801 | 0000 0f85 | 1fff ffff | 488b 5cd1 | 288b 54d1 | 38c1 ea1c 
  0x00000263b6ef9d40: 49ba a060 | a1f2 fa7f | 0000 498b | 14d2 5248 | 8b45 d848 | 85c0 0f84 | 1200 0000 | 4883 4008 
  0x00000263b6ef9d60: 0148 8358 | 0800 4883 | c010 4889 | 45d8 488b | 45d8 4885 | c00f 8423 | 0100 0080 | 78f0 0a0f 
  0x00000263b6ef9d80: 8519 0100 | 0048 83c0 | 084c 8b68 | f841 83ed | 0041 83fd | 020f 8cf8 | 0000 004c | 8b6b 0845 
  0x00000263b6ef9da0: 0fb7 6d2c | 4c2b 2841 | 83ed 014e | 8b6c ec08 | 4d85 ed75 | 0748 8348 | 0801 eb4a | 458b 6d08 
  0x00000263b6ef9dc0: 49c1 e503 | 4c33 6808 | 49f7 c5fc | ffff ff74 | 3549 f7c5 | 0200 0000 | 752c 4881 | 7808 0000 
  0x00000263b6ef9de0: 0000 741e | 4881 7808 | 0100 0000 | 7414 4c33 | 6808 49f7 | c5fc ffff | ff74 0b48 | 8348 0802 
  0x00000263b6ef9e00: eb04 4c89 | 6808 4883 | c010 4c8b | 68e8 4183 | ed02 4183 | fd02 0f8c | 7700 0000 | 4c8b 6b08 
  0x00000263b6ef9e20: 450f b76d | 2c4c 2b28 | 4183 ed01 | 4e8b 6cec | 084d 85ed | 7507 4883 | 4808 01eb | 4a45 8b6d 
  0x00000263b6ef9e40: 0849 c1e5 | 034c 3368 | 0849 f7c5 | fcff ffff | 7435 49f7 | c502 0000 | 0075 2c48 | 8178 0800 
  0x00000263b6ef9e60: 0000 0074 | 1e48 8178 | 0801 0000 | 0074 144c | 3368 0849 | f7c5 fcff | ffff 740b | 4883 4808 
  0x00000263b6ef9e80: 02eb 044c | 8968 0848 | 83c0 104c | 8b68 d841 | 83ed 0441 | c1e5 0349 | 03c5 4889 | 45d8 4c8d 
  0x00000263b6ef9ea0: 6c24 084c | 896d f0ff | 6350 660f | 1f44 0000 | 0000 0000 | 0000 0000 | 0000 0000 | 0000 0000 
[/MachCode]

---------------  P R O C E S S  ---------------

Threads class SMR info:
_java_thread_list=0x00000263c0ba85e0, length=10, elements={
0x00000263acd31b30, 0x00000263c5c17030, 0x00000263c5c18650, 0x00000263c0ba9d20,
0x00000263c0baaba0, 0x00000263c0bae0d0, 0x00000263c0baea90, 0x00000263c5c64320,
0x00000263c5c65d10, 0x00000263c5c725b0
}

Java Threads: ( => current thread )
=>0x00000263acd31b30 JavaThread "main" [_thread_in_vm, id=9676, stack(0x000000b543100000,0x000000b543200000)]
  0x00000263c5c17030 JavaThread "Reference Handler" daemon [_thread_blocked, id=19976, stack(0x000000b543400000,0x000000b543500000)]
  0x00000263c5c18650 JavaThread "Finalizer" daemon [_thread_blocked, id=11344, stack(0x000000b543500000,0x000000b543600000)]
  0x00000263c0ba9d20 JavaThread "Signal Dispatcher" daemon [_thread_blocked, id=18544, stack(0x000000b543600000,0x000000b543700000)]
  0x00000263c0baaba0 JavaThread "Attach Listener" daemon [_thread_blocked, id=8788, stack(0x000000b543700000,0x000000b543800000)]
  0x00000263c0bae0d0 JavaThread "Service Thread" daemon [_thread_blocked, id=4396, stack(0x000000b543800000,0x000000b543900000)]
  0x00000263c0baea90 JavaThread "Monitor Deflation Thread" daemon [_thread_blocked, id=15676, stack(0x000000b543900000,0x000000b543a00000)]
  0x00000263c5c64320 JavaThread "C2 CompilerThread0" daemon [_thread_blocked, id=2732, stack(0x000000b543a00000,0x000000b543b00000)]
  0x00000263c5c65d10 JavaThread "C1 CompilerThread0" daemon [_thread_blocked, id=3764, stack(0x000000b543b00000,0x000000b543c00000)]
  0x00000263c5c725b0 JavaThread "Sweeper thread" daemon [_thread_blocked, id=19468, stack(0x000000b543c00000,0x000000b543d00000)]

Other Threads:
  0x00000263c5c014b0 VMThread "VM Thread" [stack: 0x000000b543300000,0x000000b543400000] [id=9636]
  0x00000263acd455c0 GCTaskThread "GC Thread#0" [stack: 0x000000b543200000,0x000000b543300000] [id=16804]

Threads with active compile tasks:

VM state: not at safepoint (normal execution)

VM Mutex/Monitor currently owned by a thread:  ([mutex/lock_event])
[0x00000263aab85550] Metaspace_lock - owner thread: 0x00000263acd31b30

Heap address: 0x00000000c0000000, size: 1024 MB, Compressed Oops mode: 32-bit

CDS archive(s) not mapped
Compressed class space mapped at: 0x0000000100000000-0x0000000140000000, reserved size: 1073741824
Narrow klass base: 0x0000000000000000, Narrow klass shift: 3, Narrow klass range: 0x140000000

GC Precious Log:
 CPUs: 8 total, 8 available
 Memory: 16221M
 Large Page Support: Disabled
 NUMA Support: Disabled
 Compressed Oops: Enabled (32-bit)
 Alignments: Space 512K, Generation 512K, Heap 2M
 Heap Min Capacity: 100M
 Heap Initial Capacity: 100M
 Heap Max Capacity: 1G
 Pre-touch: Disabled
 Parallel Workers: 8

Heap:
 PSYoungGen      total 29696K, used 1024K [0x00000000eab00000, 0x00000000ecc00000, 0x0000000100000000)
  eden space 25600K, 4% used [0x00000000eab00000,0x00000000eac00138,0x00000000ec400000)
  from space 4096K, 0% used [0x00000000ec800000,0x00000000ec800000,0x00000000ecc00000)
  to   space 4096K, 0% used [0x00000000ec400000,0x00000000ec400000,0x00000000ec800000)
 ParOldGen       total 68608K, used 0K [0x00000000c0000000, 0x00000000c4300000, 0x00000000eab00000)
  object space 68608K, 0% used [0x00000000c0000000,0x00000000c0000000,0x00000000c4300000)
 Metaspace       used 2241K, committed 2304K, reserved 1114112K
  class space    used 195K, committed 256K, reserved 1048576K

Card table byte_map: [0x00000263ac6c0000,0x00000263ac8d0000] _byte_map_base: 0x00000263ac0c0000

Marking Bits: (ParMarkBitMap*) 0x00007ffaf2a0d7d0
 Begin Bits: [0x00000263be9b0000, 0x00000263bf9b0000)
 End Bits:   [0x00000263bf9b0000, 0x00000263c09b0000)

Polling page: 0x00000263aab30000

Metaspace:

Usage:
  Non-class:      2.00 MB used.
      Class:    195.24 KB used.
       Both:      2.19 MB used.

Virtual space:
  Non-class space:       64.00 MB reserved,       2.00 MB (  3%) committed,  1 nodes.
      Class space:        1.00 GB reserved,     256.00 KB ( <1%) committed,  1 nodes.
             Both:        1.06 GB reserved,       2.25 MB ( <1%) committed. 

Chunk freelists:
   Non-Class:  12.00 MB
       Class:  15.75 MB
        Both:  27.75 MB

MaxMetaspaceSize: unlimited
CompressedClassSpaceSize: 1.00 GB
Initial GC threshold: 21.00 MB
Current GC threshold: 21.00 MB
CDS: off
MetaspaceReclaimPolicy: balanced
 - commit_granule_bytes: 65536.
 - commit_granule_words: 8192.
 - virtual_space_node_default_size: 8388608.
 - enlarge_chunks_in_place: 1.
 - new_chunks_are_fully_committed: 0.
 - uncommit_free_chunks: 1.
 - use_allocation_guard: 0.
 - handle_deallocations: 1.


Internal statistics:

num_allocs_failed_limit: 0.
num_arena_births: 2.
num_arena_deaths: 0.
num_vsnodes_births: 2.
num_vsnodes_deaths: 0.
num_space_committed: 36.
num_space_uncommitted: 0.
num_chunks_returned_to_freelist: 0.
num_chunks_taken_from_freelist: 3.
num_chunk_merges: 0.
num_chunk_splits: 2.
num_chunks_enlarged: 0.
num_inconsistent_stats: 0.

CodeHeap 'non-profiled nmethods': size=120000Kb used=0Kb max_used=0Kb free=120000Kb
 bounds [0x00000263b7480000, 0x00000263b76f0000, 0x00000263be9b0000]
CodeHeap 'profiled nmethods': size=120000Kb used=0Kb max_used=0Kb free=119999Kb
 bounds [0x00000263af9b0000, 0x00000263afc20000, 0x00000263b6ee0000]
CodeHeap 'non-nmethods': size=5760Kb used=1005Kb max_used=1018Kb free=4754Kb
 bounds [0x00000263b6ee0000, 0x00000263b7150000, 0x00000263b7480000]
 total_blobs=259 nmethods=1 adapters=174
 compilation: enabled
              stopped_count=0, restarted_count=0
 full_count=0

Compilation events (1 events):
Event: 0.105 Thread 0x00000263c5c65d10    1       3       java.lang.String::isLatin1 (19 bytes)

GC Heap History (0 events):
No events

Dll operation events (1 events):
Event: 0.017 Loaded shared library c:\Users\ELIANA\.vscode\extensions\redhat.java-1.28.1-win32-x64\jre\17.0.10-win32-x86_64\bin\java.dll

Deoptimization events (0 events):
No events

Classes unloaded (0 events):
No events

Classes redefined (0 events):
No events

Internal exceptions (0 events):
No events

VM Operations (0 events):
No events

Events (20 events):
Event: 0.102 loading class java/util/Collections
Event: 0.102 loading class java/util/Collections done
Event: 0.103 loading class java/util/Collections$EmptySet
Event: 0.103 loading class java/util/Collections$EmptySet done
Event: 0.103 loading class java/util/Collections$EmptyList
Event: 0.103 loading class java/util/Collections$EmptyList done
Event: 0.103 loading class java/util/Collections$EmptyMap
Event: 0.103 loading class java/util/Collections$EmptyMap done
Event: 0.103 loading class java/lang/IllegalArgumentException
Event: 0.103 loading class java/lang/IllegalArgumentException done
Event: 0.103 Thread 0x00000263c0ba9d20 Thread added: 0x00000263c0ba9d20
Event: 0.104 Thread 0x00000263c0baaba0 Thread added: 0x00000263c0baaba0
Event: 0.104 Thread 0x00000263c0bae0d0 Thread added: 0x00000263c0bae0d0
Event: 0.104 Thread 0x00000263c0baea90 Thread added: 0x00000263c0baea90
Event: 0.104 Thread 0x00000263c5c64320 Thread added: 0x00000263c5c64320
Event: 0.104 Thread 0x00000263c5c65d10 Thread added: 0x00000263c5c65d10
Event: 0.104 Thread 0x00000263c5c725b0 Thread added: 0x00000263c5c725b0
Event: 0.105 loading class java/lang/invoke/MethodHandleStatics
Event: 0.105 loading class java/lang/invoke/MethodHandleStatics done
Event: 0.105 loading class jdk/internal/module/ModuleBootstrap


Dynamic libraries:
0x00007ff75b5a0000 - 0x00007ff75b5ae000 	c:\Users\ELIANA\.vscode\extensions\redhat.java-1.28.1-win32-x64\jre\17.0.10-win32-x86_64\bin\java.exe
0x00007ffb64110000 - 0x00007ffb64327000 	C:\WINDOWS\SYSTEM32\ntdll.dll
0x00007ffb62050000 - 0x00007ffb62114000 	C:\WINDOWS\System32\KERNEL32.DLL
0x00007ffb61630000 - 0x00007ffb619d6000 	C:\WINDOWS\System32\KERNELBASE.dll
0x00007ffb5e500000 - 0x00007ffb5e597000 	C:\WINDOWS\SYSTEM32\apphelp.dll
0x00007ffb61a10000 - 0x00007ffb61b21000 	C:\WINDOWS\System32\ucrtbase.dll
0x00007ffb4fe90000 - 0x00007ffb4feab000 	c:\Users\ELIANA\.vscode\extensions\redhat.java-1.28.1-win32-x64\jre\17.0.10-win32-x86_64\bin\VCRUNTIME140.dll
0x00007ffb5a700000 - 0x00007ffb5a717000 	c:\Users\ELIANA\.vscode\extensions\redhat.java-1.28.1-win32-x64\jre\17.0.10-win32-x86_64\bin\jli.dll
0x00007ffb62b20000 - 0x00007ffb62cce000 	C:\WINDOWS\System32\USER32.dll
0x00007ffb619e0000 - 0x00007ffb61a06000 	C:\WINDOWS\System32\win32u.dll
0x00007ffb628b0000 - 0x00007ffb628d9000 	C:\WINDOWS\System32\GDI32.dll
0x00007ffb61450000 - 0x00007ffb61568000 	C:\WINDOWS\System32\gdi32full.dll
0x00007ffb61ca0000 - 0x00007ffb61d3a000 	C:\WINDOWS\System32\msvcp_win.dll
0x00007ffb51fb0000 - 0x00007ffb52243000 	C:\WINDOWS\WinSxS\amd64_microsoft.windows.common-controls_6595b64144ccf1df_6.0.22621.2506_none_270c5ae97388e100\COMCTL32.dll
0x00007ffb63400000 - 0x00007ffb634a7000 	C:\WINDOWS\System32\msvcrt.dll
0x00007ffb62cd0000 - 0x00007ffb62d01000 	C:\WINDOWS\System32\IMM32.DLL
0x00007ffb5caf0000 - 0x00007ffb5cafc000 	c:\Users\ELIANA\.vscode\extensions\redhat.java-1.28.1-win32-x64\jre\17.0.10-win32-x86_64\bin\vcruntime140_1.dll
0x00007ffb4cd00000 - 0x00007ffb4cd8d000 	c:\Users\ELIANA\.vscode\extensions\redhat.java-1.28.1-win32-x64\jre\17.0.10-win32-x86_64\bin\msvcp140.dll
0x00007ffaf1e70000 - 0x00007ffaf2ad2000 	c:\Users\ELIANA\.vscode\extensions\redhat.java-1.28.1-win32-x64\jre\17.0.10-win32-x86_64\bin\server\jvm.dll
0x00007ffb631c0000 - 0x00007ffb63273000 	C:\WINDOWS\System32\ADVAPI32.dll
0x00007ffb627a0000 - 0x00007ffb62848000 	C:\WINDOWS\System32\sechost.dll
0x00007ffb61dc0000 - 0x00007ffb61de8000 	C:\WINDOWS\System32\bcrypt.dll
0x00007ffb63fb0000 - 0x00007ffb640c7000 	C:\WINDOWS\System32\RPCRT4.dll
0x00007ffb5c480000 - 0x00007ffb5c489000 	C:\WINDOWS\SYSTEM32\WSOCK32.dll
0x00007ffb602a0000 - 0x00007ffb602ed000 	C:\WINDOWS\SYSTEM32\POWRPROF.dll
0x00007ffb59030000 - 0x00007ffb59064000 	C:\WINDOWS\SYSTEM32\WINMM.dll
0x00007ffb62d20000 - 0x00007ffb62d91000 	C:\WINDOWS\System32\WS2_32.dll
0x00007ffb534f0000 - 0x00007ffb534fa000 	C:\WINDOWS\SYSTEM32\VERSION.dll
0x00007ffb60280000 - 0x00007ffb60293000 	C:\WINDOWS\SYSTEM32\UMPDC.dll
0x00007ffb60540000 - 0x00007ffb60558000 	C:\WINDOWS\SYSTEM32\kernel.appcore.dll
0x00007ffb591f0000 - 0x00007ffb591fa000 	c:\Users\ELIANA\.vscode\extensions\redhat.java-1.28.1-win32-x64\jre\17.0.10-win32-x86_64\bin\jimage.dll
0x00007ffb5eac0000 - 0x00007ffb5ecf3000 	C:\WINDOWS\SYSTEM32\DBGHELP.DLL
0x00007ffb62da0000 - 0x00007ffb63129000 	C:\WINDOWS\System32\combase.dll
0x00007ffb62a40000 - 0x00007ffb62b17000 	C:\WINDOWS\System32\OLEAUT32.dll
0x00007ffb3be90000 - 0x00007ffb3bec2000 	C:\WINDOWS\SYSTEM32\dbgcore.DLL
0x00007ffb61d40000 - 0x00007ffb61dba000 	C:\WINDOWS\System32\bcryptPrimitives.dll
0x00007ffb52990000 - 0x00007ffb5299e000 	c:\Users\ELIANA\.vscode\extensions\redhat.java-1.28.1-win32-x64\jre\17.0.10-win32-x86_64\bin\instrument.dll
0x00007ffb4fe60000 - 0x00007ffb4fe85000 	c:\Users\ELIANA\.vscode\extensions\redhat.java-1.28.1-win32-x64\jre\17.0.10-win32-x86_64\bin\java.dll
0x00007ffb4fe40000 - 0x00007ffb4fe58000 	c:\Users\ELIANA\.vscode\extensions\redhat.java-1.28.1-win32-x64\jre\17.0.10-win32-x86_64\bin\zip.dll
0x00007ffb63630000 - 0x00007ffb63e8b000 	C:\WINDOWS\System32\SHELL32.dll
0x00007ffb5f370000 - 0x00007ffb5fc66000 	C:\WINDOWS\SYSTEM32\windows.storage.dll
0x00007ffb5f230000 - 0x00007ffb5f36e000 	C:\WINDOWS\SYSTEM32\wintypes.dll
0x00007ffb634b0000 - 0x00007ffb635a3000 	C:\WINDOWS\System32\SHCORE.dll
0x00007ffb63290000 - 0x00007ffb632ee000 	C:\WINDOWS\System32\shlwapi.dll
0x00007ffb61380000 - 0x00007ffb613a6000 	C:\WINDOWS\SYSTEM32\profapi.dll

dbghelp: loaded successfully - version: 4.0.5 - missing functions: none
symbol engine: initialized successfully - sym options: 0x614 - pdb path: .;c:\Users\ELIANA\.vscode\extensions\redhat.java-1.28.1-win32-x64\jre\17.0.10-win32-x86_64\bin;C:\WINDOWS\SYSTEM32;C:\WINDOWS\WinSxS\amd64_microsoft.windows.common-controls_6595b64144ccf1df_6.0.22621.2506_none_270c5ae97388e100;c:\Users\ELIANA\.vscode\extensions\redhat.java-1.28.1-win32-x64\jre\17.0.10-win32-x86_64\bin\server

VM Arguments:
jvm_args: --add-modules=ALL-SYSTEM --add-opens=java.base/java.util=ALL-UNNAMED --add-opens=java.base/java.lang=ALL-UNNAMED --add-opens=java.base/sun.nio.fs=ALL-UNNAMED -Declipse.application=org.eclipse.jdt.ls.core.id1 -Dosgi.bundles.defaultStartLevel=4 -Declipse.product=org.eclipse.jdt.ls.core.product -Djava.import.generatesMetadataFilesAtProjectRoot=false -DDetectVMInstallationsJob.disabled=true -Dfile.encoding=utf8 -XX:+UseParallelGC -XX:GCTimeRatio=4 -XX:AdaptiveSizePolicyWeight=90 -Dsun.zip.disableMemoryMapping=true -Xmx1G -Xms100m -Xlog:disable -javaagent:c:\Users\ELIANA\.vscode\extensions\redhat.java-1.28.1-win32-x64\lombok\lombok-1.18.31.jar 
java_command: c:\Users\ELIANA\.vscode\extensions\redhat.java-1.28.1-win32-x64\server\plugins\org.eclipse.equinox.launcher_1.6.700.v20231214-2017.jar -configuration c:\Users\ELIANA\AppData\Roaming\Code\User\globalStorage\redhat.java\1.28.1\config_ss_win -data c:\Users\ELIANA\AppData\Roaming\Code\User\workspaceStorage\22f80c69744dfe1009ff59844c673f69\redhat.java\ss_ws --stdio
java_class_path (initial): c:\Users\ELIANA\.vscode\extensions\redhat.java-1.28.1-win32-x64\server\plugins\org.eclipse.equinox.launcher_1.6.700.v20231214-2017.jar
Launcher Type: SUN_STANDARD

[Global flags]
    uintx AdaptiveSizePolicyWeight                 = 90                                        {product} {command line}
     intx CICompilerCount                          = 4                                         {product} {ergonomic}
    uintx GCTimeRatio                              = 4                                         {product} {command line}
   size_t InitialHeapSize                          = 104857600                                 {product} {command line}
   size_t MaxHeapSize                              = 1073741824                                {product} {command line}
   size_t MaxNewSize                               = 357564416                                 {product} {ergonomic}
   size_t MinHeapDeltaBytes                        = 524288                                    {product} {ergonomic}
   size_t MinHeapSize                              = 104857600                                 {product} {command line}
   size_t NewSize                                  = 34603008                                  {product} {ergonomic}
    uintx NonNMethodCodeHeapSize                   = 5839372                                {pd product} {ergonomic}
    uintx NonProfiledCodeHeapSize                  = 122909434                              {pd product} {ergonomic}
   size_t OldSize                                  = 70254592                                  {product} {ergonomic}
    uintx ProfiledCodeHeapSize                     = 122909434                              {pd product} {ergonomic}
    uintx ReservedCodeCacheSize                    = 251658240                              {pd product} {ergonomic}
     bool SegmentedCodeCache                       = true                                      {product} {ergonomic}
   size_t SoftMaxHeapSize                          = 1073741824                             {manageable} {ergonomic}
     bool UseCompressedClassPointers               = true                           {product lp64_product} {ergonomic}
     bool UseCompressedOops                        = true                           {product lp64_product} {ergonomic}
     bool UseLargePagesIndividualAllocation        = false                                  {pd product} {ergonomic}
     bool UseParallelGC                            = true                                      {product} {command line}

Logging:
Log output configuration:
 #0: stdout all=off uptime,level,tags
 #1: stderr all=off uptime,level,tags

Environment Variables:
PATH=C:\Program Files\Common Files\Oracle\Java\javapath;C:\Windows\system32;C:\Windows;C:\Windows\System32\Wbem;C:\Windows\System32\WindowsPowerShell\v1.0\;C:\Windows\System32\OpenSSH\;C:\Program Files (x86)\NVIDIA Corporation\PhysX\Common;C:\Program Files\NVIDIA Corporation\NVIDIA NvDLISR;C:\Program Files\dotnet\;C:\WINDOWS\system32;C:\WINDOWS;C:\WINDOWS\System32\Wbem;C:\WINDOWS\System32\WindowsPowerShell\v1.0\;C:\WINDOWS\System32\OpenSSH\;C:\Program Files\Git\cmd;C:\Program Files\Git\mingw64\bin;C:\Program Files\Git\usr\bin;C:\Program Files\PowerShell\7\;C:\Users\ELIANA\AppData\Local\Programs\Python\Python312\Scripts\;C:\Users\ELIANA\AppData\Local\Programs\Python\Python312\;C:\Users\ELIANA\AppData\Local\Programs\Python\Launcher\;C:\Users\ELIANA\AppData\Local\Microsoft\WindowsApps;;C:\Users\ELIANA\AppData\Local\Programs\Microsoft VS Code\bin
USERNAME=ELIANA
OS=Windows_NT
PROCESSOR_IDENTIFIER=Intel64 Family 6 Model 165 Stepping 2, GenuineIntel
TMP=C:\Users\ELIANA\AppData\Local\Temp
TEMP=C:\Users\ELIANA\AppData\Local\Temp



Periodic native trim disabled


---------------  S Y S T E M  ---------------

OS:
 Windows 11 , 64 bit Build 22621 (10.0.22621.3085)
OS uptime: 1 days 19:36 hours
Hyper-V role detected

CPU: total 8 (initial active 8) (4 cores per cpu, 2 threads per core) family 6 model 165 stepping 2 microcode 0xe0, cx8, cmov, fxsr, ht, mmx, 3dnowpref, sse, sse2, sse3, ssse3, sse4.1, sse4.2, popcnt, lzcnt, tsc, tscinvbit, avx, avx2, aes, erms, clmul, bmi1, bmi2, adx, fma, vzeroupper, clflush, clflushopt, hv
Processor Information for all 8 processors :
  Max Mhz: 2496, Current Mhz: 1996, Mhz Limit: 2496

Memory: 4k page, system-wide physical 16221M (9223M free)
TotalPageFile size 65373M (AvailPageFile size 167M)
current process WorkingSet (physical memory assigned to process): 25M, peak: 25M
current process commit charge ("private bytes"): 180M, peak: 180M

vm_info: OpenJDK 64-Bit Server VM (17.0.10+7) for windows-amd64 JRE (17.0.10+7), built on Jan 16 2024 23:25:11 by "admin" with MS VC++ 16.10 / 16.11 (VS2019)

END.
