#
# There is insufficient memory for the Java Runtime Environment to continue.
# Native memory allocation (malloc) failed to allocate 465184 bytes for Chunk::new
# Possible reasons:
#   The system is out of physical RAM or swap space
#   The process is running with CompressedOops enabled, and the Java Heap may be blocking the growth of the native heap
# Possible solutions:
#   Reduce memory load on the system
#   Increase physical memory or swap space
#   Check if swap backing store is full
#   Decrease Java heap size (-Xmx/-Xms)
#   Decrease number of Java threads
#   Decrease Java thread stack sizes (-Xss)
#   Set larger code cache with -XX:ReservedCodeCacheSize=
#   JVM is running with Unscaled Compressed Oops mode in which the Java heap is
#     placed in the first 4GB address space. The Java Heap base address is the
#     maximum limit for the native heap growth. Please use -XX:HeapBaseMinAddress
#     to set the Java Heap base and to place the Java Heap above 4GB virtual address.
# This output file may be truncated or incomplete.
#
#  Out of Memory Error (arena.cpp:191), pid=10668, tid=13712
#
# JRE version: OpenJDK Runtime Environment Temurin-17.0.10+7 (17.0.10+7) (build 17.0.10+7)
# Java VM: OpenJDK 64-Bit Server VM Temurin-17.0.10+7 (17.0.10+7, mixed mode, tiered, compressed oops, compressed class ptrs, parallel gc, windows-amd64)
# No core dump will be written. Minidumps are not enabled by default on client versions of Windows
#

---------------  S U M M A R Y ------------

Command Line: --add-modules=ALL-SYSTEM --add-opens=java.base/java.util=ALL-UNNAMED --add-opens=java.base/java.lang=ALL-UNNAMED --add-opens=java.base/sun.nio.fs=ALL-UNNAMED -Declipse.application=org.eclipse.jdt.ls.core.id1 -Dosgi.bundles.defaultStartLevel=4 -Declipse.product=org.eclipse.jdt.ls.core.product -Djava.import.generatesMetadataFilesAtProjectRoot=false -DDetectVMInstallationsJob.disabled=true -Dfile.encoding=utf8 -XX:+UseParallelGC -XX:GCTimeRatio=4 -XX:AdaptiveSizePolicyWeight=90 -Dsun.zip.disableMemoryMapping=true -Xmx1G -Xms100m -Xlog:disable -javaagent:c:\Users\ELIANA\.vscode\extensions\redhat.java-1.28.1-win32-x64\lombok\lombok-1.18.31.jar c:\Users\ELIANA\.vscode\extensions\redhat.java-1.28.1-win32-x64\server\plugins\org.eclipse.equinox.launcher_1.6.700.v20231214-2017.jar -configuration c:\Users\ELIANA\AppData\Roaming\Code\User\globalStorage\redhat.java\1.28.1\config_ss_win -data c:\Users\ELIANA\AppData\Roaming\Code\User\workspaceStorage\22f80c69744dfe1009ff59844c673f69\redhat.java\ss_ws --stdio

Host: Intel(R) Core(TM) i5-10300H CPU @ 2.50GHz, 8 cores, 15G,  Windows 11 , 64 bit Build 22621 (10.0.22621.3085)
Time: Wed Feb 28 18:00:14 2024 Hora est. Pacífico, Sudamérica elapsed time: 1.867173 seconds (0d 0h 0m 1s)

---------------  T H R E A D  ---------------

Current thread (0x000001810521f340):  JavaThread "C2 CompilerThread1" daemon [_thread_in_native, id=13712, stack(0x000000255b600000,0x000000255b700000)]


Current CompileTask:
C2:   1867 1096       4       jdk.internal.jimage.ImageLocation::verify (218 bytes)

Stack: [0x000000255b600000,0x000000255b700000]
Native frames: (J=compiled Java code, j=interpreted, Vv=VM code, C=native code)
V  [jvm.dll+0x67d2c9]
V  [jvm.dll+0x834afa]
V  [jvm.dll+0x8365be]
V  [jvm.dll+0x836c23]
V  [jvm.dll+0x2477ff]
V  [jvm.dll+0xac514]
V  [jvm.dll+0xacb5c]
V  [jvm.dll+0x3667d7]
V  [jvm.dll+0x1bcd86]
V  [jvm.dll+0x21a049]
V  [jvm.dll+0x219311]
V  [jvm.dll+0x1a502d]
V  [jvm.dll+0x2290de]
V  [jvm.dll+0x2272ac]
V  [jvm.dll+0x7e9bb7]
V  [jvm.dll+0x7e3fba]
V  [jvm.dll+0x67c1b5]
C  [ucrtbase.dll+0x29363]
C  [KERNEL32.DLL+0x1257d]
C  [ntdll.dll+0x5aa58]


---------------  P R O C E S S  ---------------

Threads class SMR info:
_java_thread_list=0x00000181067d2690, length=13, elements={
0x00000181677c6150, 0x0000018105045020, 0x000001817b62ad30, 0x0000018105061010,
0x0000018105061ba0, 0x0000018105067700, 0x0000018105067fd0, 0x0000018105068c80,
0x00000181050e0eb0, 0x00000181050fdba0, 0x0000018167829330, 0x000001810521f340,
0x00000181062342c0
}

Java Threads: ( => current thread )
  0x00000181677c6150 JavaThread "main" [_thread_in_native, id=18512, stack(0x000000255a900000,0x000000255aa00000)]
  0x0000018105045020 JavaThread "Reference Handler" daemon [_thread_blocked, id=16564, stack(0x000000255ac00000,0x000000255ad00000)]
  0x000001817b62ad30 JavaThread "Finalizer" daemon [_thread_blocked, id=13808, stack(0x000000255ad00000,0x000000255ae00000)]
  0x0000018105061010 JavaThread "Signal Dispatcher" daemon [_thread_blocked, id=19508, stack(0x000000255ae00000,0x000000255af00000)]
  0x0000018105061ba0 JavaThread "Attach Listener" daemon [_thread_blocked, id=9680, stack(0x000000255af00000,0x000000255b000000)]
  0x0000018105067700 JavaThread "Service Thread" daemon [_thread_blocked, id=9128, stack(0x000000255b000000,0x000000255b100000)]
  0x0000018105067fd0 JavaThread "Monitor Deflation Thread" daemon [_thread_blocked, id=2368, stack(0x000000255b100000,0x000000255b200000)]
  0x0000018105068c80 JavaThread "C2 CompilerThread0" daemon [_thread_blocked, id=7500, stack(0x000000255b200000,0x000000255b300000)]
  0x00000181050e0eb0 JavaThread "C1 CompilerThread0" daemon [_thread_in_native, id=8080, stack(0x000000255b300000,0x000000255b400000)]
  0x00000181050fdba0 JavaThread "Sweeper thread" daemon [_thread_blocked, id=12112, stack(0x000000255b400000,0x000000255b500000)]
  0x0000018167829330 JavaThread "Common-Cleaner" daemon [_thread_blocked, id=5028, stack(0x000000255b500000,0x000000255b600000)]
=>0x000001810521f340 JavaThread "C2 CompilerThread1" daemon [_thread_in_native, id=13712, stack(0x000000255b600000,0x000000255b700000)]
  0x00000181062342c0 JavaThread "Notification Thread" daemon [_thread_blocked, id=14688, stack(0x000000255b700000,0x000000255b800000)]

Other Threads:
  0x000001816785ebb0 VMThread "VM Thread" [stack: 0x000000255ab00000,0x000000255ac00000] [id=1716]
  0x00000181062347a0 WatcherThread [stack: 0x000000255b800000,0x000000255b900000] [id=8140]
  0x00000181677d9af0 GCTaskThread "GC Thread#0" [stack: 0x000000255aa00000,0x000000255ab00000] [id=1740]
  0x00000181066425e0 GCTaskThread "GC Thread#1" [stack: 0x000000255b900000,0x000000255ba00000] [id=11916]
  0x000001810643f9a0 GCTaskThread "GC Thread#2" [stack: 0x000000255ba00000,0x000000255bb00000] [id=18916]
  0x000001810643fc60 GCTaskThread "GC Thread#3" [stack: 0x000000255bb00000,0x000000255bc00000] [id=11788]
  0x000001810643ff20 GCTaskThread "GC Thread#4" [stack: 0x000000255bc00000,0x000000255bd00000] [id=10696]
  0x00000181064401e0 GCTaskThread "GC Thread#5" [stack: 0x000000255bd00000,0x000000255be00000] [id=14204]
  0x00000181064404a0 GCTaskThread "GC Thread#6" [stack: 0x000000255be00000,0x000000255bf00000] [id=3768]

Threads with active compile tasks:
C1 CompilerThread0     1890 1115   !   3       sun.net.www.ParseUtil::decode (317 bytes)
C2 CompilerThread1     1890 1096       4       jdk.internal.jimage.ImageLocation::verify (218 bytes)

VM state: not at safepoint (normal execution)

VM Mutex/Monitor currently owned by a thread: None

Heap address: 0x00000000c0000000, size: 1024 MB, Compressed Oops mode: 32-bit

CDS archive(s) not mapped
Compressed class space mapped at: 0x0000000100000000-0x0000000140000000, reserved size: 1073741824
Narrow klass base: 0x0000000000000000, Narrow klass shift: 3, Narrow klass range: 0x140000000

GC Precious Log:
 CPUs: 8 total, 8 available
 Memory: 16221M
 Large Page Support: Disabled
 NUMA Support: Disabled
 Compressed Oops: Enabled (32-bit)
 Alignments: Space 512K, Generation 512K, Heap 2M
 Heap Min Capacity: 100M
 Heap Initial Capacity: 100M
 Heap Max Capacity: 1G
 Pre-touch: Disabled
 Parallel Workers: 8

Heap:
 PSYoungGen      total 29696K, used 10515K [0x00000000eab00000, 0x00000000ecc00000, 0x0000000100000000)
  eden space 25600K, 28% used [0x00000000eab00000,0x00000000eb22fce0,0x00000000ec400000)
  from space 4096K, 77% used [0x00000000ec400000,0x00000000ec715130,0x00000000ec800000)
  to   space 4096K, 0% used [0x00000000ec800000,0x00000000ec800000,0x00000000ecc00000)
 ParOldGen       total 68608K, used 16K [0x00000000c0000000, 0x00000000c4300000, 0x00000000eab00000)
  object space 68608K, 0% used [0x00000000c0000000,0x00000000c0004000,0x00000000c4300000)
 Metaspace       used 12193K, committed 12352K, reserved 1114112K
  class space    used 1197K, committed 1280K, reserved 1048576K

Card table byte_map: [0x0000018167170000,0x0000018167380000] _byte_map_base: 0x0000018166b70000

Marking Bits: (ParMarkBitMap*) 0x00007ffaf2a0d7d0
 Begin Bits: [0x0000018179440000, 0x000001817a440000)
 End Bits:   [0x000001817a440000, 0x000001817b440000)

Polling page: 0x0000018166f60000

Metaspace:

Usage:
  Non-class:     10.74 MB used.
      Class:      1.17 MB used.
       Both:     11.91 MB used.

Virtual space:
  Non-class space:       64.00 MB reserved,      10.81 MB ( 17%) committed,  1 nodes.
      Class space:        1.00 GB reserved,       1.25 MB ( <1%) committed,  1 nodes.
             Both:        1.06 GB reserved,      12.06 MB (  1%) committed. 

Chunk freelists:
   Non-Class:  4.38 MB
       Class:  14.61 MB
        Both:  18.98 MB

MaxMetaspaceSize: unlimited
CompressedClassSpaceSize: 1.00 GB
Initial GC threshold: 21.00 MB
Current GC threshold: 21.00 MB
CDS: off
MetaspaceReclaimPolicy: balanced
 - commit_granule_bytes: 65536.
 - commit_granule_words: 8192.
 - virtual_space_node_default_size: 8388608.
 - enlarge_chunks_in_place: 1.
 - new_chunks_are_fully_committed: 0.
 - uncommit_free_chunks: 1.
 - use_allocation_guard: 0.
 - handle_deallocations: 1.


Internal statistics:

num_allocs_failed_limit: 0.
num_arena_births: 30.
num_arena_deaths: 0.
num_vsnodes_births: 2.
num_vsnodes_deaths: 0.
num_space_committed: 193.
num_space_uncommitted: 0.
num_chunks_returned_to_freelist: 0.
num_chunks_taken_from_freelist: 138.
num_chunk_merges: 0.
num_chunk_splits: 95.
num_chunks_enlarged: 83.
num_inconsistent_stats: 0.

CodeHeap 'non-profiled nmethods': size=120000Kb used=451Kb max_used=451Kb free=119548Kb
 bounds [0x0000018171f10000, 0x0000018172180000, 0x0000018179440000]
CodeHeap 'profiled nmethods': size=120000Kb used=1996Kb max_used=1996Kb free=118003Kb
 bounds [0x000001816a440000, 0x000001816a6b0000, 0x0000018171970000]
CodeHeap 'non-nmethods': size=5760Kb used=1146Kb max_used=1182Kb free=4613Kb
 bounds [0x0000018171970000, 0x0000018171be0000, 0x0000018171f10000]
 total_blobs=1551 nmethods=1113 adapters=353
 compilation: enabled
              stopped_count=0, restarted_count=0
 full_count=0

Compilation events (20 events):
Event: 1.826 Thread 0x00000181050e0eb0 nmethod 1101 0x0000018171f7d510 code [0x0000018171f7d6a0, 0x0000018171f7d778]
Event: 1.834 Thread 0x00000181050e0eb0 1103       3       java.io.File::isDirectory (34 bytes)
Event: 1.835 Thread 0x00000181050e0eb0 nmethod 1103 0x000001816a62c010 code [0x000001816a62c200, 0x000001816a62c728]
Event: 1.848 Thread 0x00000181050e0eb0 1104       3       org.lombokweb.asm.ClassReader::readUtf (44 bytes)
Event: 1.849 Thread 0x00000181050e0eb0 nmethod 1104 0x000001816a62c910 code [0x000001816a62cae0, 0x000001816a62ce78]
Event: 1.849 Thread 0x00000181050e0eb0 1105       3       org.lombokweb.asm.ClassReader::readUtf (161 bytes)
Event: 1.849 Thread 0x00000181050e0eb0 nmethod 1105 0x000001816a62d010 code [0x000001816a62d1e0, 0x000001816a62d648]
Event: 1.849 Thread 0x00000181050e0eb0 1106       3       org.lombokweb.asm.ClassReader::getItem (7 bytes)
Event: 1.849 Thread 0x00000181050e0eb0 nmethod 1106 0x000001816a62d910 code [0x000001816a62daa0, 0x000001816a62dbd8]
Event: 1.849 Thread 0x00000181050e0eb0 1107       3       org.lombokweb.asm.Symbol::<init> (38 bytes)
Event: 1.850 Thread 0x00000181050e0eb0 nmethod 1107 0x000001816a62dc90 code [0x000001816a62de20, 0x000001816a62dfd8]
Event: 1.850 Thread 0x00000181050e0eb0 1108       3       org.lombokweb.asm.SymbolTable::add (39 bytes)
Event: 1.850 Thread 0x0000018105068c80 nmethod 1089 0x0000018171f7d810 code [0x0000018171f7db20, 0x0000018171f7f808]
Event: 1.850 Thread 0x00000181050e0eb0 nmethod 1108 0x000001816a62e110 code [0x000001816a62e2c0, 0x000001816a62e578]
Event: 1.850 Thread 0x0000018105068c80 1102       4       java.net.URI::match (56 bytes)
Event: 1.850 Thread 0x00000181050e0eb0 1109       3       org.lombokweb.asm.ClassReader::readUTF8 (23 bytes)
Event: 1.850 Thread 0x00000181050e0eb0 nmethod 1109 0x000001816a62e690 code [0x000001816a62e840, 0x000001816a62ea98]
Event: 1.851 Thread 0x00000181050e0eb0 1110       3       java.io.File::getAbsolutePath (8 bytes)
Event: 1.851 Thread 0x00000181050e0eb0 nmethod 1110 0x000001816a62eb90 code [0x000001816a62ed40, 0x000001816a62eea8]
Event: 1.851 Thread 0x0000018105068c80 nmethod 1102 0x0000018171f80810 code [0x0000018171f80980, 0x0000018171f80a58]

GC Heap History (2 events):
Event: 1.599 GC heap before
{Heap before GC invocations=1 (full 0):
 PSYoungGen      total 29696K, used 25600K [0x00000000eab00000, 0x00000000ecc00000, 0x0000000100000000)
  eden space 25600K, 100% used [0x00000000eab00000,0x00000000ec400000,0x00000000ec400000)
  from space 4096K, 0% used [0x00000000ec800000,0x00000000ec800000,0x00000000ecc00000)
  to   space 4096K, 0% used [0x00000000ec400000,0x00000000ec400000,0x00000000ec800000)
 ParOldGen       total 68608K, used 0K [0x00000000c0000000, 0x00000000c4300000, 0x00000000eab00000)
  object space 68608K, 0% used [0x00000000c0000000,0x00000000c0000000,0x00000000c4300000)
 Metaspace       used 11015K, committed 11200K, reserved 1114112K
  class space    used 1098K, committed 1216K, reserved 1048576K
}
Event: 1.607 GC heap after
{Heap after GC invocations=1 (full 0):
 PSYoungGen      total 29696K, used 3156K [0x00000000eab00000, 0x00000000ecc00000, 0x0000000100000000)
  eden space 25600K, 0% used [0x00000000eab00000,0x00000000eab00000,0x00000000ec400000)
  from space 4096K, 77% used [0x00000000ec400000,0x00000000ec715130,0x00000000ec800000)
  to   space 4096K, 0% used [0x00000000ec800000,0x00000000ec800000,0x00000000ecc00000)
 ParOldGen       total 68608K, used 16K [0x00000000c0000000, 0x00000000c4300000, 0x00000000eab00000)
  object space 68608K, 0% used [0x00000000c0000000,0x00000000c0004000,0x00000000c4300000)
 Metaspace       used 11015K, committed 11200K, reserved 1114112K
  class space    used 1098K, committed 1216K, reserved 1048576K
}

Dll operation events (8 events):
Event: 0.018 Loaded shared library c:\Users\ELIANA\.vscode\extensions\redhat.java-1.28.1-win32-x64\jre\17.0.10-win32-x86_64\bin\java.dll
Event: 0.280 Loaded shared library c:\Users\ELIANA\.vscode\extensions\redhat.java-1.28.1-win32-x64\jre\17.0.10-win32-x86_64\bin\zip.dll
Event: 0.284 Loaded shared library C:\Users\ELIANA\.vscode\extensions\redhat.java-1.28.1-win32-x64\jre\17.0.10-win32-x86_64\bin\instrument.dll
Event: 0.305 Loaded shared library C:\Users\ELIANA\.vscode\extensions\redhat.java-1.28.1-win32-x64\jre\17.0.10-win32-x86_64\bin\net.dll
Event: 0.310 Loaded shared library C:\Users\ELIANA\.vscode\extensions\redhat.java-1.28.1-win32-x64\jre\17.0.10-win32-x86_64\bin\nio.dll
Event: 0.322 Loaded shared library C:\Users\ELIANA\.vscode\extensions\redhat.java-1.28.1-win32-x64\jre\17.0.10-win32-x86_64\bin\zip.dll
Event: 0.345 Loaded shared library C:\Users\ELIANA\.vscode\extensions\redhat.java-1.28.1-win32-x64\jre\17.0.10-win32-x86_64\bin\jimage.dll
Event: 0.455 Loaded shared library c:\Users\ELIANA\.vscode\extensions\redhat.java-1.28.1-win32-x64\jre\17.0.10-win32-x86_64\bin\verify.dll

Deoptimization events (20 events):
Event: 1.508 Thread 0x00000181677c6150 Uncommon trap: trap_request=0xffffff45 fr.pc=0x0000018171f59518 relative=0x0000000000000098
Event: 1.508 Thread 0x00000181677c6150 Uncommon trap: reason=unstable_if action=reinterpret pc=0x0000018171f59518 method=java.util.HashMap.hash(Ljava/lang/Object;)I @ 1 c2
Event: 1.508 Thread 0x00000181677c6150 DEOPT PACKING pc=0x0000018171f59518 sp=0x000000255a9fe1e0
Event: 1.508 Thread 0x00000181677c6150 DEOPT UNPACKING pc=0x00000181719c66a3 sp=0x000000255a9fe178 mode 2
Event: 1.773 Thread 0x00000181677c6150 Uncommon trap: trap_request=0xffffff45 fr.pc=0x0000018171f4e2ec relative=0x000000000000112c
Event: 1.773 Thread 0x00000181677c6150 Uncommon trap: reason=unstable_if action=reinterpret pc=0x0000018171f4e2ec method=lombok.patcher.PatchScript.classMatches(Ljava/lang/String;Ljava/util/Collection;)Z @ 25 c2
Event: 1.773 Thread 0x00000181677c6150 DEOPT PACKING pc=0x0000018171f4e2ec sp=0x000000255a9f8500
Event: 1.773 Thread 0x00000181677c6150 DEOPT UNPACKING pc=0x00000181719c66a3 sp=0x000000255a9f8468 mode 2
Event: 1.773 Thread 0x00000181677c6150 Uncommon trap: trap_request=0xffffff45 fr.pc=0x0000018171f67c98 relative=0x0000000000000478
Event: 1.773 Thread 0x00000181677c6150 Uncommon trap: reason=unstable_if action=reinterpret pc=0x0000018171f67c98 method=java.lang.String.<init>([BIILjava/nio/charset/Charset;)V @ 47 c2
Event: 1.773 Thread 0x00000181677c6150 DEOPT PACKING pc=0x0000018171f67c98 sp=0x000000255a9f78d0
Event: 1.773 Thread 0x00000181677c6150 DEOPT UNPACKING pc=0x00000181719c66a3 sp=0x000000255a9f7888 mode 2
Event: 1.776 Thread 0x00000181677c6150 DEOPT PACKING pc=0x000001816a4b1dc5 sp=0x000000255a9f79a0
Event: 1.776 Thread 0x00000181677c6150 DEOPT UNPACKING pc=0x00000181719c6e43 sp=0x000000255a9f6e50 mode 0
Event: 1.812 Thread 0x00000181677c6150 DEOPT PACKING pc=0x000001816a4b1dc5 sp=0x000000255a9f3d80
Event: 1.812 Thread 0x00000181677c6150 DEOPT UNPACKING pc=0x00000181719c6e43 sp=0x000000255a9f3230 mode 0
Event: 1.824 Thread 0x00000181677c6150 DEOPT PACKING pc=0x000001816a4b1dc5 sp=0x000000255a9f3d80
Event: 1.824 Thread 0x00000181677c6150 DEOPT UNPACKING pc=0x00000181719c6e43 sp=0x000000255a9f3230 mode 0
Event: 1.830 Thread 0x00000181677c6150 DEOPT PACKING pc=0x000001816a4b1dc5 sp=0x000000255a9f3d80
Event: 1.830 Thread 0x00000181677c6150 DEOPT UNPACKING pc=0x00000181719c6e43 sp=0x000000255a9f3230 mode 0

Classes unloaded (0 events):
No events

Classes redefined (0 events):
No events

Internal exceptions (20 events):
Event: 0.979 Thread 0x00000181677c6150 Exception <a 'java/io/FileNotFoundException'{0x00000000eb8745b8}> (0x00000000eb8745b8) 
thrown [s\src\hotspot\share\prims\jni.cpp, line 516]
Event: 0.979 Thread 0x00000181677c6150 Exception <a 'java/io/FileNotFoundException'{0x00000000eb8752e0}> (0x00000000eb8752e0) 
thrown [s\src\hotspot\share\prims\jni.cpp, line 516]
Event: 0.985 Thread 0x00000181677c6150 Exception <a 'java/io/FileNotFoundException'{0x00000000eb875fd8}> (0x00000000eb875fd8) 
thrown [s\src\hotspot\share\prims\jni.cpp, line 516]
Event: 1.012 Thread 0x00000181677c6150 Implicit null exception at 0x0000018171f32572 to 0x0000018171f32ac0
Event: 1.018 Thread 0x00000181677c6150 Exception <a 'java/io/FileNotFoundException'{0x00000000eb8b0bf0}> (0x00000000eb8b0bf0) 
thrown [s\src\hotspot\share\prims\jni.cpp, line 516]
Event: 1.429 Thread 0x00000181677c6150 Exception <a 'java/lang/ClassNotFoundException'{0x00000000ec0b82f0}: sun/net/www/protocol/c/Handler> (0x00000000ec0b82f0) 
thrown [s\src\hotspot\share\classfile\systemDictionary.cpp, line 256]
Event: 1.429 Thread 0x00000181677c6150 Exception <a 'java/lang/ClassNotFoundException'{0x00000000ec0b9630}: sun/net/www/protocol/c/Handler> (0x00000000ec0b9630) 
thrown [s\src\hotspot\share\classfile\systemDictionary.cpp, line 256]
Event: 1.430 Thread 0x00000181677c6150 Exception <a 'java/lang/ClassNotFoundException'{0x00000000ec0ba7a8}: sun/net/www/protocol/c/Handler> (0x00000000ec0ba7a8) 
thrown [s\src\hotspot\share\classfile\systemDictionary.cpp, line 256]
Event: 1.444 Thread 0x00000181677c6150 Exception <a 'java/io/FileNotFoundException'{0x00000000ec0ddb70}> (0x00000000ec0ddb70) 
thrown [s\src\hotspot\share\prims\jni.cpp, line 516]
Event: 1.507 Thread 0x00000181677c6150 Implicit null exception at 0x0000018171f58240 to 0x0000018171f58ba4
Event: 1.508 Thread 0x00000181677c6150 Implicit null exception at 0x0000018171f6576c to 0x0000018171f65964
Event: 1.508 Thread 0x00000181677c6150 Implicit null exception at 0x0000018171f650ec to 0x0000018171f652d4
Event: 1.508 Thread 0x00000181677c6150 Implicit null exception at 0x0000018171f5948f to 0x0000018171f59509
Event: 1.578 Thread 0x00000181677c6150 Exception <a 'java/lang/NoSuchMethodError'{0x00000000ec3b3638}: 'int java.lang.invoke.DirectMethodHandle$Holder.invokeStaticInit(java.lang.Object, java.lang.Object, java.lang.Object, java.lang.Object)'> (0x00000000ec3b3638) 
thrown [s\src\hotspot\share\interpreter\linkResolver.cpp, line 759]
Event: 1.581 Thread 0x00000181677c6150 Exception <a 'java/lang/NoSuchMethodError'{0x00000000ec3bdca8}: 'java.lang.Object java.lang.invoke.DirectMethodHandle$Holder.invokeInterface(java.lang.Object, java.lang.Object)'> (0x00000000ec3bdca8) 
thrown [s\src\hotspot\share\interpreter\linkResolver.cpp, line 759]
Event: 1.582 Thread 0x00000181677c6150 Exception <a 'java/lang/IncompatibleClassChangeError'{0x00000000ec3c14a0}: Found class java.lang.Object, but interface was expected> (0x00000000ec3c14a0) 
thrown [s\src\hotspot\share\interpreter\linkResolver.cpp, line 826]
Event: 1.583 Thread 0x00000181677c6150 Exception <a 'java/lang/NoSuchMethodError'{0x00000000ec3c5990}: 'void java.lang.invoke.DirectMethodHandle$Holder.invokeStatic(java.lang.Object, java.lang.Object)'> (0x00000000ec3c5990) 
thrown [s\src\hotspot\share\interpreter\linkResolver.cpp, line 759]
Event: 1.584 Thread 0x00000181677c6150 Exception <a 'java/lang/NoSuchMethodError'{0x00000000ec3c9190}: 'void java.lang.invoke.DirectMethodHandle$Holder.invokeStaticInit(java.lang.Object, java.lang.Object)'> (0x00000000ec3c9190) 
thrown [s\src\hotspot\share\interpreter\linkResolver.cpp, line 759]
Event: 1.586 Thread 0x00000181677c6150 Exception <a 'java/lang/NoSuchMethodError'{0x00000000ec3d05c0}: 'int java.lang.invoke.DirectMethodHandle$Holder.invokeStaticInit(java.lang.Object, java.lang.Object)'> (0x00000000ec3d05c0) 
thrown [s\src\hotspot\share\interpreter\linkResolver.cpp, line 759]
Event: 1.670 Thread 0x00000181677c6150 Exception <a 'java/lang/NoSuchMethodError'{0x00000000eabfa850}: 'void java.lang.invoke.DirectMethodHandle$Holder.invokeSpecial(java.lang.Object, java.lang.Object, java.lang.Object)'> (0x00000000eabfa850) 
thrown [s\src\hotspot\share\interpreter\linkResolver.cpp, line 759]

VM Operations (12 events):
Event: 0.250 Executing VM operation: HandshakeAllThreads
Event: 0.250 Executing VM operation: HandshakeAllThreads done
Event: 0.370 Executing VM operation: HandshakeAllThreads
Event: 0.370 Executing VM operation: HandshakeAllThreads done
Event: 0.929 Executing VM operation: HandshakeAllThreads
Event: 0.929 Executing VM operation: HandshakeAllThreads done
Event: 0.955 Executing VM operation: HandshakeAllThreads
Event: 0.955 Executing VM operation: HandshakeAllThreads done
Event: 1.453 Executing VM operation: ICBufferFull
Event: 1.453 Executing VM operation: ICBufferFull done
Event: 1.599 Executing VM operation: ParallelGCFailedAllocation
Event: 1.607 Executing VM operation: ParallelGCFailedAllocation done

Events (20 events):
Event: 1.726 loading class java/util/concurrent/Semaphore$NonfairSync
Event: 1.727 loading class java/util/concurrent/Semaphore$Sync
Event: 1.727 loading class java/util/concurrent/Semaphore$Sync done
Event: 1.727 loading class java/util/concurrent/Semaphore$NonfairSync done
Event: 1.765 loading class java/security/InvalidKeyException
Event: 1.765 loading class java/security/KeyException
Event: 1.765 loading class java/security/GeneralSecurityException
Event: 1.765 loading class java/security/GeneralSecurityException done
Event: 1.765 loading class java/security/KeyException done
Event: 1.765 loading class java/security/InvalidKeyException done
Event: 1.765 loading class java/security/SignatureException
Event: 1.765 loading class java/security/SignatureException done
Event: 1.765 loading class java/security/cert/CertificateException
Event: 1.766 loading class java/security/cert/CertificateException done
Event: 1.766 loading class java/security/NoSuchAlgorithmException
Event: 1.766 loading class java/security/NoSuchAlgorithmException done
Event: 1.766 loading class java/security/NoSuchProviderException
Event: 1.766 loading class java/security/NoSuchProviderException done
Event: 1.804 loading class java/lang/TypeNotPresentException
Event: 1.804 loading class java/lang/TypeNotPresentException done


Dynamic libraries:
0x00007ff75b5a0000 - 0x00007ff75b5ae000 	c:\Users\ELIANA\.vscode\extensions\redhat.java-1.28.1-win32-x64\jre\17.0.10-win32-x86_64\bin\java.exe
0x00007ffb64110000 - 0x00007ffb64327000 	C:\WINDOWS\SYSTEM32\ntdll.dll
0x00007ffb62050000 - 0x00007ffb62114000 	C:\WINDOWS\System32\KERNEL32.DLL
0x00007ffb61630000 - 0x00007ffb619d6000 	C:\WINDOWS\System32\KERNELBASE.dll
0x00007ffb5e500000 - 0x00007ffb5e597000 	C:\WINDOWS\SYSTEM32\apphelp.dll
0x00007ffb61a10000 - 0x00007ffb61b21000 	C:\WINDOWS\System32\ucrtbase.dll
0x00007ffb5a700000 - 0x00007ffb5a717000 	c:\Users\ELIANA\.vscode\extensions\redhat.java-1.28.1-win32-x64\jre\17.0.10-win32-x86_64\bin\jli.dll
0x00007ffb62b20000 - 0x00007ffb62cce000 	C:\WINDOWS\System32\USER32.dll
0x00007ffb619e0000 - 0x00007ffb61a06000 	C:\WINDOWS\System32\win32u.dll
0x00007ffb628b0000 - 0x00007ffb628d9000 	C:\WINDOWS\System32\GDI32.dll
0x00007ffb61450000 - 0x00007ffb61568000 	C:\WINDOWS\System32\gdi32full.dll
0x00007ffb61ca0000 - 0x00007ffb61d3a000 	C:\WINDOWS\System32\msvcp_win.dll
0x00007ffb4fe90000 - 0x00007ffb4feab000 	c:\Users\ELIANA\.vscode\extensions\redhat.java-1.28.1-win32-x64\jre\17.0.10-win32-x86_64\bin\VCRUNTIME140.dll
0x00007ffb51fb0000 - 0x00007ffb52243000 	C:\WINDOWS\WinSxS\amd64_microsoft.windows.common-controls_6595b64144ccf1df_6.0.22621.2506_none_270c5ae97388e100\COMCTL32.dll
0x00007ffb63400000 - 0x00007ffb634a7000 	C:\WINDOWS\System32\msvcrt.dll
0x00007ffb62cd0000 - 0x00007ffb62d01000 	C:\WINDOWS\System32\IMM32.DLL
0x00007ffb5caf0000 - 0x00007ffb5cafc000 	c:\Users\ELIANA\.vscode\extensions\redhat.java-1.28.1-win32-x64\jre\17.0.10-win32-x86_64\bin\vcruntime140_1.dll
0x00007ffb4cd00000 - 0x00007ffb4cd8d000 	c:\Users\ELIANA\.vscode\extensions\redhat.java-1.28.1-win32-x64\jre\17.0.10-win32-x86_64\bin\msvcp140.dll
0x00007ffaf1e70000 - 0x00007ffaf2ad2000 	c:\Users\ELIANA\.vscode\extensions\redhat.java-1.28.1-win32-x64\jre\17.0.10-win32-x86_64\bin\server\jvm.dll
0x00007ffb631c0000 - 0x00007ffb63273000 	C:\WINDOWS\System32\ADVAPI32.dll
0x00007ffb627a0000 - 0x00007ffb62848000 	C:\WINDOWS\System32\sechost.dll
0x00007ffb61dc0000 - 0x00007ffb61de8000 	C:\WINDOWS\System32\bcrypt.dll
0x00007ffb63fb0000 - 0x00007ffb640c7000 	C:\WINDOWS\System32\RPCRT4.dll
0x00007ffb602a0000 - 0x00007ffb602ed000 	C:\WINDOWS\SYSTEM32\POWRPROF.dll
0x00007ffb5c480000 - 0x00007ffb5c489000 	C:\WINDOWS\SYSTEM32\WSOCK32.dll
0x00007ffb62d20000 - 0x00007ffb62d91000 	C:\WINDOWS\System32\WS2_32.dll
0x00007ffb59030000 - 0x00007ffb59064000 	C:\WINDOWS\SYSTEM32\WINMM.dll
0x00007ffb534f0000 - 0x00007ffb534fa000 	C:\WINDOWS\SYSTEM32\VERSION.dll
0x00007ffb60280000 - 0x00007ffb60293000 	C:\WINDOWS\SYSTEM32\UMPDC.dll
0x00007ffb60540000 - 0x00007ffb60558000 	C:\WINDOWS\SYSTEM32\kernel.appcore.dll
0x00007ffb591f0000 - 0x00007ffb591fa000 	c:\Users\ELIANA\.vscode\extensions\redhat.java-1.28.1-win32-x64\jre\17.0.10-win32-x86_64\bin\jimage.dll
0x00007ffb5eac0000 - 0x00007ffb5ecf3000 	C:\WINDOWS\SYSTEM32\DBGHELP.DLL
0x00007ffb62da0000 - 0x00007ffb63129000 	C:\WINDOWS\System32\combase.dll
0x00007ffb62a40000 - 0x00007ffb62b17000 	C:\WINDOWS\System32\OLEAUT32.dll
0x00007ffb3be90000 - 0x00007ffb3bec2000 	C:\WINDOWS\SYSTEM32\dbgcore.DLL
0x00007ffb61d40000 - 0x00007ffb61dba000 	C:\WINDOWS\System32\bcryptPrimitives.dll
0x00007ffb52990000 - 0x00007ffb5299e000 	c:\Users\ELIANA\.vscode\extensions\redhat.java-1.28.1-win32-x64\jre\17.0.10-win32-x86_64\bin\instrument.dll
0x00007ffb4fe60000 - 0x00007ffb4fe85000 	c:\Users\ELIANA\.vscode\extensions\redhat.java-1.28.1-win32-x64\jre\17.0.10-win32-x86_64\bin\java.dll
0x00007ffb4fe40000 - 0x00007ffb4fe58000 	c:\Users\ELIANA\.vscode\extensions\redhat.java-1.28.1-win32-x64\jre\17.0.10-win32-x86_64\bin\zip.dll
0x00007ffb63630000 - 0x00007ffb63e8b000 	C:\WINDOWS\System32\SHELL32.dll
0x00007ffb5f370000 - 0x00007ffb5fc66000 	C:\WINDOWS\SYSTEM32\windows.storage.dll
0x00007ffb5f230000 - 0x00007ffb5f36e000 	C:\WINDOWS\SYSTEM32\wintypes.dll
0x00007ffb634b0000 - 0x00007ffb635a3000 	C:\WINDOWS\System32\SHCORE.dll
0x00007ffb63290000 - 0x00007ffb632ee000 	C:\WINDOWS\System32\shlwapi.dll
0x00007ffb61380000 - 0x00007ffb613a6000 	C:\WINDOWS\SYSTEM32\profapi.dll
0x00007ffb4fbe0000 - 0x00007ffb4fbf9000 	C:\Users\ELIANA\.vscode\extensions\redhat.java-1.28.1-win32-x64\jre\17.0.10-win32-x86_64\bin\net.dll
0x00007ffb5a4d0000 - 0x00007ffb5a607000 	C:\WINDOWS\SYSTEM32\WINHTTP.dll
0x00007ffb609c0000 - 0x00007ffb60a29000 	C:\WINDOWS\system32\mswsock.dll
0x00007ffb4fbc0000 - 0x00007ffb4fbd6000 	C:\Users\ELIANA\.vscode\extensions\redhat.java-1.28.1-win32-x64\jre\17.0.10-win32-x86_64\bin\nio.dll
0x00007ffb4fe30000 - 0x00007ffb4fe40000 	c:\Users\ELIANA\.vscode\extensions\redhat.java-1.28.1-win32-x64\jre\17.0.10-win32-x86_64\bin\verify.dll

dbghelp: loaded successfully - version: 4.0.5 - missing functions: none
symbol engine: initialized successfully - sym options: 0x614 - pdb path: .;c:\Users\ELIANA\.vscode\extensions\redhat.java-1.28.1-win32-x64\jre\17.0.10-win32-x86_64\bin;C:\WINDOWS\SYSTEM32;C:\WINDOWS\WinSxS\amd64_microsoft.windows.common-controls_6595b64144ccf1df_6.0.22621.2506_none_270c5ae97388e100;c:\Users\ELIANA\.vscode\extensions\redhat.java-1.28.1-win32-x64\jre\17.0.10-win32-x86_64\bin\server

VM Arguments:
jvm_args: --add-modules=ALL-SYSTEM --add-opens=java.base/java.util=ALL-UNNAMED --add-opens=java.base/java.lang=ALL-UNNAMED --add-opens=java.base/sun.nio.fs=ALL-UNNAMED -Declipse.application=org.eclipse.jdt.ls.core.id1 -Dosgi.bundles.defaultStartLevel=4 -Declipse.product=org.eclipse.jdt.ls.core.product -Djava.import.generatesMetadataFilesAtProjectRoot=false -DDetectVMInstallationsJob.disabled=true -Dfile.encoding=utf8 -XX:+UseParallelGC -XX:GCTimeRatio=4 -XX:AdaptiveSizePolicyWeight=90 -Dsun.zip.disableMemoryMapping=true -Xmx1G -Xms100m -Xlog:disable -javaagent:c:\Users\ELIANA\.vscode\extensions\redhat.java-1.28.1-win32-x64\lombok\lombok-1.18.31.jar 
java_command: c:\Users\ELIANA\.vscode\extensions\redhat.java-1.28.1-win32-x64\server\plugins\org.eclipse.equinox.launcher_1.6.700.v20231214-2017.jar -configuration c:\Users\ELIANA\AppData\Roaming\Code\User\globalStorage\redhat.java\1.28.1\config_ss_win -data c:\Users\ELIANA\AppData\Roaming\Code\User\workspaceStorage\22f80c69744dfe1009ff59844c673f69\redhat.java\ss_ws --stdio
java_class_path (initial): c:\Users\ELIANA\.vscode\extensions\redhat.java-1.28.1-win32-x64\server\plugins\org.eclipse.equinox.launcher_1.6.700.v20231214-2017.jar
Launcher Type: SUN_STANDARD

[Global flags]
    uintx AdaptiveSizePolicyWeight                 = 90                                        {product} {command line}
     intx CICompilerCount                          = 4                                         {product} {ergonomic}
    uintx GCTimeRatio                              = 4                                         {product} {command line}
   size_t InitialHeapSize                          = 104857600                                 {product} {command line}
   size_t MaxHeapSize                              = 1073741824                                {product} {command line}
   size_t MaxNewSize                               = 357564416                                 {product} {ergonomic}
   size_t MinHeapDeltaBytes                        = 524288                                    {product} {ergonomic}
   size_t MinHeapSize                              = 104857600                                 {product} {command line}
   size_t NewSize                                  = 34603008                                  {product} {ergonomic}
    uintx NonNMethodCodeHeapSize                   = 5839372                                {pd product} {ergonomic}
    uintx NonProfiledCodeHeapSize                  = 122909434                              {pd product} {ergonomic}
   size_t OldSize                                  = 70254592                                  {product} {ergonomic}
    uintx ProfiledCodeHeapSize                     = 122909434                              {pd product} {ergonomic}
    uintx ReservedCodeCacheSize                    = 251658240                              {pd product} {ergonomic}
     bool SegmentedCodeCache                       = true                                      {product} {ergonomic}
   size_t SoftMaxHeapSize                          = 1073741824                             {manageable} {ergonomic}
     bool UseCompressedClassPointers               = true                           {product lp64_product} {ergonomic}
     bool UseCompressedOops                        = true                           {product lp64_product} {ergonomic}
     bool UseLargePagesIndividualAllocation        = false                                  {pd product} {ergonomic}
     bool UseParallelGC                            = true                                      {product} {command line}

Logging:
Log output configuration:
 #0: stdout all=off uptime,level,tags
 #1: stderr all=off uptime,level,tags

Environment Variables:
PATH=C:\Program Files\Common Files\Oracle\Java\javapath;C:\Windows\system32;C:\Windows;C:\Windows\System32\Wbem;C:\Windows\System32\WindowsPowerShell\v1.0\;C:\Windows\System32\OpenSSH\;C:\Program Files (x86)\NVIDIA Corporation\PhysX\Common;C:\Program Files\NVIDIA Corporation\NVIDIA NvDLISR;C:\Program Files\dotnet\;C:\WINDOWS\system32;C:\WINDOWS;C:\WINDOWS\System32\Wbem;C:\WINDOWS\System32\WindowsPowerShell\v1.0\;C:\WINDOWS\System32\OpenSSH\;C:\Program Files\Git\cmd;C:\Program Files\Git\mingw64\bin;C:\Program Files\Git\usr\bin;C:\Program Files\PowerShell\7\;C:\Users\ELIANA\AppData\Local\Programs\Python\Python312\Scripts\;C:\Users\ELIANA\AppData\Local\Programs\Python\Python312\;C:\Users\ELIANA\AppData\Local\Programs\Python\Launcher\;C:\Users\ELIANA\AppData\Local\Microsoft\WindowsApps;;C:\Users\ELIANA\AppData\Local\Programs\Microsoft VS Code\bin
USERNAME=ELIANA
OS=Windows_NT
PROCESSOR_IDENTIFIER=Intel64 Family 6 Model 165 Stepping 2, GenuineIntel
TMP=C:\Users\ELIANA\AppData\Local\Temp
TEMP=C:\Users\ELIANA\AppData\Local\Temp



Periodic native trim disabled


---------------  S Y S T E M  ---------------

OS:
 Windows 11 , 64 bit Build 22621 (10.0.22621.3085)
OS uptime: 1 days 19:36 hours
Hyper-V role detected

CPU: total 8 (initial active 8) (4 cores per cpu, 2 threads per core) family 6 model 165 stepping 2 microcode 0xe0, cx8, cmov, fxsr, ht, mmx, 3dnowpref, sse, sse2, sse3, ssse3, sse4.1, sse4.2, popcnt, lzcnt, tsc, tscinvbit, avx, avx2, aes, erms, clmul, bmi1, bmi2, adx, fma, vzeroupper, clflush, clflushopt, hv
Processor Information for all 8 processors :
  Max Mhz: 2496, Current Mhz: 1996, Mhz Limit: 2496

Memory: 4k page, system-wide physical 16221M (9167M free)
TotalPageFile size 65373M (AvailPageFile size 5M)
current process WorkingSet (physical memory assigned to process): 82M, peak: 83M
current process commit charge ("private bytes"): 202M, peak: 203M

vm_info: OpenJDK 64-Bit Server VM (17.0.10+7) for windows-amd64 JRE (17.0.10+7), built on Jan 16 2024 23:25:11 by "admin" with MS VC++ 16.10 / 16.11 (VS2019)

END.
